{"/Users/miguelzepeda/Projects/TheMatch/app/+html.tsx": {"path":"/Users/miguelzepeda/Projects/TheMatch/app/+html.tsx","statementMap":{"0":{"start":{"line":11,"column":2},"end":{"line":36,"column":4}},"1":{"start":{"line":39,"column":29},"end":{"line":47,"column":2}}},"fnMap":{"0":{"name":"Root","decl":{"start":{"line":10,"column":24},"end":{"line":10,"column":28}},"loc":{"start":{"line":10,"column":74},"end":{"line":37,"column":1}},"line":10}},"branchMap":{},"s":{"0":0,"1":0},"f":{"0":0},"b":{}}
,"/Users/miguelzepeda/Projects/TheMatch/app/+not-found.tsx": {"path":"/Users/miguelzepeda/Projects/TheMatch/app/+not-found.tsx","statementMap":{"0":{"start":{"line":7,"column":2},"end":{"line":17,"column":4}}},"fnMap":{"0":{"name":"NotFoundScreen","decl":{"start":{"line":6,"column":24},"end":{"line":6,"column":38}},"loc":{"start":{"line":6,"column":41},"end":{"line":18,"column":1}},"line":6}},"branchMap":{},"s":{"0":0},"f":{"0":0},"b":{}}
,"/Users/miguelzepeda/Projects/TheMatch/app/_layout.tsx": {"path":"/Users/miguelzepeda/Projects/TheMatch/app/_layout.tsx","statementMap":{"0":{"start":{"line":23,"column":0},"end":{"line":23,"column":19}},"1":{"start":{"line":25,"column":0},"end":{"line":25,"column":36}},"2":{"start":{"line":28,"column":26},"end":{"line":31,"column":4}},"3":{"start":{"line":33,"column":2},"end":{"line":35,"column":14}},"4":{"start":{"line":34,"column":4},"end":{"line":34,"column":27}},"5":{"start":{"line":34,"column":15},"end":{"line":34,"column":27}},"6":{"start":{"line":37,"column":2},"end":{"line":41,"column":15}},"7":{"start":{"line":38,"column":4},"end":{"line":40,"column":5}},"8":{"start":{"line":39,"column":6},"end":{"line":39,"column":31}},"9":{"start":{"line":43,"column":2},"end":{"line":45,"column":3}},"10":{"start":{"line":44,"column":4},"end":{"line":44,"column":16}},"11":{"start":{"line":47,"column":2},"end":{"line":47,"column":27}},"12":{"start":{"line":51,"column":28},"end":{"line":51,"column":44}},"13":{"start":{"line":54,"column":38},"end":{"line":54,"column":85}},"14":{"start":{"line":56,"column":2},"end":{"line":69,"column":4}}},"fnMap":{"0":{"name":"RootLayout","decl":{"start":{"line":27,"column":24},"end":{"line":27,"column":34}},"loc":{"start":{"line":27,"column":37},"end":{"line":48,"column":1}},"line":27},"1":{"name":"(anonymous_1)","decl":{"start":{"line":33,"column":12},"end":{"line":33,"column":13}},"loc":{"start":{"line":33,"column":18},"end":{"line":35,"column":3}},"line":33},"2":{"name":"(anonymous_2)","decl":{"start":{"line":37,"column":12},"end":{"line":37,"column":13}},"loc":{"start":{"line":37,"column":18},"end":{"line":41,"column":3}},"line":37},"3":{"name":"RootLayoutNav","decl":{"start":{"line":50,"column":9},"end":{"line":50,"column":22}},"loc":{"start":{"line":50,"column":25},"end":{"line":70,"column":1}},"line":50}},"branchMap":{"0":{"loc":{"start":{"line":34,"column":4},"end":{"line":34,"column":27}},"type":"if","locations":[{"start":{"line":34,"column":4},"end":{"line":34,"column":27}},{"start":{},"end":{}}],"line":34},"1":{"loc":{"start":{"line":38,"column":4},"end":{"line":40,"column":5}},"type":"if","locations":[{"start":{"line":38,"column":4},"end":{"line":40,"column":5}},{"start":{},"end":{}}],"line":38},"2":{"loc":{"start":{"line":43,"column":2},"end":{"line":45,"column":3}},"type":"if","locations":[{"start":{"line":43,"column":2},"end":{"line":45,"column":3}},{"start":{},"end":{}}],"line":43},"3":{"loc":{"start":{"line":54,"column":38},"end":{"line":54,"column":85}},"type":"cond-expr","locations":[{"start":{"line":54,"column":69},"end":{"line":54,"column":75}},{"start":{"line":54,"column":78},"end":{"line":54,"column":85}}],"line":54},"4":{"loc":{"start":{"line":60,"column":32},"end":{"line":60,"column":79}},"type":"cond-expr","locations":[{"start":{"line":60,"column":55},"end":{"line":60,"column":64}},{"start":{"line":60,"column":67},"end":{"line":60,"column":79}}],"line":60}},"s":{"0":0,"1":0,"2":0,"3":0,"4":0,"5":0,"6":0,"7":0,"8":0,"9":0,"10":0,"11":0,"12":0,"13":0,"14":0},"f":{"0":0,"1":0,"2":0,"3":0},"b":{"0":[0,0],"1":[0,0],"2":[0,0],"3":[0,0],"4":[0,0]}}
,"/Users/miguelzepeda/Projects/TheMatch/app/index.tsx": {"path":"/Users/miguelzepeda/Projects/TheMatch/app/index.tsx","statementMap":{"0":{"start":{"line":10,"column":17},"end":{"line":10,"column":28}},"1":{"start":{"line":11,"column":22},"end":{"line":11,"column":38}},"2":{"start":{"line":13,"column":21},"end":{"line":15,"column":51}},"3":{"start":{"line":17,"column":2},"end":{"line":37,"column":4}},"4":{"start":{"line":31,"column":25},"end":{"line":31,"column":55}}},"fnMap":{"0":{"name":"Home","decl":{"start":{"line":9,"column":24},"end":{"line":9,"column":28}},"loc":{"start":{"line":9,"column":31},"end":{"line":38,"column":1}},"line":9},"1":{"name":"(anonymous_1)","decl":{"start":{"line":31,"column":19},"end":{"line":31,"column":20}},"loc":{"start":{"line":31,"column":25},"end":{"line":31,"column":55}},"line":31}},"branchMap":{"0":{"loc":{"start":{"line":13,"column":21},"end":{"line":15,"column":51}},"type":"cond-expr","locations":[{"start":{"line":14,"column":6},"end":{"line":14,"column":50}},{"start":{"line":15,"column":6},"end":{"line":15,"column":51}}],"line":13}},"s":{"0":0,"1":0,"2":0,"3":0,"4":0},"f":{"0":0,"1":0},"b":{"0":[0,0]}}
,"/Users/miguelzepeda/Projects/TheMatch/app/modal.tsx": {"path":"/Users/miguelzepeda/Projects/TheMatch/app/modal.tsx","statementMap":{"0":{"start":{"line":9,"column":2},"end":{"line":18,"column":4}}},"fnMap":{"0":{"name":"ModalScreen","decl":{"start":{"line":8,"column":24},"end":{"line":8,"column":35}},"loc":{"start":{"line":8,"column":38},"end":{"line":19,"column":1}},"line":8}},"branchMap":{"0":{"loc":{"start":{"line":16,"column":24},"end":{"line":16,"column":64}},"type":"cond-expr","locations":[{"start":{"line":16,"column":48},"end":{"line":16,"column":55}},{"start":{"line":16,"column":58},"end":{"line":16,"column":64}}],"line":16}},"s":{"0":0},"f":{"0":0},"b":{"0":[0,0]}}
,"/Users/miguelzepeda/Projects/TheMatch/app/(tabs)/_layout.tsx": {"path":"/Users/miguelzepeda/Projects/TheMatch/app/(tabs)/_layout.tsx","statementMap":{"0":{"start":{"line":10,"column":2},"end":{"line":10,"column":75}},"1":{"start":{"line":14,"column":2},"end":{"line":61,"column":4}},"2":{"start":{"line":29,"column":37},"end":{"line":29,"column":78}},"3":{"start":{"line":36,"column":37},"end":{"line":36,"column":80}},"4":{"start":{"line":43,"column":37},"end":{"line":43,"column":77}},"5":{"start":{"line":50,"column":37},"end":{"line":50,"column":84}},"6":{"start":{"line":57,"column":37},"end":{"line":57,"column":79}}},"fnMap":{"0":{"name":"TabBarIcon","decl":{"start":{"line":6,"column":9},"end":{"line":6,"column":19}},"loc":{"start":{"line":9,"column":3},"end":{"line":11,"column":1}},"line":9},"1":{"name":"TabLayout","decl":{"start":{"line":13,"column":24},"end":{"line":13,"column":33}},"loc":{"start":{"line":13,"column":36},"end":{"line":62,"column":1}},"line":13},"2":{"name":"(anonymous_2)","decl":{"start":{"line":29,"column":22},"end":{"line":29,"column":23}},"loc":{"start":{"line":29,"column":37},"end":{"line":29,"column":78}},"line":29},"3":{"name":"(anonymous_3)","decl":{"start":{"line":36,"column":22},"end":{"line":36,"column":23}},"loc":{"start":{"line":36,"column":37},"end":{"line":36,"column":80}},"line":36},"4":{"name":"(anonymous_4)","decl":{"start":{"line":43,"column":22},"end":{"line":43,"column":23}},"loc":{"start":{"line":43,"column":37},"end":{"line":43,"column":77}},"line":43},"5":{"name":"(anonymous_5)","decl":{"start":{"line":50,"column":22},"end":{"line":50,"column":23}},"loc":{"start":{"line":50,"column":37},"end":{"line":50,"column":84}},"line":50},"6":{"name":"(anonymous_6)","decl":{"start":{"line":57,"column":22},"end":{"line":57,"column":23}},"loc":{"start":{"line":57,"column":37},"end":{"line":57,"column":79}},"line":57}},"branchMap":{},"s":{"0":0,"1":0,"2":0,"3":0,"4":0,"5":0,"6":0},"f":{"0":0,"1":0,"2":0,"3":0,"4":0,"5":0,"6":0},"b":{}}
,"/Users/miguelzepeda/Projects/TheMatch/app/(tabs)/custom-games/_layout.tsx": {"path":"/Users/miguelzepeda/Projects/TheMatch/app/(tabs)/custom-games/_layout.tsx","statementMap":{"0":{"start":{"line":4,"column":2},"end":{"line":10,"column":4}}},"fnMap":{"0":{"name":"CustomGamesLayout","decl":{"start":{"line":3,"column":24},"end":{"line":3,"column":41}},"loc":{"start":{"line":3,"column":44},"end":{"line":11,"column":1}},"line":3}},"branchMap":{},"s":{"0":0},"f":{"0":0},"b":{}}
,"/Users/miguelzepeda/Projects/TheMatch/app/(tabs)/custom-games/index.tsx": {"path":"/Users/miguelzepeda/Projects/TheMatch/app/(tabs)/custom-games/index.tsx","statementMap":{"0":{"start":{"line":23,"column":17},"end":{"line":23,"column":30}},"1":{"start":{"line":24,"column":32},"end":{"line":24,"column":64}},"2":{"start":{"line":25,"column":36},"end":{"line":25,"column":50}},"3":{"start":{"line":27,"column":23},"end":{"line":39,"column":3}},"4":{"start":{"line":28,"column":4},"end":{"line":28,"column":20}},"5":{"start":{"line":28,"column":13},"end":{"line":28,"column":20}},"6":{"start":{"line":30,"column":4},"end":{"line":38,"column":5}},"7":{"start":{"line":31,"column":6},"end":{"line":31,"column":25}},"8":{"start":{"line":32,"column":21},"end":{"line":32,"column":54}},"9":{"start":{"line":33,"column":6},"end":{"line":33,"column":25}},"10":{"start":{"line":35,"column":6},"end":{"line":35,"column":67}},"11":{"start":{"line":37,"column":6},"end":{"line":37,"column":26}},"12":{"start":{"line":41,"column":2},"end":{"line":45,"column":4}},"13":{"start":{"line":43,"column":6},"end":{"line":43,"column":21}},"14":{"start":{"line":47,"column":23},"end":{"line":72,"column":3}},"15":{"start":{"line":48,"column":4},"end":{"line":71,"column":6}},"16":{"start":{"line":57,"column":12},"end":{"line":57,"column":28}},"17":{"start":{"line":57,"column":21},"end":{"line":57,"column":28}},"18":{"start":{"line":58,"column":12},"end":{"line":67,"column":13}},"19":{"start":{"line":59,"column":14},"end":{"line":59,"column":58}},"20":{"start":{"line":60,"column":14},"end":{"line":60,"column":29}},"21":{"start":{"line":62,"column":14},"end":{"line":62,"column":75}},"22":{"start":{"line":63,"column":14},"end":{"line":66,"column":16}},"23":{"start":{"line":74,"column":21},"end":{"line":76,"column":3}},"24":{"start":{"line":75,"column":4},"end":{"line":75,"column":68}},"25":{"start":{"line":78,"column":32},"end":{"line":85,"column":3}},"26":{"start":{"line":79,"column":4},"end":{"line":84,"column":5}},"27":{"start":{"line":80,"column":21},"end":{"line":80,"column":37}},"28":{"start":{"line":81,"column":24},"end":{"line":81,"column":43}},"29":{"start":{"line":82,"column":21},"end":{"line":82,"column":37}},"30":{"start":{"line":83,"column":15},"end":{"line":83,"column":29}},"31":{"start":{"line":87,"column":31},"end":{"line":94,"column":3}},"32":{"start":{"line":88,"column":4},"end":{"line":93,"column":5}},"33":{"start":{"line":89,"column":27},"end":{"line":89,"column":49}},"34":{"start":{"line":90,"column":28},"end":{"line":90,"column":45}},"35":{"start":{"line":91,"column":26},"end":{"line":91,"column":47}},"36":{"start":{"line":92,"column":15},"end":{"line":92,"column":32}},"37":{"start":{"line":96,"column":2},"end":{"line":105,"column":3}},"38":{"start":{"line":97,"column":4},"end":{"line":104,"column":6}},"39":{"start":{"line":107,"column":2},"end":{"line":209,"column":4}},"40":{"start":{"line":135,"column":16},"end":{"line":193,"column":23}},"41":{"start":{"line":139,"column":20},"end":{"line":176,"column":32}},"42":{"start":{"line":182,"column":35},"end":{"line":182,"column":53}},"43":{"start":{"line":189,"column":35},"end":{"line":189,"column":55}},"44":{"start":{"line":204,"column":23},"end":{"line":204,"column":70}}},"fnMap":{"0":{"name":"CustomGamesIndex","decl":{"start":{"line":22,"column":24},"end":{"line":22,"column":40}},"loc":{"start":{"line":22,"column":43},"end":{"line":210,"column":1}},"line":22},"1":{"name":"(anonymous_1)","decl":{"start":{"line":27,"column":23},"end":{"line":27,"column":24}},"loc":{"start":{"line":27,"column":35},"end":{"line":39,"column":3}},"line":27},"2":{"name":"(anonymous_2)","decl":{"start":{"line":42,"column":16},"end":{"line":42,"column":17}},"loc":{"start":{"line":42,"column":22},"end":{"line":44,"column":5}},"line":42},"3":{"name":"(anonymous_3)","decl":{"start":{"line":47,"column":23},"end":{"line":47,"column":24}},"loc":{"start":{"line":47,"column":53},"end":{"line":72,"column":3}},"line":47},"4":{"name":"(anonymous_4)","decl":{"start":{"line":56,"column":19},"end":{"line":56,"column":20}},"loc":{"start":{"line":56,"column":31},"end":{"line":68,"column":11}},"line":56},"5":{"name":"(anonymous_5)","decl":{"start":{"line":74,"column":21},"end":{"line":74,"column":22}},"loc":{"start":{"line":74,"column":51},"end":{"line":76,"column":3}},"line":74},"6":{"name":"(anonymous_6)","decl":{"start":{"line":78,"column":32},"end":{"line":78,"column":33}},"loc":{"start":{"line":78,"column":52},"end":{"line":85,"column":3}},"line":78},"7":{"name":"(anonymous_7)","decl":{"start":{"line":87,"column":31},"end":{"line":87,"column":32}},"loc":{"start":{"line":87,"column":54},"end":{"line":94,"column":3}},"line":87},"8":{"name":"(anonymous_8)","decl":{"start":{"line":134,"column":27},"end":{"line":134,"column":28}},"loc":{"start":{"line":135,"column":16},"end":{"line":193,"column":23}},"line":135},"9":{"name":"(anonymous_9)","decl":{"start":{"line":138,"column":27},"end":{"line":138,"column":28}},"loc":{"start":{"line":139,"column":20},"end":{"line":176,"column":32}},"line":139},"10":{"name":"(anonymous_10)","decl":{"start":{"line":182,"column":29},"end":{"line":182,"column":30}},"loc":{"start":{"line":182,"column":35},"end":{"line":182,"column":53}},"line":182},"11":{"name":"(anonymous_11)","decl":{"start":{"line":189,"column":29},"end":{"line":189,"column":30}},"loc":{"start":{"line":189,"column":35},"end":{"line":189,"column":55}},"line":189},"12":{"name":"(anonymous_12)","decl":{"start":{"line":204,"column":17},"end":{"line":204,"column":18}},"loc":{"start":{"line":204,"column":23},"end":{"line":204,"column":70}},"line":204}},"branchMap":{"0":{"loc":{"start":{"line":28,"column":4},"end":{"line":28,"column":20}},"type":"if","locations":[{"start":{"line":28,"column":4},"end":{"line":28,"column":20}},{"start":{},"end":{}}],"line":28},"1":{"loc":{"start":{"line":57,"column":12},"end":{"line":57,"column":28}},"type":"if","locations":[{"start":{"line":57,"column":12},"end":{"line":57,"column":28}},{"start":{},"end":{}}],"line":57},"2":{"loc":{"start":{"line":65,"column":16},"end":{"line":65,"column":77}},"type":"binary-expr","locations":[{"start":{"line":65,"column":16},"end":{"line":65,"column":29}},{"start":{"line":65,"column":33},"end":{"line":65,"column":77}}],"line":65},"3":{"loc":{"start":{"line":79,"column":4},"end":{"line":84,"column":5}},"type":"switch","locations":[{"start":{"line":80,"column":6},"end":{"line":80,"column":37}},{"start":{"line":81,"column":6},"end":{"line":81,"column":43}},{"start":{"line":82,"column":6},"end":{"line":82,"column":37}},{"start":{"line":83,"column":6},"end":{"line":83,"column":29}}],"line":79},"4":{"loc":{"start":{"line":88,"column":4},"end":{"line":93,"column":5}},"type":"switch","locations":[{"start":{"line":89,"column":6},"end":{"line":89,"column":49}},{"start":{"line":90,"column":6},"end":{"line":90,"column":45}},{"start":{"line":91,"column":6},"end":{"line":91,"column":47}},{"start":{"line":92,"column":6},"end":{"line":92,"column":32}}],"line":88},"5":{"loc":{"start":{"line":96,"column":2},"end":{"line":105,"column":3}},"type":"if","locations":[{"start":{"line":96,"column":2},"end":{"line":105,"column":3}},{"start":{},"end":{}}],"line":96},"6":{"loc":{"start":{"line":121,"column":11},"end":{"line":196,"column":11}},"type":"cond-expr","locations":[{"start":{"line":122,"column":12},"end":{"line":131,"column":21}},{"start":{"line":133,"column":12},"end":{"line":195,"column":21}}],"line":121},"7":{"loc":{"start":{"line":150,"column":29},"end":{"line":154,"column":29}},"type":"binary-expr","locations":[{"start":{"line":150,"column":29},"end":{"line":150,"column":47}},{"start":{"line":151,"column":30},"end":{"line":153,"column":37}}],"line":150}},"s":{"0":0,"1":0,"2":0,"3":0,"4":0,"5":0,"6":0,"7":0,"8":0,"9":0,"10":0,"11":0,"12":0,"13":0,"14":0,"15":0,"16":0,"17":0,"18":0,"19":0,"20":0,"21":0,"22":0,"23":0,"24":0,"25":0,"26":0,"27":0,"28":0,"29":0,"30":0,"31":0,"32":0,"33":0,"34":0,"35":0,"36":0,"37":0,"38":0,"39":0,"40":0,"41":0,"42":0,"43":0,"44":0},"f":{"0":0,"1":0,"2":0,"3":0,"4":0,"5":0,"6":0,"7":0,"8":0,"9":0,"10":0,"11":0,"12":0},"b":{"0":[0,0],"1":[0,0],"2":[0,0],"3":[0,0,0,0],"4":[0,0,0,0],"5":[0,0],"6":[0,0],"7":[0,0]}}
,"/Users/miguelzepeda/Projects/TheMatch/app/(tabs)/custom-games/new.tsx": {"path":"/Users/miguelzepeda/Projects/TheMatch/app/(tabs)/custom-games/new.tsx","statementMap":{"0":{"start":{"line":44,"column":17},"end":{"line":44,"column":30}},"1":{"start":{"line":45,"column":17},"end":{"line":45,"column":56}},"2":{"start":{"line":46,"column":20},"end":{"line":46,"column":24}},"3":{"start":{"line":49,"column":26},"end":{"line":49,"column":38}},"4":{"start":{"line":50,"column":40},"end":{"line":50,"column":52}},"5":{"start":{"line":51,"column":44},"end":{"line":51,"column":77}},"6":{"start":{"line":52,"column":42},"end":{"line":52,"column":80}},"7":{"start":{"line":53,"column":40},"end":{"line":53,"column":55}},"8":{"start":{"line":54,"column":38},"end":{"line":54,"column":51}},"9":{"start":{"line":55,"column":38},"end":{"line":55,"column":51}},"10":{"start":{"line":56,"column":58},"end":{"line":56,"column":73}},"11":{"start":{"line":57,"column":56},"end":{"line":57,"column":71}},"12":{"start":{"line":58,"column":42},"end":{"line":58,"column":54}},"13":{"start":{"line":60,"column":42},"end":{"line":60,"column":57}},"14":{"start":{"line":61,"column":30},"end":{"line":61,"column":66}},"15":{"start":{"line":64,"column":2},"end":{"line":68,"column":26}},"16":{"start":{"line":65,"column":4},"end":{"line":67,"column":5}},"17":{"start":{"line":66,"column":6},"end":{"line":66,"column":19}},"18":{"start":{"line":70,"column":21},"end":{"line":91,"column":3}},"19":{"start":{"line":71,"column":4},"end":{"line":71,"column":27}},"20":{"start":{"line":71,"column":20},"end":{"line":71,"column":27}},"21":{"start":{"line":73,"column":4},"end":{"line":90,"column":5}},"22":{"start":{"line":74,"column":21},"end":{"line":74,"column":62}},"23":{"start":{"line":75,"column":6},"end":{"line":86,"column":7}},"24":{"start":{"line":76,"column":8},"end":{"line":76,"column":29}},"25":{"start":{"line":77,"column":8},"end":{"line":77,"column":49}},"26":{"start":{"line":78,"column":8},"end":{"line":78,"column":47}},"27":{"start":{"line":79,"column":8},"end":{"line":79,"column":45}},"28":{"start":{"line":80,"column":8},"end":{"line":80,"column":51}},"29":{"start":{"line":81,"column":8},"end":{"line":81,"column":49}},"30":{"start":{"line":82,"column":8},"end":{"line":82,"column":49}},"31":{"start":{"line":83,"column":8},"end":{"line":83,"column":61}},"32":{"start":{"line":84,"column":8},"end":{"line":84,"column":59}},"33":{"start":{"line":85,"column":8},"end":{"line":85,"column":80}},"34":{"start":{"line":88,"column":6},"end":{"line":88,"column":65}},"35":{"start":{"line":89,"column":6},"end":{"line":89,"column":71}},"36":{"start":{"line":93,"column":23},"end":{"line":126,"column":3}},"37":{"start":{"line":94,"column":46},"end":{"line":94,"column":48}},"38":{"start":{"line":96,"column":4},"end":{"line":98,"column":5}},"39":{"start":{"line":97,"column":6},"end":{"line":97,"column":47}},"40":{"start":{"line":100,"column":22},"end":{"line":100,"column":43}},"41":{"start":{"line":101,"column":4},"end":{"line":103,"column":5}},"42":{"start":{"line":102,"column":6},"end":{"line":102,"column":71}},"43":{"start":{"line":105,"column":17},"end":{"line":105,"column":37}},"44":{"start":{"line":106,"column":17},"end":{"line":106,"column":37}},"45":{"start":{"line":108,"column":4},"end":{"line":110,"column":5}},"46":{"start":{"line":109,"column":6},"end":{"line":109,"column":72}},"47":{"start":{"line":112,"column":4},"end":{"line":114,"column":5}},"48":{"start":{"line":113,"column":6},"end":{"line":113,"column":72}},"49":{"start":{"line":116,"column":4},"end":{"line":118,"column":5}},"50":{"start":{"line":117,"column":6},"end":{"line":117,"column":58}},"51":{"start":{"line":120,"column":4},"end":{"line":122,"column":5}},"52":{"start":{"line":121,"column":6},"end":{"line":121,"column":74}},"53":{"start":{"line":124,"column":4},"end":{"line":124,"column":25}},"54":{"start":{"line":125,"column":4},"end":{"line":125,"column":47}},"55":{"start":{"line":128,"column":23},"end":{"line":168,"column":3}},"56":{"start":{"line":129,"column":4},"end":{"line":131,"column":5}},"57":{"start":{"line":130,"column":6},"end":{"line":130,"column":13}},"58":{"start":{"line":133,"column":4},"end":{"line":136,"column":5}},"59":{"start":{"line":134,"column":6},"end":{"line":134,"column":68}},"60":{"start":{"line":135,"column":6},"end":{"line":135,"column":13}},"61":{"start":{"line":138,"column":4},"end":{"line":138,"column":26}},"62":{"start":{"line":139,"column":4},"end":{"line":139,"column":23}},"63":{"start":{"line":141,"column":4},"end":{"line":167,"column":5}},"64":{"start":{"line":142,"column":25},"end":{"line":153,"column":7}},"65":{"start":{"line":155,"column":6},"end":{"line":159,"column":7}},"66":{"start":{"line":156,"column":8},"end":{"line":156,"column":65}},"67":{"start":{"line":158,"column":8},"end":{"line":158,"column":53}},"68":{"start":{"line":161,"column":6},"end":{"line":161,"column":20}},"69":{"start":{"line":163,"column":6},"end":{"line":163,"column":65}},"70":{"start":{"line":164,"column":6},"end":{"line":164,"column":71}},"71":{"start":{"line":166,"column":6},"end":{"line":166,"column":29}},"72":{"start":{"line":170,"column":32},"end":{"line":177,"column":3}},"73":{"start":{"line":171,"column":4},"end":{"line":176,"column":5}},"74":{"start":{"line":172,"column":21},"end":{"line":172,"column":37}},"75":{"start":{"line":173,"column":24},"end":{"line":173,"column":43}},"76":{"start":{"line":174,"column":21},"end":{"line":174,"column":37}},"77":{"start":{"line":175,"column":15},"end":{"line":175,"column":29}},"78":{"start":{"line":179,"column":31},"end":{"line":187,"column":3}},"79":{"start":{"line":180,"column":17},"end":{"line":180,"column":42}},"80":{"start":{"line":181,"column":4},"end":{"line":186,"column":5}},"81":{"start":{"line":182,"column":27},"end":{"line":182,"column":49}},"82":{"start":{"line":183,"column":28},"end":{"line":183,"column":45}},"83":{"start":{"line":184,"column":26},"end":{"line":184,"column":47}},"84":{"start":{"line":185,"column":15},"end":{"line":185,"column":25}},"85":{"start":{"line":189,"column":37},"end":{"line":196,"column":3}},"86":{"start":{"line":190,"column":4},"end":{"line":195,"column":5}},"87":{"start":{"line":191,"column":27},"end":{"line":191,"column":58}},"88":{"start":{"line":192,"column":28},"end":{"line":192,"column":53}},"89":{"start":{"line":193,"column":26},"end":{"line":193,"column":62}},"90":{"start":{"line":194,"column":15},"end":{"line":194,"column":25}},"91":{"start":{"line":198,"column":2},"end":{"line":471,"column":4}},"92":{"start":{"line":256,"column":42},"end":{"line":256,"column":82}},"93":{"start":{"line":291,"column":42},"end":{"line":291,"column":80}},"94":{"start":{"line":450,"column":29},"end":{"line":450,"column":42}}},"fnMap":{"0":{"name":"NewCustomGame","decl":{"start":{"line":43,"column":24},"end":{"line":43,"column":37}},"loc":{"start":{"line":43,"column":40},"end":{"line":472,"column":1}},"line":43},"1":{"name":"(anonymous_1)","decl":{"start":{"line":64,"column":12},"end":{"line":64,"column":13}},"loc":{"start":{"line":64,"column":18},"end":{"line":68,"column":3}},"line":64},"2":{"name":"(anonymous_2)","decl":{"start":{"line":70,"column":21},"end":{"line":70,"column":22}},"loc":{"start":{"line":70,"column":33},"end":{"line":91,"column":3}},"line":70},"3":{"name":"(anonymous_3)","decl":{"start":{"line":93,"column":23},"end":{"line":93,"column":24}},"loc":{"start":{"line":93,"column":38},"end":{"line":126,"column":3}},"line":93},"4":{"name":"(anonymous_4)","decl":{"start":{"line":128,"column":23},"end":{"line":128,"column":24}},"loc":{"start":{"line":128,"column":35},"end":{"line":168,"column":3}},"line":128},"5":{"name":"(anonymous_5)","decl":{"start":{"line":170,"column":32},"end":{"line":170,"column":33}},"loc":{"start":{"line":170,"column":59},"end":{"line":177,"column":3}},"line":170},"6":{"name":"(anonymous_6)","decl":{"start":{"line":179,"column":31},"end":{"line":179,"column":32}},"loc":{"start":{"line":179,"column":61},"end":{"line":187,"column":3}},"line":179},"7":{"name":"(anonymous_7)","decl":{"start":{"line":189,"column":37},"end":{"line":189,"column":38}},"loc":{"start":{"line":189,"column":43},"end":{"line":196,"column":3}},"line":189},"8":{"name":"(anonymous_8)","decl":{"start":{"line":256,"column":31},"end":{"line":256,"column":32}},"loc":{"start":{"line":256,"column":42},"end":{"line":256,"column":82}},"line":256},"9":{"name":"(anonymous_9)","decl":{"start":{"line":291,"column":31},"end":{"line":291,"column":32}},"loc":{"start":{"line":291,"column":42},"end":{"line":291,"column":80}},"line":291},"10":{"name":"(anonymous_10)","decl":{"start":{"line":450,"column":23},"end":{"line":450,"column":24}},"loc":{"start":{"line":450,"column":29},"end":{"line":450,"column":42}},"line":450}},"branchMap":{"0":{"loc":{"start":{"line":65,"column":4},"end":{"line":67,"column":5}},"type":"if","locations":[{"start":{"line":65,"column":4},"end":{"line":67,"column":5}},{"start":{},"end":{}}],"line":65},"1":{"loc":{"start":{"line":65,"column":8},"end":{"line":65,"column":29}},"type":"binary-expr","locations":[{"start":{"line":65,"column":8},"end":{"line":65,"column":17}},{"start":{"line":65,"column":21},"end":{"line":65,"column":23}},{"start":{"line":65,"column":27},"end":{"line":65,"column":29}}],"line":65},"2":{"loc":{"start":{"line":71,"column":4},"end":{"line":71,"column":27}},"type":"if","locations":[{"start":{"line":71,"column":4},"end":{"line":71,"column":27}},{"start":{},"end":{}}],"line":71},"3":{"loc":{"start":{"line":71,"column":8},"end":{"line":71,"column":18}},"type":"binary-expr","locations":[{"start":{"line":71,"column":8},"end":{"line":71,"column":11}},{"start":{"line":71,"column":15},"end":{"line":71,"column":18}}],"line":71},"4":{"loc":{"start":{"line":75,"column":6},"end":{"line":86,"column":7}},"type":"if","locations":[{"start":{"line":75,"column":6},"end":{"line":86,"column":7}},{"start":{},"end":{}}],"line":75},"5":{"loc":{"start":{"line":77,"column":23},"end":{"line":77,"column":47}},"type":"binary-expr","locations":[{"start":{"line":77,"column":23},"end":{"line":77,"column":41}},{"start":{"line":77,"column":45},"end":{"line":77,"column":47}}],"line":77},"6":{"loc":{"start":{"line":85,"column":24},"end":{"line":85,"column":78}},"type":"cond-expr","locations":[{"start":{"line":85,"column":46},"end":{"line":85,"column":73}},{"start":{"line":85,"column":76},"end":{"line":85,"column":78}}],"line":85},"7":{"loc":{"start":{"line":96,"column":4},"end":{"line":98,"column":5}},"type":"if","locations":[{"start":{"line":96,"column":4},"end":{"line":98,"column":5}},{"start":{},"end":{}}],"line":96},"8":{"loc":{"start":{"line":101,"column":4},"end":{"line":103,"column":5}},"type":"if","locations":[{"start":{"line":101,"column":4},"end":{"line":103,"column":5}},{"start":{},"end":{}}],"line":101},"9":{"loc":{"start":{"line":101,"column":8},"end":{"line":101,"column":42}},"type":"binary-expr","locations":[{"start":{"line":101,"column":8},"end":{"line":101,"column":24}},{"start":{"line":101,"column":28},"end":{"line":101,"column":42}}],"line":101},"10":{"loc":{"start":{"line":108,"column":4},"end":{"line":110,"column":5}},"type":"if","locations":[{"start":{"line":108,"column":4},"end":{"line":110,"column":5}},{"start":{},"end":{}}],"line":108},"11":{"loc":{"start":{"line":108,"column":8},"end":{"line":108,"column":44}},"type":"binary-expr","locations":[{"start":{"line":108,"column":8},"end":{"line":108,"column":19}},{"start":{"line":108,"column":23},"end":{"line":108,"column":31}},{"start":{"line":108,"column":35},"end":{"line":108,"column":44}}],"line":108},"12":{"loc":{"start":{"line":112,"column":4},"end":{"line":114,"column":5}},"type":"if","locations":[{"start":{"line":112,"column":4},"end":{"line":114,"column":5}},{"start":{},"end":{}}],"line":112},"13":{"loc":{"start":{"line":112,"column":8},"end":{"line":112,"column":44}},"type":"binary-expr","locations":[{"start":{"line":112,"column":8},"end":{"line":112,"column":19}},{"start":{"line":112,"column":23},"end":{"line":112,"column":31}},{"start":{"line":112,"column":35},"end":{"line":112,"column":44}}],"line":112},"14":{"loc":{"start":{"line":116,"column":4},"end":{"line":118,"column":5}},"type":"if","locations":[{"start":{"line":116,"column":4},"end":{"line":118,"column":5}},{"start":{},"end":{}}],"line":116},"15":{"loc":{"start":{"line":116,"column":8},"end":{"line":116,"column":51}},"type":"binary-expr","locations":[{"start":{"line":116,"column":8},"end":{"line":116,"column":20}},{"start":{"line":116,"column":24},"end":{"line":116,"column":36}},{"start":{"line":116,"column":40},"end":{"line":116,"column":51}}],"line":116},"16":{"loc":{"start":{"line":120,"column":4},"end":{"line":122,"column":5}},"type":"if","locations":[{"start":{"line":120,"column":4},"end":{"line":122,"column":5}},{"start":{},"end":{}}],"line":120},"17":{"loc":{"start":{"line":120,"column":8},"end":{"line":120,"column":86}},"type":"binary-expr","locations":[{"start":{"line":120,"column":8},"end":{"line":120,"column":20}},{"start":{"line":120,"column":25},"end":{"line":120,"column":54}},{"start":{"line":120,"column":58},"end":{"line":120,"column":85}}],"line":120},"18":{"loc":{"start":{"line":129,"column":4},"end":{"line":131,"column":5}},"type":"if","locations":[{"start":{"line":129,"column":4},"end":{"line":131,"column":5}},{"start":{},"end":{}}],"line":129},"19":{"loc":{"start":{"line":133,"column":4},"end":{"line":136,"column":5}},"type":"if","locations":[{"start":{"line":133,"column":4},"end":{"line":136,"column":5}},{"start":{},"end":{}}],"line":133},"20":{"loc":{"start":{"line":144,"column":21},"end":{"line":144,"column":52}},"type":"binary-expr","locations":[{"start":{"line":144,"column":21},"end":{"line":144,"column":39}},{"start":{"line":144,"column":43},"end":{"line":144,"column":52}}],"line":144},"21":{"loc":{"start":{"line":152,"column":22},"end":{"line":152,"column":71}},"type":"cond-expr","locations":[{"start":{"line":152,"column":37},"end":{"line":152,"column":59}},{"start":{"line":152,"column":62},"end":{"line":152,"column":71}}],"line":152},"22":{"loc":{"start":{"line":155,"column":6},"end":{"line":159,"column":7}},"type":"if","locations":[{"start":{"line":155,"column":6},"end":{"line":159,"column":7}},{"start":{"line":157,"column":13},"end":{"line":159,"column":7}}],"line":155},"23":{"loc":{"start":{"line":155,"column":10},"end":{"line":155,"column":25}},"type":"binary-expr","locations":[{"start":{"line":155,"column":10},"end":{"line":155,"column":19}},{"start":{"line":155,"column":23},"end":{"line":155,"column":25}}],"line":155},"24":{"loc":{"start":{"line":171,"column":4},"end":{"line":176,"column":5}},"type":"switch","locations":[{"start":{"line":172,"column":6},"end":{"line":172,"column":37}},{"start":{"line":173,"column":6},"end":{"line":173,"column":43}},{"start":{"line":174,"column":6},"end":{"line":174,"column":37}},{"start":{"line":175,"column":6},"end":{"line":175,"column":29}}],"line":171},"25":{"loc":{"start":{"line":180,"column":17},"end":{"line":180,"column":42}},"type":"binary-expr","locations":[{"start":{"line":180,"column":17},"end":{"line":180,"column":26}},{"start":{"line":180,"column":30},"end":{"line":180,"column":42}}],"line":180},"26":{"loc":{"start":{"line":181,"column":4},"end":{"line":186,"column":5}},"type":"switch","locations":[{"start":{"line":182,"column":6},"end":{"line":182,"column":49}},{"start":{"line":183,"column":6},"end":{"line":183,"column":45}},{"start":{"line":184,"column":6},"end":{"line":184,"column":47}},{"start":{"line":185,"column":6},"end":{"line":185,"column":25}}],"line":181},"27":{"loc":{"start":{"line":190,"column":4},"end":{"line":195,"column":5}},"type":"switch","locations":[{"start":{"line":191,"column":6},"end":{"line":191,"column":58}},{"start":{"line":192,"column":6},"end":{"line":192,"column":53}},{"start":{"line":193,"column":6},"end":{"line":193,"column":62}},{"start":{"line":194,"column":6},"end":{"line":194,"column":25}}],"line":190},"28":{"loc":{"start":{"line":208,"column":15},"end":{"line":208,"column":68}},"type":"cond-expr","locations":[{"start":{"line":208,"column":27},"end":{"line":208,"column":45}},{"start":{"line":208,"column":48},"end":{"line":208,"column":68}}],"line":208},"29":{"loc":{"start":{"line":228,"column":15},"end":{"line":232,"column":15}},"type":"binary-expr","locations":[{"start":{"line":228,"column":15},"end":{"line":228,"column":26}},{"start":{"line":229,"column":16},"end":{"line":231,"column":35}}],"line":228},"30":{"loc":{"start":{"line":321,"column":19},"end":{"line":321,"column":143}},"type":"cond-expr","locations":[{"start":{"line":321,"column":53},"end":{"line":321,"column":67}},{"start":{"line":321,"column":70},"end":{"line":321,"column":143}}],"line":321},"31":{"loc":{"start":{"line":321,"column":70},"end":{"line":321,"column":143}},"type":"cond-expr","locations":[{"start":{"line":321,"column":105},"end":{"line":321,"column":122}},{"start":{"line":321,"column":125},"end":{"line":321,"column":143}}],"line":321},"32":{"loc":{"start":{"line":332,"column":15},"end":{"line":336,"column":15}},"type":"binary-expr","locations":[{"start":{"line":332,"column":15},"end":{"line":332,"column":33}},{"start":{"line":333,"column":16},"end":{"line":335,"column":35}}],"line":332},"33":{"loc":{"start":{"line":353,"column":17},"end":{"line":357,"column":17}},"type":"binary-expr","locations":[{"start":{"line":353,"column":17},"end":{"line":353,"column":34}},{"start":{"line":354,"column":18},"end":{"line":356,"column":37}}],"line":353},"34":{"loc":{"start":{"line":372,"column":17},"end":{"line":376,"column":17}},"type":"binary-expr","locations":[{"start":{"line":372,"column":17},"end":{"line":372,"column":34}},{"start":{"line":373,"column":18},"end":{"line":375,"column":37}}],"line":372},"35":{"loc":{"start":{"line":417,"column":13},"end":{"line":441,"column":13}},"type":"binary-expr","locations":[{"start":{"line":417,"column":13},"end":{"line":417,"column":39}},{"start":{"line":417,"column":43},"end":{"line":417,"column":75}},{"start":{"line":418,"column":14},"end":{"line":440,"column":28}}],"line":417},"36":{"loc":{"start":{"line":435,"column":17},"end":{"line":439,"column":17}},"type":"binary-expr","locations":[{"start":{"line":435,"column":17},"end":{"line":435,"column":36}},{"start":{"line":436,"column":18},"end":{"line":438,"column":37}}],"line":435},"37":{"loc":{"start":{"line":464,"column":17},"end":{"line":464,"column":87}},"type":"cond-expr","locations":[{"start":{"line":464,"column":32},"end":{"line":464,"column":43}},{"start":{"line":464,"column":46},"end":{"line":464,"column":87}}],"line":464},"38":{"loc":{"start":{"line":464,"column":46},"end":{"line":464,"column":87}},"type":"cond-expr","locations":[{"start":{"line":464,"column":58},"end":{"line":464,"column":71}},{"start":{"line":464,"column":74},"end":{"line":464,"column":87}}],"line":464}},"s":{"0":0,"1":0,"2":0,"3":0,"4":0,"5":0,"6":0,"7":0,"8":0,"9":0,"10":0,"11":0,"12":0,"13":0,"14":0,"15":0,"16":0,"17":0,"18":0,"19":0,"20":0,"21":0,"22":0,"23":0,"24":0,"25":0,"26":0,"27":0,"28":0,"29":0,"30":0,"31":0,"32":0,"33":0,"34":0,"35":0,"36":0,"37":0,"38":0,"39":0,"40":0,"41":0,"42":0,"43":0,"44":0,"45":0,"46":0,"47":0,"48":0,"49":0,"50":0,"51":0,"52":0,"53":0,"54":0,"55":0,"56":0,"57":0,"58":0,"59":0,"60":0,"61":0,"62":0,"63":0,"64":0,"65":0,"66":0,"67":0,"68":0,"69":0,"70":0,"71":0,"72":0,"73":0,"74":0,"75":0,"76":0,"77":0,"78":0,"79":0,"80":0,"81":0,"82":0,"83":0,"84":0,"85":0,"86":0,"87":0,"88":0,"89":0,"90":0,"91":0,"92":0,"93":0,"94":0},"f":{"0":0,"1":0,"2":0,"3":0,"4":0,"5":0,"6":0,"7":0,"8":0,"9":0,"10":0},"b":{"0":[0,0],"1":[0,0,0],"2":[0,0],"3":[0,0],"4":[0,0],"5":[0,0],"6":[0,0],"7":[0,0],"8":[0,0],"9":[0,0],"10":[0,0],"11":[0,0,0],"12":[0,0],"13":[0,0,0],"14":[0,0],"15":[0,0,0],"16":[0,0],"17":[0,0,0],"18":[0,0],"19":[0,0],"20":[0,0],"21":[0,0],"22":[0,0],"23":[0,0],"24":[0,0,0,0],"25":[0,0],"26":[0,0,0,0],"27":[0,0,0,0],"28":[0,0],"29":[0,0],"30":[0,0],"31":[0,0],"32":[0,0],"33":[0,0],"34":[0,0],"35":[0,0,0],"36":[0,0],"37":[0,0],"38":[0,0]}}
,"/Users/miguelzepeda/Projects/TheMatch/app/(tabs)/leagues/[id].tsx": {"path":"/Users/miguelzepeda/Projects/TheMatch/app/(tabs)/leagues/[id].tsx","statementMap":{"0":{"start":{"line":39,"column":17},"end":{"line":39,"column":55}},"1":{"start":{"line":40,"column":17},"end":{"line":40,"column":30}},"2":{"start":{"line":41,"column":30},"end":{"line":41,"column":59}},"3":{"start":{"line":42,"column":36},"end":{"line":42,"column":50}},"4":{"start":{"line":43,"column":44},"end":{"line":52,"column":7}},"5":{"start":{"line":53,"column":40},"end":{"line":53,"column":72}},"6":{"start":{"line":54,"column":42},"end":{"line":54,"column":71}},"7":{"start":{"line":55,"column":38},"end":{"line":55,"column":60}},"8":{"start":{"line":56,"column":40},"end":{"line":56,"column":88}},"9":{"start":{"line":58,"column":22},"end":{"line":102,"column":3}},"10":{"start":{"line":59,"column":4},"end":{"line":59,"column":27}},"11":{"start":{"line":59,"column":20},"end":{"line":59,"column":27}},"12":{"start":{"line":61,"column":4},"end":{"line":101,"column":5}},"13":{"start":{"line":62,"column":6},"end":{"line":62,"column":25}},"14":{"start":{"line":63,"column":21},"end":{"line":63,"column":70}},"15":{"start":{"line":64,"column":6},"end":{"line":64,"column":24}},"16":{"start":{"line":67,"column":22},"end":{"line":67,"column":60}},"17":{"start":{"line":68,"column":6},"end":{"line":68,"column":32}},"18":{"start":{"line":71,"column":21},"end":{"line":71,"column":58}},"19":{"start":{"line":72,"column":6},"end":{"line":72,"column":30}},"20":{"start":{"line":75,"column":35},"end":{"line":75,"column":45}},"21":{"start":{"line":76,"column":24},"end":{"line":76,"column":88}},"22":{"start":{"line":77,"column":32},"end":{"line":82,"column":7}},"23":{"start":{"line":83,"column":6},"end":{"line":83,"column":40}},"24":{"start":{"line":85,"column":22},"end":{"line":85,"column":60}},"25":{"start":{"line":86,"column":6},"end":{"line":86,"column":29}},"26":{"start":{"line":89,"column":64},"end":{"line":89,"column":66}},"27":{"start":{"line":90,"column":6},"end":{"line":95,"column":7}},"28":{"start":{"line":90,"column":47},"end":{"line":90,"column":71}},"29":{"start":{"line":91,"column":27},"end":{"line":91,"column":67}},"30":{"start":{"line":92,"column":8},"end":{"line":94,"column":9}},"31":{"start":{"line":93,"column":10},"end":{"line":93,"column":48}},"32":{"start":{"line":96,"column":6},"end":{"line":96,"column":36}},"33":{"start":{"line":98,"column":6},"end":{"line":98,"column":54}},"34":{"start":{"line":100,"column":6},"end":{"line":100,"column":26}},"35":{"start":{"line":104,"column":2},"end":{"line":111,"column":4}},"36":{"start":{"line":106,"column":6},"end":{"line":109,"column":7}},"37":{"start":{"line":107,"column":8},"end":{"line":107,"column":27}},"38":{"start":{"line":108,"column":8},"end":{"line":108,"column":22}},"39":{"start":{"line":113,"column":23},"end":{"line":142,"column":3}},"40":{"start":{"line":114,"column":4},"end":{"line":141,"column":6}},"41":{"start":{"line":126,"column":12},"end":{"line":126,"column":35}},"42":{"start":{"line":126,"column":28},"end":{"line":126,"column":35}},"43":{"start":{"line":128,"column":12},"end":{"line":137,"column":13}},"44":{"start":{"line":129,"column":14},"end":{"line":129,"column":54}},"45":{"start":{"line":130,"column":14},"end":{"line":130,"column":28}},"46":{"start":{"line":132,"column":14},"end":{"line":132,"column":62}},"47":{"start":{"line":133,"column":14},"end":{"line":136,"column":16}},"48":{"start":{"line":144,"column":21},"end":{"line":146,"column":3}},"49":{"start":{"line":145,"column":4},"end":{"line":145,"column":51}},"50":{"start":{"line":148,"column":29},"end":{"line":166,"column":3}},"51":{"start":{"line":149,"column":4},"end":{"line":165,"column":7}},"52":{"start":{"line":155,"column":10},"end":{"line":155,"column":33}},"53":{"start":{"line":155,"column":26},"end":{"line":155,"column":33}},"54":{"start":{"line":156,"column":10},"end":{"line":162,"column":11}},"55":{"start":{"line":157,"column":12},"end":{"line":157,"column":67}},"56":{"start":{"line":158,"column":12},"end":{"line":158,"column":26}},"57":{"start":{"line":160,"column":12},"end":{"line":160,"column":61}},"58":{"start":{"line":161,"column":12},"end":{"line":161,"column":60}},"59":{"start":{"line":168,"column":32},"end":{"line":204,"column":3}},"60":{"start":{"line":169,"column":4},"end":{"line":169,"column":27}},"61":{"start":{"line":169,"column":20},"end":{"line":169,"column":27}},"62":{"start":{"line":171,"column":4},"end":{"line":203,"column":5}},"63":{"start":{"line":173,"column":24},"end":{"line":173,"column":77}},"64":{"start":{"line":174,"column":32},"end":{"line":179,"column":7}},"65":{"start":{"line":181,"column":6},"end":{"line":184,"column":7}},"66":{"start":{"line":182,"column":8},"end":{"line":182,"column":96}},"67":{"start":{"line":183,"column":8},"end":{"line":183,"column":15}},"68":{"start":{"line":187,"column":6},"end":{"line":193,"column":9}},"69":{"start":{"line":196,"column":6},"end":{"line":196,"column":26}},"70":{"start":{"line":199,"column":6},"end":{"line":199,"column":76}},"71":{"start":{"line":201,"column":6},"end":{"line":201,"column":59}},"72":{"start":{"line":202,"column":6},"end":{"line":202,"column":77}},"73":{"start":{"line":206,"column":2},"end":{"line":215,"column":3}},"74":{"start":{"line":207,"column":4},"end":{"line":214,"column":6}},"75":{"start":{"line":217,"column":2},"end":{"line":228,"column":3}},"76":{"start":{"line":218,"column":4},"end":{"line":227,"column":6}},"77":{"start":{"line":222,"column":33},"end":{"line":222,"column":46}},"78":{"start":{"line":230,"column":21},"end":{"line":236,"column":3}},"79":{"start":{"line":231,"column":4},"end":{"line":235,"column":7}},"80":{"start":{"line":238,"column":27},"end":{"line":242,"column":3}},"81":{"start":{"line":239,"column":18},"end":{"line":239,"column":20}},"82":{"start":{"line":240,"column":4},"end":{"line":240,"column":53}},"83":{"start":{"line":240,"column":25},"end":{"line":240,"column":53}},"84":{"start":{"line":241,"column":4},"end":{"line":241,"column":29}},"85":{"start":{"line":244,"column":2},"end":{"line":535,"column":4}},"86":{"start":{"line":315,"column":20},"end":{"line":315,"column":69}},"87":{"start":{"line":347,"column":24},"end":{"line":349,"column":25}},"88":{"start":{"line":369,"column":38},"end":{"line":369,"column":59}},"89":{"start":{"line":376,"column":35},"end":{"line":376,"column":56}},"90":{"start":{"line":378,"column":44},"end":{"line":378,"column":66}},"91":{"start":{"line":379,"column":22},"end":{"line":424,"column":24}},"92":{"start":{"line":385,"column":32},"end":{"line":387,"column":33}},"93":{"start":{"line":404,"column":49},"end":{"line":404,"column":78}},"94":{"start":{"line":412,"column":34},"end":{"line":414,"column":35}},"95":{"start":{"line":463,"column":31},"end":{"line":463,"column":72}},"96":{"start":{"line":480,"column":18},"end":{"line":511,"column":25}},"97":{"start":{"line":500,"column":26},"end":{"line":503,"column":27}}},"fnMap":{"0":{"name":"LeagueDetails","decl":{"start":{"line":38,"column":24},"end":{"line":38,"column":37}},"loc":{"start":{"line":38,"column":40},"end":{"line":536,"column":1}},"line":38},"1":{"name":"(anonymous_1)","decl":{"start":{"line":58,"column":22},"end":{"line":58,"column":23}},"loc":{"start":{"line":58,"column":34},"end":{"line":102,"column":3}},"line":58},"2":{"name":"(anonymous_2)","decl":{"start":{"line":90,"column":42},"end":{"line":90,"column":43}},"loc":{"start":{"line":90,"column":47},"end":{"line":90,"column":71}},"line":90},"3":{"name":"(anonymous_3)","decl":{"start":{"line":105,"column":16},"end":{"line":105,"column":17}},"loc":{"start":{"line":105,"column":22},"end":{"line":110,"column":5}},"line":105},"4":{"name":"(anonymous_4)","decl":{"start":{"line":113,"column":23},"end":{"line":113,"column":24}},"loc":{"start":{"line":113,"column":29},"end":{"line":142,"column":3}},"line":113},"5":{"name":"(anonymous_5)","decl":{"start":{"line":125,"column":19},"end":{"line":125,"column":20}},"loc":{"start":{"line":125,"column":31},"end":{"line":138,"column":11}},"line":125},"6":{"name":"(anonymous_6)","decl":{"start":{"line":144,"column":21},"end":{"line":144,"column":22}},"loc":{"start":{"line":144,"column":27},"end":{"line":146,"column":3}},"line":144},"7":{"name":"(anonymous_7)","decl":{"start":{"line":148,"column":29},"end":{"line":148,"column":30}},"loc":{"start":{"line":148,"column":71},"end":{"line":166,"column":3}},"line":148},"8":{"name":"(anonymous_8)","decl":{"start":{"line":154,"column":17},"end":{"line":154,"column":18}},"loc":{"start":{"line":154,"column":29},"end":{"line":163,"column":9}},"line":154},"9":{"name":"(anonymous_9)","decl":{"start":{"line":168,"column":32},"end":{"line":168,"column":33}},"loc":{"start":{"line":168,"column":58},"end":{"line":204,"column":3}},"line":168},"10":{"name":"(anonymous_10)","decl":{"start":{"line":222,"column":27},"end":{"line":222,"column":28}},"loc":{"start":{"line":222,"column":33},"end":{"line":222,"column":46}},"line":222},"11":{"name":"(anonymous_11)","decl":{"start":{"line":230,"column":21},"end":{"line":230,"column":22}},"loc":{"start":{"line":230,"column":44},"end":{"line":236,"column":3}},"line":230},"12":{"name":"(anonymous_12)","decl":{"start":{"line":238,"column":27},"end":{"line":238,"column":28}},"loc":{"start":{"line":238,"column":47},"end":{"line":242,"column":3}},"line":238},"13":{"name":"(anonymous_13)","decl":{"start":{"line":314,"column":27},"end":{"line":314,"column":28}},"loc":{"start":{"line":315,"column":20},"end":{"line":315,"column":69}},"line":315},"14":{"name":"(anonymous_14)","decl":{"start":{"line":346,"column":31},"end":{"line":346,"column":32}},"loc":{"start":{"line":347,"column":24},"end":{"line":349,"column":25}},"line":347},"15":{"name":"(anonymous_15)","decl":{"start":{"line":369,"column":31},"end":{"line":369,"column":32}},"loc":{"start":{"line":369,"column":38},"end":{"line":369,"column":59}},"line":369},"16":{"name":"(anonymous_16)","decl":{"start":{"line":376,"column":28},"end":{"line":376,"column":29}},"loc":{"start":{"line":376,"column":35},"end":{"line":376,"column":56}},"line":376},"17":{"name":"(anonymous_17)","decl":{"start":{"line":377,"column":25},"end":{"line":377,"column":26}},"loc":{"start":{"line":377,"column":37},"end":{"line":425,"column":21}},"line":377},"18":{"name":"(anonymous_18)","decl":{"start":{"line":384,"column":39},"end":{"line":384,"column":40}},"loc":{"start":{"line":385,"column":32},"end":{"line":387,"column":33}},"line":385},"19":{"name":"(anonymous_19)","decl":{"start":{"line":404,"column":43},"end":{"line":404,"column":44}},"loc":{"start":{"line":404,"column":49},"end":{"line":404,"column":78}},"line":404},"20":{"name":"(anonymous_20)","decl":{"start":{"line":411,"column":41},"end":{"line":411,"column":42}},"loc":{"start":{"line":412,"column":34},"end":{"line":414,"column":35}},"line":412},"21":{"name":"(anonymous_21)","decl":{"start":{"line":463,"column":25},"end":{"line":463,"column":26}},"loc":{"start":{"line":463,"column":31},"end":{"line":463,"column":72}},"line":463},"22":{"name":"(anonymous_22)","decl":{"start":{"line":479,"column":35},"end":{"line":479,"column":36}},"loc":{"start":{"line":480,"column":18},"end":{"line":511,"column":25}},"line":480},"23":{"name":"(anonymous_23)","decl":{"start":{"line":499,"column":33},"end":{"line":499,"column":34}},"loc":{"start":{"line":500,"column":26},"end":{"line":503,"column":27}},"line":500}},"branchMap":{"0":{"loc":{"start":{"line":59,"column":4},"end":{"line":59,"column":27}},"type":"if","locations":[{"start":{"line":59,"column":4},"end":{"line":59,"column":27}},{"start":{},"end":{}}],"line":59},"1":{"loc":{"start":{"line":59,"column":8},"end":{"line":59,"column":18}},"type":"binary-expr","locations":[{"start":{"line":59,"column":8},"end":{"line":59,"column":11}},{"start":{"line":59,"column":15},"end":{"line":59,"column":18}}],"line":59},"2":{"loc":{"start":{"line":92,"column":8},"end":{"line":94,"column":9}},"type":"if","locations":[{"start":{"line":92,"column":8},"end":{"line":94,"column":9}},{"start":{},"end":{}}],"line":92},"3":{"loc":{"start":{"line":106,"column":6},"end":{"line":109,"column":7}},"type":"if","locations":[{"start":{"line":106,"column":6},"end":{"line":109,"column":7}},{"start":{},"end":{}}],"line":106},"4":{"loc":{"start":{"line":126,"column":12},"end":{"line":126,"column":35}},"type":"if","locations":[{"start":{"line":126,"column":12},"end":{"line":126,"column":35}},{"start":{},"end":{}}],"line":126},"5":{"loc":{"start":{"line":126,"column":16},"end":{"line":126,"column":26}},"type":"binary-expr","locations":[{"start":{"line":126,"column":16},"end":{"line":126,"column":19}},{"start":{"line":126,"column":23},"end":{"line":126,"column":26}}],"line":126},"6":{"loc":{"start":{"line":155,"column":10},"end":{"line":155,"column":33}},"type":"if","locations":[{"start":{"line":155,"column":10},"end":{"line":155,"column":33}},{"start":{},"end":{}}],"line":155},"7":{"loc":{"start":{"line":155,"column":14},"end":{"line":155,"column":24}},"type":"binary-expr","locations":[{"start":{"line":155,"column":14},"end":{"line":155,"column":17}},{"start":{"line":155,"column":21},"end":{"line":155,"column":24}}],"line":155},"8":{"loc":{"start":{"line":169,"column":4},"end":{"line":169,"column":27}},"type":"if","locations":[{"start":{"line":169,"column":4},"end":{"line":169,"column":27}},{"start":{},"end":{}}],"line":169},"9":{"loc":{"start":{"line":169,"column":8},"end":{"line":169,"column":18}},"type":"binary-expr","locations":[{"start":{"line":169,"column":8},"end":{"line":169,"column":11}},{"start":{"line":169,"column":15},"end":{"line":169,"column":18}}],"line":169},"10":{"loc":{"start":{"line":181,"column":6},"end":{"line":184,"column":7}},"type":"if","locations":[{"start":{"line":181,"column":6},"end":{"line":184,"column":7}},{"start":{},"end":{}}],"line":181},"11":{"loc":{"start":{"line":206,"column":2},"end":{"line":215,"column":3}},"type":"if","locations":[{"start":{"line":206,"column":2},"end":{"line":215,"column":3}},{"start":{},"end":{}}],"line":206},"12":{"loc":{"start":{"line":217,"column":2},"end":{"line":228,"column":3}},"type":"if","locations":[{"start":{"line":217,"column":2},"end":{"line":228,"column":3}},{"start":{},"end":{}}],"line":217},"13":{"loc":{"start":{"line":240,"column":4},"end":{"line":240,"column":53}},"type":"if","locations":[{"start":{"line":240,"column":4},"end":{"line":240,"column":53}},{"start":{},"end":{}}],"line":240},"14":{"loc":{"start":{"line":274,"column":19},"end":{"line":276,"column":67}},"type":"cond-expr","locations":[{"start":{"line":274,"column":53},"end":{"line":274,"column":66}},{"start":{"line":275,"column":19},"end":{"line":276,"column":67}}],"line":274},"15":{"loc":{"start":{"line":275,"column":19},"end":{"line":276,"column":67}},"type":"cond-expr","locations":[{"start":{"line":275,"column":47},"end":{"line":275,"column":54}},{"start":{"line":276,"column":19},"end":{"line":276,"column":67}}],"line":275},"16":{"loc":{"start":{"line":276,"column":19},"end":{"line":276,"column":67}},"type":"cond-expr","locations":[{"start":{"line":276,"column":48},"end":{"line":276,"column":56}},{"start":{"line":276,"column":59},"end":{"line":276,"column":67}}],"line":276},"17":{"loc":{"start":{"line":280,"column":15},"end":{"line":289,"column":15}},"type":"binary-expr","locations":[{"start":{"line":280,"column":15},"end":{"line":280,"column":30}},{"start":{"line":281,"column":16},"end":{"line":288,"column":25}}],"line":280},"18":{"loc":{"start":{"line":310,"column":15},"end":{"line":320,"column":15}},"type":"binary-expr","locations":[{"start":{"line":310,"column":15},"end":{"line":310,"column":28}},{"start":{"line":311,"column":16},"end":{"line":319,"column":25}}],"line":310},"19":{"loc":{"start":{"line":323,"column":13},"end":{"line":366,"column":13}},"type":"cond-expr","locations":[{"start":{"line":324,"column":14},"end":{"line":356,"column":21}},{"start":{"line":358,"column":14},"end":{"line":365,"column":21}}],"line":323},"20":{"loc":{"start":{"line":369,"column":13},"end":{"line":428,"column":13}},"type":"binary-expr","locations":[{"start":{"line":369,"column":13},"end":{"line":369,"column":71}},{"start":{"line":370,"column":14},"end":{"line":427,"column":17}}],"line":369},"21":{"loc":{"start":{"line":400,"column":31},"end":{"line":409,"column":31}},"type":"binary-expr","locations":[{"start":{"line":400,"column":31},"end":{"line":400,"column":60}},{"start":{"line":400,"column":64},"end":{"line":400,"column":78}},{"start":{"line":401,"column":32},"end":{"line":408,"column":41}}],"line":400},"22":{"loc":{"start":{"line":439,"column":15},"end":{"line":443,"column":15}},"type":"binary-expr","locations":[{"start":{"line":439,"column":15},"end":{"line":439,"column":27}},{"start":{"line":440,"column":16},"end":{"line":442,"column":23}}],"line":439},"23":{"loc":{"start":{"line":471,"column":13},"end":{"line":514,"column":13}},"type":"cond-expr","locations":[{"start":{"line":472,"column":14},"end":{"line":476,"column":23}},{"start":{"line":478,"column":14},"end":{"line":513,"column":23}}],"line":471}},"s":{"0":0,"1":0,"2":0,"3":0,"4":0,"5":0,"6":0,"7":0,"8":0,"9":0,"10":0,"11":0,"12":0,"13":0,"14":0,"15":0,"16":0,"17":0,"18":0,"19":0,"20":0,"21":0,"22":0,"23":0,"24":0,"25":0,"26":0,"27":0,"28":0,"29":0,"30":0,"31":0,"32":0,"33":0,"34":0,"35":0,"36":0,"37":0,"38":0,"39":0,"40":0,"41":0,"42":0,"43":0,"44":0,"45":0,"46":0,"47":0,"48":0,"49":0,"50":0,"51":0,"52":0,"53":0,"54":0,"55":0,"56":0,"57":0,"58":0,"59":0,"60":0,"61":0,"62":0,"63":0,"64":0,"65":0,"66":0,"67":0,"68":0,"69":0,"70":0,"71":0,"72":0,"73":0,"74":0,"75":0,"76":0,"77":0,"78":0,"79":0,"80":0,"81":0,"82":0,"83":0,"84":0,"85":0,"86":0,"87":0,"88":0,"89":0,"90":0,"91":0,"92":0,"93":0,"94":0,"95":0,"96":0,"97":0},"f":{"0":0,"1":0,"2":0,"3":0,"4":0,"5":0,"6":0,"7":0,"8":0,"9":0,"10":0,"11":0,"12":0,"13":0,"14":0,"15":0,"16":0,"17":0,"18":0,"19":0,"20":0,"21":0,"22":0,"23":0},"b":{"0":[0,0],"1":[0,0],"2":[0,0],"3":[0,0],"4":[0,0],"5":[0,0],"6":[0,0],"7":[0,0],"8":[0,0],"9":[0,0],"10":[0,0],"11":[0,0],"12":[0,0],"13":[0,0],"14":[0,0],"15":[0,0],"16":[0,0],"17":[0,0],"18":[0,0],"19":[0,0],"20":[0,0],"21":[0,0,0],"22":[0,0],"23":[0,0]}}
,"/Users/miguelzepeda/Projects/TheMatch/app/(tabs)/leagues/_layout.tsx": {"path":"/Users/miguelzepeda/Projects/TheMatch/app/(tabs)/leagues/_layout.tsx","statementMap":{"0":{"start":{"line":4,"column":2},"end":{"line":10,"column":4}}},"fnMap":{"0":{"name":"LeaguesLayout","decl":{"start":{"line":3,"column":24},"end":{"line":3,"column":37}},"loc":{"start":{"line":3,"column":40},"end":{"line":11,"column":1}},"line":3}},"branchMap":{},"s":{"0":0},"f":{"0":0},"b":{}}
,"/Users/miguelzepeda/Projects/TheMatch/app/(tabs)/leagues/index.tsx": {"path":"/Users/miguelzepeda/Projects/TheMatch/app/(tabs)/leagues/index.tsx","statementMap":{"0":{"start":{"line":21,"column":17},"end":{"line":21,"column":28}},"1":{"start":{"line":22,"column":39},"end":{"line":22,"column":52}},"2":{"start":{"line":23,"column":32},"end":{"line":23,"column":54}},"3":{"start":{"line":24,"column":36},"end":{"line":24,"column":50}},"4":{"start":{"line":25,"column":38},"end":{"line":25,"column":53}},"5":{"start":{"line":27,"column":23},"end":{"line":41,"column":3}},"6":{"start":{"line":28,"column":4},"end":{"line":28,"column":20}},"7":{"start":{"line":28,"column":13},"end":{"line":28,"column":20}},"8":{"start":{"line":30,"column":4},"end":{"line":40,"column":5}},"9":{"start":{"line":31,"column":21},"end":{"line":33,"column":7}},"10":{"start":{"line":34,"column":6},"end":{"line":34,"column":25}},"11":{"start":{"line":36,"column":6},"end":{"line":36,"column":56}},"12":{"start":{"line":38,"column":6},"end":{"line":38,"column":26}},"13":{"start":{"line":39,"column":6},"end":{"line":39,"column":27}},"14":{"start":{"line":43,"column":2},"end":{"line":50,"column":4}},"15":{"start":{"line":45,"column":6},"end":{"line":48,"column":7}},"16":{"start":{"line":46,"column":8},"end":{"line":46,"column":27}},"17":{"start":{"line":47,"column":8},"end":{"line":47,"column":23}},"18":{"start":{"line":52,"column":20},"end":{"line":55,"column":3}},"19":{"start":{"line":53,"column":4},"end":{"line":53,"column":24}},"20":{"start":{"line":54,"column":4},"end":{"line":54,"column":19}},"21":{"start":{"line":57,"column":23},"end":{"line":79,"column":3}},"22":{"start":{"line":58,"column":4},"end":{"line":78,"column":6}},"23":{"start":{"line":67,"column":12},"end":{"line":67,"column":28}},"24":{"start":{"line":67,"column":21},"end":{"line":67,"column":28}},"25":{"start":{"line":68,"column":12},"end":{"line":74,"column":13}},"26":{"start":{"line":69,"column":14},"end":{"line":69,"column":53}},"27":{"start":{"line":70,"column":14},"end":{"line":70,"column":29}},"28":{"start":{"line":72,"column":14},"end":{"line":72,"column":64}},"29":{"start":{"line":73,"column":14},"end":{"line":73,"column":62}},"30":{"start":{"line":81,"column":21},"end":{"line":83,"column":3}},"31":{"start":{"line":82,"column":4},"end":{"line":82,"column":66}},"32":{"start":{"line":85,"column":21},"end":{"line":87,"column":3}},"33":{"start":{"line":86,"column":4},"end":{"line":86,"column":49}},"34":{"start":{"line":89,"column":2},"end":{"line":98,"column":3}},"35":{"start":{"line":90,"column":4},"end":{"line":97,"column":6}},"36":{"start":{"line":100,"column":27},"end":{"line":104,"column":3}},"37":{"start":{"line":101,"column":18},"end":{"line":101,"column":20}},"38":{"start":{"line":102,"column":4},"end":{"line":102,"column":53}},"39":{"start":{"line":102,"column":25},"end":{"line":102,"column":53}},"40":{"start":{"line":103,"column":4},"end":{"line":103,"column":29}},"41":{"start":{"line":106,"column":2},"end":{"line":206,"column":4}},"42":{"start":{"line":134,"column":16},"end":{"line":190,"column":23}},"43":{"start":{"line":138,"column":20},"end":{"line":173,"column":32}},"44":{"start":{"line":164,"column":43},"end":{"line":164,"column":61}},"45":{"start":{"line":179,"column":35},"end":{"line":179,"column":53}},"46":{"start":{"line":186,"column":35},"end":{"line":186,"column":55}},"47":{"start":{"line":201,"column":23},"end":{"line":201,"column":57}}},"fnMap":{"0":{"name":"Leagues","decl":{"start":{"line":20,"column":24},"end":{"line":20,"column":31}},"loc":{"start":{"line":20,"column":34},"end":{"line":207,"column":1}},"line":20},"1":{"name":"(anonymous_1)","decl":{"start":{"line":27,"column":23},"end":{"line":27,"column":24}},"loc":{"start":{"line":27,"column":35},"end":{"line":41,"column":3}},"line":27},"2":{"name":"(anonymous_2)","decl":{"start":{"line":44,"column":16},"end":{"line":44,"column":17}},"loc":{"start":{"line":44,"column":22},"end":{"line":49,"column":5}},"line":44},"3":{"name":"(anonymous_3)","decl":{"start":{"line":52,"column":20},"end":{"line":52,"column":21}},"loc":{"start":{"line":52,"column":26},"end":{"line":55,"column":3}},"line":52},"4":{"name":"(anonymous_4)","decl":{"start":{"line":57,"column":23},"end":{"line":57,"column":24}},"loc":{"start":{"line":57,"column":43},"end":{"line":79,"column":3}},"line":57},"5":{"name":"(anonymous_5)","decl":{"start":{"line":66,"column":19},"end":{"line":66,"column":20}},"loc":{"start":{"line":66,"column":31},"end":{"line":75,"column":11}},"line":66},"6":{"name":"(anonymous_6)","decl":{"start":{"line":81,"column":21},"end":{"line":81,"column":22}},"loc":{"start":{"line":81,"column":41},"end":{"line":83,"column":3}},"line":81},"7":{"name":"(anonymous_7)","decl":{"start":{"line":85,"column":21},"end":{"line":85,"column":22}},"loc":{"start":{"line":85,"column":41},"end":{"line":87,"column":3}},"line":85},"8":{"name":"(anonymous_8)","decl":{"start":{"line":100,"column":27},"end":{"line":100,"column":28}},"loc":{"start":{"line":100,"column":47},"end":{"line":104,"column":3}},"line":100},"9":{"name":"(anonymous_9)","decl":{"start":{"line":133,"column":27},"end":{"line":133,"column":28}},"loc":{"start":{"line":134,"column":16},"end":{"line":190,"column":23}},"line":134},"10":{"name":"(anonymous_10)","decl":{"start":{"line":137,"column":27},"end":{"line":137,"column":28}},"loc":{"start":{"line":138,"column":20},"end":{"line":173,"column":32}},"line":138},"11":{"name":"(anonymous_11)","decl":{"start":{"line":164,"column":37},"end":{"line":164,"column":38}},"loc":{"start":{"line":164,"column":43},"end":{"line":164,"column":61}},"line":164},"12":{"name":"(anonymous_12)","decl":{"start":{"line":179,"column":29},"end":{"line":179,"column":30}},"loc":{"start":{"line":179,"column":35},"end":{"line":179,"column":53}},"line":179},"13":{"name":"(anonymous_13)","decl":{"start":{"line":186,"column":29},"end":{"line":186,"column":30}},"loc":{"start":{"line":186,"column":35},"end":{"line":186,"column":55}},"line":186},"14":{"name":"(anonymous_14)","decl":{"start":{"line":201,"column":17},"end":{"line":201,"column":18}},"loc":{"start":{"line":201,"column":23},"end":{"line":201,"column":57}},"line":201}},"branchMap":{"0":{"loc":{"start":{"line":28,"column":4},"end":{"line":28,"column":20}},"type":"if","locations":[{"start":{"line":28,"column":4},"end":{"line":28,"column":20}},{"start":{},"end":{}}],"line":28},"1":{"loc":{"start":{"line":45,"column":6},"end":{"line":48,"column":7}},"type":"if","locations":[{"start":{"line":45,"column":6},"end":{"line":48,"column":7}},{"start":{},"end":{}}],"line":45},"2":{"loc":{"start":{"line":67,"column":12},"end":{"line":67,"column":28}},"type":"if","locations":[{"start":{"line":67,"column":12},"end":{"line":67,"column":28}},{"start":{},"end":{}}],"line":67},"3":{"loc":{"start":{"line":89,"column":2},"end":{"line":98,"column":3}},"type":"if","locations":[{"start":{"line":89,"column":2},"end":{"line":98,"column":3}},{"start":{},"end":{}}],"line":89},"4":{"loc":{"start":{"line":89,"column":6},"end":{"line":89,"column":28}},"type":"binary-expr","locations":[{"start":{"line":89,"column":6},"end":{"line":89,"column":15}},{"start":{"line":89,"column":19},"end":{"line":89,"column":28}}],"line":89},"5":{"loc":{"start":{"line":102,"column":4},"end":{"line":102,"column":53}},"type":"if","locations":[{"start":{"line":102,"column":4},"end":{"line":102,"column":53}},{"start":{},"end":{}}],"line":102},"6":{"loc":{"start":{"line":120,"column":11},"end":{"line":193,"column":11}},"type":"cond-expr","locations":[{"start":{"line":121,"column":12},"end":{"line":130,"column":21}},{"start":{"line":132,"column":12},"end":{"line":192,"column":21}}],"line":120},"7":{"loc":{"start":{"line":154,"column":29},"end":{"line":158,"column":29}},"type":"binary-expr","locations":[{"start":{"line":154,"column":29},"end":{"line":154,"column":53}},{"start":{"line":155,"column":30},"end":{"line":157,"column":37}}],"line":154}},"s":{"0":0,"1":0,"2":0,"3":0,"4":0,"5":0,"6":0,"7":0,"8":0,"9":0,"10":0,"11":0,"12":0,"13":0,"14":0,"15":0,"16":0,"17":0,"18":0,"19":0,"20":0,"21":0,"22":0,"23":0,"24":0,"25":0,"26":0,"27":0,"28":0,"29":0,"30":0,"31":0,"32":0,"33":0,"34":0,"35":0,"36":0,"37":0,"38":0,"39":0,"40":0,"41":0,"42":0,"43":0,"44":0,"45":0,"46":0,"47":0},"f":{"0":0,"1":0,"2":0,"3":0,"4":0,"5":0,"6":0,"7":0,"8":0,"9":0,"10":0,"11":0,"12":0,"13":0,"14":0},"b":{"0":[0,0],"1":[0,0],"2":[0,0],"3":[0,0],"4":[0,0],"5":[0,0],"6":[0,0],"7":[0,0]}}
,"/Users/miguelzepeda/Projects/TheMatch/app/(tabs)/leagues/new.tsx": {"path":"/Users/miguelzepeda/Projects/TheMatch/app/(tabs)/leagues/new.tsx","statementMap":{"0":{"start":{"line":44,"column":17},"end":{"line":44,"column":30}},"1":{"start":{"line":45,"column":23},"end":{"line":45,"column":77}},"2":{"start":{"line":46,"column":21},"end":{"line":46,"column":44}},"3":{"start":{"line":47,"column":26},"end":{"line":47,"column":38}},"4":{"start":{"line":48,"column":34},"end":{"line":48,"column":46}},"5":{"start":{"line":49,"column":42},"end":{"line":49,"column":57}},"6":{"start":{"line":50,"column":36},"end":{"line":50,"column":71}},"7":{"start":{"line":51,"column":28},"end":{"line":51,"column":40}},"8":{"start":{"line":52,"column":28},"end":{"line":52,"column":47}},"9":{"start":{"line":53,"column":30},"end":{"line":53,"column":67}},"10":{"start":{"line":54,"column":48},"end":{"line":54,"column":59}},"11":{"start":{"line":55,"column":34},"end":{"line":55,"column":60}},"12":{"start":{"line":56,"column":54},"end":{"line":56,"column":74}},"13":{"start":{"line":57,"column":52},"end":{"line":57,"column":84}},"14":{"start":{"line":60,"column":2},"end":{"line":75,"column":4}},"15":{"start":{"line":63,"column":8},"end":{"line":63,"column":24}},"16":{"start":{"line":63,"column":17},"end":{"line":63,"column":24}},"17":{"start":{"line":65,"column":8},"end":{"line":70,"column":9}},"18":{"start":{"line":66,"column":26},"end":{"line":66,"column":59}},"19":{"start":{"line":67,"column":10},"end":{"line":67,"column":40}},"20":{"start":{"line":69,"column":10},"end":{"line":69,"column":70}},"21":{"start":{"line":73,"column":6},"end":{"line":73,"column":24}},"22":{"start":{"line":78,"column":2},"end":{"line":102,"column":27}},"23":{"start":{"line":80,"column":6},"end":{"line":80,"column":37}},"24":{"start":{"line":80,"column":30},"end":{"line":80,"column":37}},"25":{"start":{"line":82,"column":6},"end":{"line":98,"column":7}},"26":{"start":{"line":83,"column":23},"end":{"line":83,"column":72}},"27":{"start":{"line":84,"column":8},"end":{"line":92,"column":9}},"28":{"start":{"line":85,"column":10},"end":{"line":85,"column":31}},"29":{"start":{"line":86,"column":10},"end":{"line":86,"column":45}},"30":{"start":{"line":87,"column":10},"end":{"line":87,"column":46}},"31":{"start":{"line":88,"column":10},"end":{"line":88,"column":52}},"32":{"start":{"line":89,"column":10},"end":{"line":89,"column":58}},"33":{"start":{"line":90,"column":10},"end":{"line":90,"column":49}},"34":{"start":{"line":91,"column":10},"end":{"line":91,"column":100}},"35":{"start":{"line":94,"column":8},"end":{"line":94,"column":55}},"36":{"start":{"line":95,"column":8},"end":{"line":95,"column":47}},"37":{"start":{"line":97,"column":8},"end":{"line":97,"column":28}},"38":{"start":{"line":101,"column":4},"end":{"line":101,"column":17}},"39":{"start":{"line":104,"column":23},"end":{"line":158,"column":3}},"40":{"start":{"line":105,"column":4},"end":{"line":105,"column":17}},"41":{"start":{"line":108,"column":4},"end":{"line":111,"column":5}},"42":{"start":{"line":109,"column":6},"end":{"line":109,"column":42}},"43":{"start":{"line":110,"column":6},"end":{"line":110,"column":13}},"44":{"start":{"line":114,"column":4},"end":{"line":117,"column":5}},"45":{"start":{"line":115,"column":6},"end":{"line":115,"column":60}},"46":{"start":{"line":116,"column":6},"end":{"line":116,"column":13}},"47":{"start":{"line":120,"column":26},"end":{"line":120,"column":67}},"48":{"start":{"line":122,"column":4},"end":{"line":125,"column":5}},"49":{"start":{"line":123,"column":6},"end":{"line":123,"column":56}},"50":{"start":{"line":124,"column":6},"end":{"line":124,"column":13}},"51":{"start":{"line":127,"column":4},"end":{"line":127,"column":26}},"52":{"start":{"line":128,"column":4},"end":{"line":128,"column":23}},"53":{"start":{"line":130,"column":4},"end":{"line":157,"column":5}},"54":{"start":{"line":131,"column":30},"end":{"line":138,"column":7}},"55":{"start":{"line":141,"column":6},"end":{"line":143,"column":7}},"56":{"start":{"line":142,"column":8},"end":{"line":142,"column":67}},"57":{"start":{"line":145,"column":6},"end":{"line":150,"column":7}},"58":{"start":{"line":146,"column":8},"end":{"line":146,"column":60}},"59":{"start":{"line":148,"column":8},"end":{"line":148,"column":42}},"60":{"start":{"line":149,"column":8},"end":{"line":149,"column":48}},"61":{"start":{"line":152,"column":6},"end":{"line":152,"column":20}},"62":{"start":{"line":154,"column":6},"end":{"line":154,"column":55}},"63":{"start":{"line":155,"column":6},"end":{"line":155,"column":61}},"64":{"start":{"line":156,"column":6},"end":{"line":156,"column":29}},"65":{"start":{"line":160,"column":23},"end":{"line":163,"column":3}},"66":{"start":{"line":161,"column":4},"end":{"line":161,"column":23}},"67":{"start":{"line":162,"column":4},"end":{"line":162,"column":18}},"68":{"start":{"line":165,"column":2},"end":{"line":174,"column":3}},"69":{"start":{"line":166,"column":4},"end":{"line":173,"column":6}},"70":{"start":{"line":176,"column":2},"end":{"line":460,"column":4}},"71":{"start":{"line":236,"column":42},"end":{"line":236,"column":72}},"72":{"start":{"line":296,"column":60},"end":{"line":296,"column":95}},"73":{"start":{"line":310,"column":28},"end":{"line":314,"column":30}},"74":{"start":{"line":335,"column":33},"end":{"line":335,"column":80}},"75":{"start":{"line":367,"column":40},"end":{"line":367,"column":72}},"76":{"start":{"line":408,"column":18},"end":{"line":411,"column":19}},"77":{"start":{"line":409,"column":20},"end":{"line":409,"column":42}},"78":{"start":{"line":410,"column":20},"end":{"line":410,"column":27}},"79":{"start":{"line":413,"column":30},"end":{"line":413,"column":44}},"80":{"start":{"line":414,"column":18},"end":{"line":416,"column":19}},"81":{"start":{"line":415,"column":20},"end":{"line":415,"column":44}},"82":{"start":{"line":420,"column":18},"end":{"line":422,"column":19}},"83":{"start":{"line":421,"column":20},"end":{"line":421,"column":42}}},"fnMap":{"0":{"name":"NewLeague","decl":{"start":{"line":43,"column":24},"end":{"line":43,"column":33}},"loc":{"start":{"line":43,"column":36},"end":{"line":461,"column":1}},"line":43},"1":{"name":"(anonymous_1)","decl":{"start":{"line":61,"column":16},"end":{"line":61,"column":17}},"loc":{"start":{"line":61,"column":22},"end":{"line":74,"column":5}},"line":61},"2":{"name":"loadCustomGames","decl":{"start":{"line":62,"column":21},"end":{"line":62,"column":36}},"loc":{"start":{"line":62,"column":39},"end":{"line":71,"column":7}},"line":62},"3":{"name":"(anonymous_3)","decl":{"start":{"line":78,"column":12},"end":{"line":78,"column":13}},"loc":{"start":{"line":78,"column":18},"end":{"line":102,"column":3}},"line":78},"4":{"name":"loadLeague","decl":{"start":{"line":79,"column":19},"end":{"line":79,"column":29}},"loc":{"start":{"line":79,"column":32},"end":{"line":99,"column":5}},"line":79},"5":{"name":"(anonymous_5)","decl":{"start":{"line":104,"column":23},"end":{"line":104,"column":24}},"loc":{"start":{"line":104,"column":35},"end":{"line":158,"column":3}},"line":104},"6":{"name":"(anonymous_6)","decl":{"start":{"line":160,"column":23},"end":{"line":160,"column":24}},"loc":{"start":{"line":160,"column":29},"end":{"line":163,"column":3}},"line":160},"7":{"name":"(anonymous_7)","decl":{"start":{"line":236,"column":31},"end":{"line":236,"column":32}},"loc":{"start":{"line":236,"column":42},"end":{"line":236,"column":72}},"line":236},"8":{"name":"(anonymous_8)","decl":{"start":{"line":296,"column":55},"end":{"line":296,"column":56}},"loc":{"start":{"line":296,"column":60},"end":{"line":296,"column":95}},"line":296},"9":{"name":"(anonymous_9)","decl":{"start":{"line":309,"column":49},"end":{"line":309,"column":50}},"loc":{"start":{"line":310,"column":28},"end":{"line":314,"column":30}},"line":310},"10":{"name":"(anonymous_10)","decl":{"start":{"line":335,"column":27},"end":{"line":335,"column":28}},"loc":{"start":{"line":335,"column":33},"end":{"line":335,"column":80}},"line":335},"11":{"name":"(anonymous_11)","decl":{"start":{"line":367,"column":29},"end":{"line":367,"column":30}},"loc":{"start":{"line":367,"column":40},"end":{"line":367,"column":72}},"line":367},"12":{"name":"(anonymous_12)","decl":{"start":{"line":406,"column":30},"end":{"line":406,"column":31}},"loc":{"start":{"line":406,"column":40},"end":{"line":417,"column":17}},"line":406},"13":{"name":"(anonymous_13)","decl":{"start":{"line":418,"column":24},"end":{"line":418,"column":25}},"loc":{"start":{"line":418,"column":30},"end":{"line":423,"column":17}},"line":418}},"branchMap":{"0":{"loc":{"start":{"line":46,"column":21},"end":{"line":46,"column":44}},"type":"binary-expr","locations":[{"start":{"line":46,"column":21},"end":{"line":46,"column":36}},{"start":{"line":46,"column":40},"end":{"line":46,"column":44}}],"line":46},"1":{"loc":{"start":{"line":50,"column":45},"end":{"line":50,"column":70}},"type":"cond-expr","locations":[{"start":{"line":50,"column":58},"end":{"line":50,"column":62}},{"start":{"line":50,"column":65},"end":{"line":50,"column":70}}],"line":50},"2":{"loc":{"start":{"line":63,"column":8},"end":{"line":63,"column":24}},"type":"if","locations":[{"start":{"line":63,"column":8},"end":{"line":63,"column":24}},{"start":{},"end":{}}],"line":63},"3":{"loc":{"start":{"line":80,"column":6},"end":{"line":80,"column":37}},"type":"if","locations":[{"start":{"line":80,"column":6},"end":{"line":80,"column":37}},{"start":{},"end":{}}],"line":80},"4":{"loc":{"start":{"line":80,"column":10},"end":{"line":80,"column":28}},"type":"binary-expr","locations":[{"start":{"line":80,"column":10},"end":{"line":80,"column":21}},{"start":{"line":80,"column":25},"end":{"line":80,"column":28}}],"line":80},"5":{"loc":{"start":{"line":84,"column":8},"end":{"line":92,"column":9}},"type":"if","locations":[{"start":{"line":84,"column":8},"end":{"line":92,"column":9}},{"start":{},"end":{}}],"line":84},"6":{"loc":{"start":{"line":86,"column":22},"end":{"line":86,"column":43}},"type":"binary-expr","locations":[{"start":{"line":86,"column":22},"end":{"line":86,"column":37}},{"start":{"line":86,"column":41},"end":{"line":86,"column":43}}],"line":86},"7":{"loc":{"start":{"line":87,"column":19},"end":{"line":87,"column":44}},"type":"binary-expr","locations":[{"start":{"line":87,"column":19},"end":{"line":87,"column":31}},{"start":{"line":87,"column":35},"end":{"line":87,"column":44}}],"line":87},"8":{"loc":{"start":{"line":88,"column":20},"end":{"line":88,"column":50}},"type":"binary-expr","locations":[{"start":{"line":88,"column":20},"end":{"line":88,"column":33}},{"start":{"line":88,"column":37},"end":{"line":88,"column":50}}],"line":88},"9":{"loc":{"start":{"line":89,"column":29},"end":{"line":89,"column":56}},"type":"binary-expr","locations":[{"start":{"line":89,"column":29},"end":{"line":89,"column":51}},{"start":{"line":89,"column":55},"end":{"line":89,"column":56}}],"line":89},"10":{"loc":{"start":{"line":90,"column":22},"end":{"line":90,"column":47}},"type":"binary-expr","locations":[{"start":{"line":90,"column":22},"end":{"line":90,"column":37}},{"start":{"line":90,"column":41},"end":{"line":90,"column":47}}],"line":90},"11":{"loc":{"start":{"line":91,"column":32},"end":{"line":91,"column":98}},"type":"cond-expr","locations":[{"start":{"line":91,"column":60},"end":{"line":91,"column":93}},{"start":{"line":91,"column":96},"end":{"line":91,"column":98}}],"line":91},"12":{"loc":{"start":{"line":108,"column":4},"end":{"line":111,"column":5}},"type":"if","locations":[{"start":{"line":108,"column":4},"end":{"line":111,"column":5}},{"start":{},"end":{}}],"line":108},"13":{"loc":{"start":{"line":114,"column":4},"end":{"line":117,"column":5}},"type":"if","locations":[{"start":{"line":114,"column":4},"end":{"line":117,"column":5}},{"start":{},"end":{}}],"line":114},"14":{"loc":{"start":{"line":114,"column":8},"end":{"line":114,"column":52}},"type":"binary-expr","locations":[{"start":{"line":114,"column":8},"end":{"line":114,"column":29}},{"start":{"line":114,"column":33},"end":{"line":114,"column":52}}],"line":114},"15":{"loc":{"start":{"line":120,"column":26},"end":{"line":120,"column":67}},"type":"cond-expr","locations":[{"start":{"line":120,"column":48},"end":{"line":120,"column":63}},{"start":{"line":120,"column":66},"end":{"line":120,"column":67}}],"line":120},"16":{"loc":{"start":{"line":122,"column":4},"end":{"line":125,"column":5}},"type":"if","locations":[{"start":{"line":122,"column":4},"end":{"line":125,"column":5}},{"start":{},"end":{}}],"line":122},"17":{"loc":{"start":{"line":133,"column":18},"end":{"line":133,"column":41}},"type":"binary-expr","locations":[{"start":{"line":133,"column":18},"end":{"line":133,"column":33}},{"start":{"line":133,"column":37},"end":{"line":133,"column":41}}],"line":133},"18":{"loc":{"start":{"line":141,"column":6},"end":{"line":143,"column":7}},"type":"if","locations":[{"start":{"line":141,"column":6},"end":{"line":143,"column":7}},{"start":{},"end":{}}],"line":141},"19":{"loc":{"start":{"line":141,"column":10},"end":{"line":141,"column":53}},"type":"binary-expr","locations":[{"start":{"line":141,"column":10},"end":{"line":141,"column":31}},{"start":{"line":141,"column":35},"end":{"line":141,"column":53}}],"line":141},"20":{"loc":{"start":{"line":145,"column":6},"end":{"line":150,"column":7}},"type":"if","locations":[{"start":{"line":145,"column":6},"end":{"line":150,"column":7}},{"start":{"line":147,"column":13},"end":{"line":150,"column":7}}],"line":145},"21":{"loc":{"start":{"line":165,"column":2},"end":{"line":174,"column":3}},"type":"if","locations":[{"start":{"line":165,"column":2},"end":{"line":174,"column":3}},{"start":{},"end":{}}],"line":165},"22":{"loc":{"start":{"line":185,"column":13},"end":{"line":185,"column":61}},"type":"cond-expr","locations":[{"start":{"line":185,"column":26},"end":{"line":185,"column":39}},{"start":{"line":185,"column":42},"end":{"line":185,"column":61}}],"line":185},"23":{"loc":{"start":{"line":190,"column":47},"end":{"line":190,"column":70}},"type":"binary-expr","locations":[{"start":{"line":190,"column":47},"end":{"line":190,"column":54}},{"start":{"line":190,"column":58},"end":{"line":190,"column":70}}],"line":190},"24":{"loc":{"start":{"line":204,"column":15},"end":{"line":208,"column":15}},"type":"binary-expr","locations":[{"start":{"line":204,"column":15},"end":{"line":204,"column":20}},{"start":{"line":204,"column":24},"end":{"line":204,"column":36}},{"start":{"line":205,"column":16},"end":{"line":207,"column":35}}],"line":204},"25":{"loc":{"start":{"line":237,"column":28},"end":{"line":237,"column":54}},"type":"binary-expr","locations":[{"start":{"line":237,"column":28},"end":{"line":237,"column":40}},{"start":{"line":237,"column":44},"end":{"line":237,"column":54}}],"line":237},"26":{"loc":{"start":{"line":243,"column":22},"end":{"line":251,"column":39}},"type":"cond-expr","locations":[{"start":{"line":244,"column":26},"end":{"line":244,"column":32}},{"start":{"line":245,"column":26},"end":{"line":251,"column":39}}],"line":243},"27":{"loc":{"start":{"line":245,"column":26},"end":{"line":251,"column":39}},"type":"cond-expr","locations":[{"start":{"line":246,"column":26},"end":{"line":246,"column":33}},{"start":{"line":247,"column":26},"end":{"line":251,"column":39}}],"line":245},"28":{"loc":{"start":{"line":247,"column":26},"end":{"line":251,"column":39}},"type":"cond-expr","locations":[{"start":{"line":248,"column":26},"end":{"line":248,"column":35}},{"start":{"line":249,"column":26},"end":{"line":251,"column":39}}],"line":247},"29":{"loc":{"start":{"line":249,"column":26},"end":{"line":251,"column":39}},"type":"cond-expr","locations":[{"start":{"line":250,"column":26},"end":{"line":250,"column":31}},{"start":{"line":251,"column":26},"end":{"line":251,"column":39}}],"line":249},"30":{"loc":{"start":{"line":272,"column":17},"end":{"line":274,"column":61}},"type":"cond-expr","locations":[{"start":{"line":273,"column":20},"end":{"line":273,"column":61}},{"start":{"line":274,"column":20},"end":{"line":274,"column":61}}],"line":272},"31":{"loc":{"start":{"line":279,"column":13},"end":{"line":342,"column":13}},"type":"binary-expr","locations":[{"start":{"line":279,"column":13},"end":{"line":2
[...]
:{"line":39,"column":19},"end":{"line":39,"column":55}},"13":{"start":{"line":39,"column":44},"end":{"line":39,"column":54}},"14":{"start":{"line":40,"column":18},"end":{"line":40,"column":55}},"15":{"start":{"line":40,"column":43},"end":{"line":40,"column":54}},"16":{"start":{"line":41,"column":4},"end":{"line":43,"column":5}},"17":{"start":{"line":42,"column":6},"end":{"line":42,"column":100}},"18":{"start":{"line":44,"column":4},"end":{"line":44,"column":24}},"19":{"start":{"line":48,"column":4},"end":{"line":48,"column":54}}},"fnMap":{"0":{"name":"(anonymous_0)","decl":{"start":{"line":19,"column":21},"end":{"line":19,"column":22}},"loc":{"start":{"line":19,"column":45},"end":{"line":23,"column":3}},"line":19},"1":{"name":"(anonymous_1)","decl":{"start":{"line":22,"column":33},"end":{"line":22,"column":34}},"loc":{"start":{"line":22,"column":40},"end":{"line":22,"column":70}},"line":22},"2":{"name":"(anonymous_2)","decl":{"start":{"line":25,"column":24},"end":{"line":25,"column":25}},"loc":{"start":{"line":25,"column":42},"end":{"line":31,"column":3}},"line":25},"3":{"name":"(anonymous_3)","decl":{"start":{"line":29,"column":26},"end":{"line":29,"column":27}},"loc":{"start":{"line":29,"column":33},"end":{"line":29,"column":43}},"line":29},"4":{"name":"(anonymous_4)","decl":{"start":{"line":33,"column":20},"end":{"line":33,"column":21}},"loc":{"start":{"line":33,"column":38},"end":{"line":36,"column":3}},"line":33},"5":{"name":"(anonymous_5)","decl":{"start":{"line":35,"column":31},"end":{"line":35,"column":32}},"loc":{"start":{"line":35,"column":38},"end":{"line":35,"column":48}},"line":35},"6":{"name":"(anonymous_6)","decl":{"start":{"line":35,"column":54},"end":{"line":35,"column":55}},"loc":{"start":{"line":35,"column":61},"end":{"line":35,"column":71}},"line":35},"7":{"name":"(anonymous_7)","decl":{"start":{"line":38,"column":23},"end":{"line":38,"column":24}},"loc":{"start":{"line":38,"column":41},"end":{"line":45,"column":3}},"line":38},"8":{"name":"(anonymous_8)","decl":{"start":{"line":39,"column":37},"end":{"line":39,"column":38}},"loc":{"start":{"line":39,"column":44},"end":{"line":39,"column":54}},"line":39},"9":{"name":"(anonymous_9)","decl":{"start":{"line":40,"column":36},"end":{"line":40,"column":37}},"loc":{"start":{"line":40,"column":43},"end":{"line":40,"column":54}},"line":40},"10":{"name":"(anonymous_10)","decl":{"start":{"line":47,"column":25},"end":{"line":47,"column":26}},"loc":{"start":{"line":47,"column":38},"end":{"line":49,"column":3}},"line":47}},"branchMap":{"0":{"loc":{"start":{"line":20,"column":4},"end":{"line":20,"column":56}},"type":"if","locations":[{"start":{"line":20,"column":4},"end":{"line":20,"column":56}},{"start":{},"end":{}}],"line":20},"1":{"loc":{"start":{"line":20,"column":8},"end":{"line":20,"column":41}},"type":"binary-expr","locations":[{"start":{"line":20,"column":8},"end":{"line":20,"column":13}},{"start":{"line":20,"column":17},"end":{"line":20,"column":41}}],"line":20},"2":{"loc":{"start":{"line":28,"column":6},"end":{"line":29,"column":57}},"type":"binary-expr","locations":[{"start":{"line":28,"column":6},"end":{"line":28,"column":31}},{"start":{"line":29,"column":6},"end":{"line":29,"column":57}}],"line":28},"3":{"loc":{"start":{"line":41,"column":4},"end":{"line":43,"column":5}},"type":"if","locations":[{"start":{"line":41,"column":4},"end":{"line":43,"column":5}},{"start":{},"end":{}}],"line":41},"4":{"loc":{"start":{"line":41,"column":8},"end":{"line":41,"column":23}},"type":"binary-expr","locations":[{"start":{"line":41,"column":8},"end":{"line":41,"column":14}},{"start":{"line":41,"column":18},"end":{"line":41,"column":23}}],"line":41},"5":{"loc":{"start":{"line":48,"column":11},"end":{"line":48,"column":53}},"type":"cond-expr","locations":[{"start":{"line":48,"column":34},"end":{"line":48,"column":42}},{"start":{"line":48,"column":45},"end":{"line":48,"column":53}}],"line":48}},"s":{"0":1,"1":1,"2":8,"3":1,"4":7,"5":7,"6":25,"7":5,"8":6,"9":2,"10":4,"11":1,"12":2,"13":3,"14":2,"15":3,"16":2,"17":1,"18":1,"19":3},"f":{"0":8,"1":25,"2":5,"3":6,"4":2,"5":4,"6":1,"7":2,"8":3,"9":3,"10":3},"b":{"0":[1,7],"1":[8,7],"2":[5,3],"3":[1,1],"4":[2,1],"5":[1,2]},"_coverageSchema":"1a1c01bbd47fc00a2c39e90264f33305004495a9","hash":"7f8ca25d8278087a18c60ad2bf38c3ddae716158"}
,"/Users/miguelzepeda/Projects/TheMatch/lib/games/types.ts": {"path":"/Users/miguelzepeda/Projects/TheMatch/lib/games/types.ts","statementMap":{},"fnMap":{},"branchMap":{},"s":{},"f":{},"b":{}}
,"/Users/miguelzepeda/Projects/TheMatch/lib/games/uno.ts": {"path":"/Users/miguelzepeda/Projects/TheMatch/lib/games/uno.ts","statementMap":{"0":{"start":{"line":4,"column":37},"end":{"line":59,"column":1}},"1":{"start":{"line":12,"column":4},"end":{"line":12,"column":56}},"2":{"start":{"line":12,"column":43},"end":{"line":12,"column":56}},"3":{"start":{"line":13,"column":20},"end":{"line":13,"column":39}},"4":{"start":{"line":15,"column":4},"end":{"line":31,"column":6}},"5":{"start":{"line":20,"column":10},"end":{"line":24,"column":40}},"6":{"start":{"line":23,"column":32},"end":{"line":23,"column":53}},"7":{"start":{"line":29,"column":39},"end":{"line":29,"column":60}},"8":{"start":{"line":36,"column":4},"end":{"line":40,"column":6}},"9":{"start":{"line":39,"column":33},"end":{"line":39,"column":43}},"10":{"start":{"line":45,"column":4},"end":{"line":45,"column":73}},"11":{"start":{"line":45,"column":38},"end":{"line":45,"column":48}},"12":{"start":{"line":45,"column":61},"end":{"line":45,"column":71}},"13":{"start":{"line":49,"column":19},"end":{"line":49,"column":55}},"14":{"start":{"line":49,"column":44},"end":{"line":49,"column":54}},"15":{"start":{"line":50,"column":4},"end":{"line":52,"column":5}},"16":{"start":{"line":51,"column":6},"end":{"line":51,"column":119}},"17":{"start":{"line":53,"column":4},"end":{"line":53,"column":23}},"18":{"start":{"line":57,"column":4},"end":{"line":57,"column":22}}},"fnMap":{"0":{"name":"(anonymous_0)","decl":{"start":{"line":11,"column":21},"end":{"line":11,"column":22}},"loc":{"start":{"line":11,"column":45},"end":{"line":32,"column":3}},"line":11},"1":{"name":"(anonymous_1)","decl":{"start":{"line":19,"column":8},"end":{"line":19,"column":9}},"loc":{"start":{"line":20,"column":10},"end":{"line":24,"column":40}},"line":20},"2":{"name":"(anonymous_2)","decl":{"start":{"line":23,"column":25},"end":{"line":23,"column":26}},"loc":{"start":{"line":23,"column":32},"end":{"line":23,"column":53}},"line":23},"3":{"name":"(anonymous_3)","decl":{"start":{"line":29,"column":32},"end":{"line":29,"column":33}},"loc":{"start":{"line":29,"column":39},"end":{"line":29,"column":60}},"line":29},"4":{"name":"(anonymous_4)","decl":{"start":{"line":34,"column":24},"end":{"line":34,"column":25}},"loc":{"start":{"line":34,"column":42},"end":{"line":41,"column":3}},"line":34},"5":{"name":"(anonymous_5)","decl":{"start":{"line":39,"column":26},"end":{"line":39,"column":27}},"loc":{"start":{"line":39,"column":33},"end":{"line":39,"column":43}},"line":39},"6":{"name":"(anonymous_6)","decl":{"start":{"line":43,"column":20},"end":{"line":43,"column":21}},"loc":{"start":{"line":43,"column":38},"end":{"line":46,"column":3}},"line":43},"7":{"name":"(anonymous_7)","decl":{"start":{"line":45,"column":31},"end":{"line":45,"column":32}},"loc":{"start":{"line":45,"column":38},"end":{"line":45,"column":48}},"line":45},"8":{"name":"(anonymous_8)","decl":{"start":{"line":45,"column":54},"end":{"line":45,"column":55}},"loc":{"start":{"line":45,"column":61},"end":{"line":45,"column":71}},"line":45},"9":{"name":"(anonymous_9)","decl":{"start":{"line":48,"column":23},"end":{"line":48,"column":24}},"loc":{"start":{"line":48,"column":41},"end":{"line":54,"column":3}},"line":48},"10":{"name":"(anonymous_10)","decl":{"start":{"line":49,"column":37},"end":{"line":49,"column":38}},"loc":{"start":{"line":49,"column":44},"end":{"line":49,"column":54}},"line":49},"11":{"name":"(anonymous_11)","decl":{"start":{"line":56,"column":25},"end":{"line":56,"column":26}},"loc":{"start":{"line":56,"column":38},"end":{"line":58,"column":3}},"line":56}},"branchMap":{"0":{"loc":{"start":{"line":12,"column":4},"end":{"line":12,"column":56}},"type":"if","locations":[{"start":{"line":12,"column":4},"end":{"line":12,"column":56}},{"start":{},"end":{}}],"line":12},"1":{"loc":{"start":{"line":12,"column":8},"end":{"line":12,"column":41}},"type":"binary-expr","locations":[{"start":{"line":12,"column":8},"end":{"line":12,"column":13}},{"start":{"line":12,"column":17},"end":{"line":12,"column":41}}],"line":12},"2":{"loc":{"start":{"line":16,"column":6},"end":{"line":30,"column":45}},"type":"binary-expr","locations":[{"start":{"line":16,"column":6},"end":{"line":16,"column":34}},{"start":{"line":17,"column":6},"end":{"line":17,"column":30}},{"start":{"line":18,"column":6},"end":{"line":25,"column":7}},{"start":{"line":26,"column":6},"end":{"line":26,"column":40}},{"start":{"line":27,"column":6},"end":{"line":27,"column":37}},{"start":{"line":28,"column":6},"end":{"line":28,"column":38}},{"start":{"line":29,"column":6},"end":{"line":29,"column":61}},{"start":{"line":30,"column":6},"end":{"line":30,"column":45}}],"line":16},"3":{"loc":{"start":{"line":20,"column":10},"end":{"line":24,"column":40}},"type":"binary-expr","locations":[{"start":{"line":20,"column":10},"end":{"line":20,"column":33}},{"start":{"line":21,"column":10},"end":{"line":21,"column":30}},{"start":{"line":22,"column":10},"end":{"line":22,"column":31}},{"start":{"line":23,"column":10},"end":{"line":23,"column":54}},{"start":{"line":24,"column":10},"end":{"line":24,"column":40}}],"line":20},"4":{"loc":{"start":{"line":37,"column":6},"end":{"line":39,"column":56}},"type":"binary-expr","locations":[{"start":{"line":37,"column":6},"end":{"line":37,"column":30}},{"start":{"line":38,"column":6},"end":{"line":38,"column":31}},{"start":{"line":39,"column":6},"end":{"line":39,"column":56}}],"line":37},"5":{"loc":{"start":{"line":50,"column":4},"end":{"line":52,"column":5}},"type":"if","locations":[{"start":{"line":50,"column":4},"end":{"line":52,"column":5}},{"start":{},"end":{}}],"line":50},"6":{"loc":{"start":{"line":50,"column":8},"end":{"line":50,"column":30}},"type":"binary-expr","locations":[{"start":{"line":50,"column":8},"end":{"line":50,"column":14}},{"start":{"line":50,"column":18},"end":{"line":50,"column":30}}],"line":50}},"s":{"0":0,"1":0,"2":0,"3":0,"4":0,"5":0,"6":0,"7":0,"8":0,"9":0,"10":0,"11":0,"12":0,"13":0,"14":0,"15":0,"16":0,"17":0,"18":0},"f":{"0":0,"1":0,"2":0,"3":0,"4":0,"5":0,"6":0,"7":0,"8":0,"9":0,"10":0,"11":0},"b":{"0":[0,0],"1":[0,0],"2":[0,0,0,0,0,0,0,0],"3":[0,0,0,0,0],"4":[0,0,0],"5":[0,0],"6":[0,0]}}
,"/Users/miguelzepeda/Projects/TheMatch/lib/utils/logger.ts": {"path":"/Users/miguelzepeda/Projects/TheMatch/lib/utils/logger.ts","statementMap":{"0":{"start":{"line":21,"column":26},"end":{"line":21,"column":33}},"1":{"start":{"line":24,"column":22},"end":{"line":24,"column":46}},"2":{"start":{"line":25,"column":19},"end":{"line":25,"column":60}},"3":{"start":{"line":26,"column":20},"end":{"line":26,"column":68}},"4":{"start":{"line":27,"column":4},"end":{"line":27,"column":44}},"5":{"start":{"line":34,"column":4},"end":{"line":36,"column":5}},"6":{"start":{"line":35,"column":6},"end":{"line":35,"column":64}},"7":{"start":{"line":43,"column":4},"end":{"line":45,"column":5}},"8":{"start":{"line":44,"column":6},"end":{"line":44,"column":61}},"9":{"start":{"line":52,"column":4},"end":{"line":54,"column":5}},"10":{"start":{"line":53,"column":6},"end":{"line":53,"column":62}},"11":{"start":{"line":57,"column":4},"end":{"line":62,"column":5}},"12":{"start":{"line":58,"column":6},"end":{"line":58,"column":41}},"13":{"start":{"line":59,"column":6},"end":{"line":61,"column":7}},"14":{"start":{"line":60,"column":8},"end":{"line":60,"column":48}},"15":{"start":{"line":69,"column":22},"end":{"line":71,"column":13}},"16":{"start":{"line":73,"column":4},"end":{"line":75,"column":5}},"17":{"start":{"line":74,"column":6},"end":{"line":74,"column":69}},"18":{"start":{"line":78,"column":4},"end":{"line":84,"column":5}},"19":{"start":{"line":79,"column":6},"end":{"line":83,"column":7}},"20":{"start":{"line":80,"column":8},"end":{"line":80,"column":54}},"21":{"start":{"line":82,"column":8},"end":{"line":82,"column":76}},"22":{"start":{"line":91,"column":4},"end":{"line":93,"column":5}},"23":{"start":{"line":92,"column":6},"end":{"line":92,"column":52}},"24":{"start":{"line":98,"column":22},"end":{"line":98,"column":34}}},"fnMap":{"0":{"name":"(anonymous_0)","decl":{"start":{"line":23,"column":2},"end":{"line":23,"column":3}},"loc":{"start":{"line":23,"column":78},"end":{"line":28,"column":3}},"line":23},"1":{"name":"(anonymous_1)","decl":{"start":{"line":33,"column":2},"end":{"line":33,"column":3}},"loc":{"start":{"line":33,"column":43},"end":{"line":37,"column":3}},"line":33},"2":{"name":"(anonymous_2)","decl":{"start":{"line":42,"column":2},"end":{"line":42,"column":3}},"loc":{"start":{"line":42,"column":42},"end":{"line":46,"column":3}},"line":42},"3":{"name":"(anonymous_3)","decl":{"start":{"line":51,"column":2},"end":{"line":51,"column":3}},"loc":{"start":{"line":51,"column":42},"end":{"line":63,"column":3}},"line":51},"4":{"name":"(anonymous_4)","decl":{"start":{"line":68,"column":2},"end":{"line":68,"column":3}},"loc":{"start":{"line":68,"column":52},"end":{"line":85,"column":3}},"line":68},"5":{"name":"(anonymous_5)","decl":{"start":{"line":90,"column":2},"end":{"line":90,"column":3}},"loc":{"start":{"line":90,"column":51},"end":{"line":94,"column":3}},"line":90}},"branchMap":{"0":{"loc":{"start":{"line":26,"column":20},"end":{"line":26,"column":68}},"type":"cond-expr","locations":[{"start":{"line":26,"column":27},"end":{"line":26,"column":63}},{"start":{"line":26,"column":66},"end":{"line":26,"column":68}}],"line":26},"1":{"loc":{"start":{"line":34,"column":4},"end":{"line":36,"column":5}},"type":"if","locations":[{"start":{"line":34,"column":4},"end":{"line":36,"column":5}},{"start":{},"end":{}}],"line":34},"2":{"loc":{"start":{"line":43,"column":4},"end":{"line":45,"column":5}},"type":"if","locations":[{"start":{"line":43,"column":4},"end":{"line":45,"column":5}},{"start":{},"end":{}}],"line":43},"3":{"loc":{"start":{"line":52,"column":4},"end":{"line":54,"column":5}},"type":"if","locations":[{"start":{"line":52,"column":4},"end":{"line":54,"column":5}},{"start":{},"end":{}}],"line":52},"4":{"loc":{"start":{"line":57,"column":4},"end":{"line":62,"column":5}},"type":"if","locations":[{"start":{"line":57,"column":4},"end":{"line":62,"column":5}},{"start":{},"end":{}}],"line":57},"5":{"loc":{"start":{"line":59,"column":6},"end":{"line":61,"column":7}},"type":"if","locations":[{"start":{"line":59,"column":6},"end":{"line":61,"column":7}},{"start":{},"end":{}}],"line":59},"6":{"loc":{"start":{"line":69,"column":22},"end":{"line":71,"column":13}},"type":"cond-expr","locations":[{"start":{"line":70,"column":8},"end":{"line":70,"column":54}},{"start":{"line":71,"column":8},"end":{"line":71,"column":13}}],"line":69},"7":{"loc":{"start":{"line":73,"column":4},"end":{"line":75,"column":5}},"type":"if","locations":[{"start":{"line":73,"column":4},"end":{"line":75,"column":5}},{"start":{},"end":{}}],"line":73},"8":{"loc":{"start":{"line":78,"column":4},"end":{"line":84,"column":5}},"type":"if","locations":[{"start":{"line":78,"column":4},"end":{"line":84,"column":5}},{"start":{},"end":{}}],"line":78},"9":{"loc":{"start":{"line":79,"column":6},"end":{"line":83,"column":7}},"type":"if","locations":[{"start":{"line":79,"column":6},"end":{"line":83,"column":7}},{"start":{"line":81,"column":13},"end":{"line":83,"column":7}}],"line":79},"10":{"loc":{"start":{"line":91,"column":4},"end":{"line":93,"column":5}},"type":"if","locations":[{"start":{"line":91,"column":4},"end":{"line":93,"column":5}},{"start":{},"end":{}}],"line":91}},"s":{"0":1,"1":10,"2":10,"3":10,"4":10,"5":4,"6":4,"7":2,"8":2,"9":2,"10":2,"11":2,"12":0,"13":0,"14":0,"15":2,"16":2,"17":2,"18":2,"19":0,"20":0,"21":0,"22":2,"23":2,"24":1},"f":{"0":10,"1":4,"2":2,"3":2,"4":2,"5":2},"b":{"0":[6,4],"1":[4,0],"2":[2,0],"3":[2,0],"4":[0,2],"5":[0,0],"6":[1,1],"7":[2,0],"8":[0,2],"9":[0,0],"10":[2,0]},"_coverageSchema":"1a1c01bbd47fc00a2c39e90264f33305004495a9","hash":"02ebcc2ff698669c4c8f0ce74c6b7518e60edb63"}
,"/Users/miguelzepeda/Projects/TheMatch/lib/utils/sentry.ts": {"path":"/Users/miguelzepeda/Projects/TheMatch/lib/utils/sentry.ts","statementMap":{"0":{"start":{"line":15,"column":14},"end":{"line":15,"column":48}},"1":{"start":{"line":17,"column":2},"end":{"line":21,"column":3}},"2":{"start":{"line":20,"column":4},"end":{"line":20,"column":11}},"3":{"start":{"line":23,"column":2},"end":{"line":33,"column":5}},"4":{"start":{"line":45,"column":2},"end":{"line":47,"column":5}},"5":{"start":{"line":57,"column":2},"end":{"line":57,"column":40}},"6":{"start":{"line":68,"column":2},"end":{"line":68,"column":23}},"7":{"start":{"line":79,"column":2},"end":{"line":84,"column":5}},"8":{"start":{"line":94,"column":2},"end":{"line":94,"column":35}},"9":{"start":{"line":101,"column":2},"end":{"line":101,"column":28}},"10":{"start":{"line":114,"column":2},"end":{"line":117,"column":4}}},"fnMap":{"0":{"name":"initializeSentry","decl":{"start":{"line":14,"column":16},"end":{"line":14,"column":32}},"loc":{"start":{"line":14,"column":35},"end":{"line":34,"column":1}},"line":14},"1":{"name":"captureException","decl":{"start":{"line":41,"column":16},"end":{"line":41,"column":32}},"loc":{"start":{"line":44,"column":2},"end":{"line":48,"column":1}},"line":44},"2":{"name":"captureMessage","decl":{"start":{"line":53,"column":16},"end":{"line":53,"column":30}},"loc":{"start":{"line":56,"column":2},"end":{"line":58,"column":1}},"line":56},"3":{"name":"setUser","decl":{"start":{"line":65,"column":16},"end":{"line":65,"column":23}},"loc":{"start":{"line":67,"column":2},"end":{"line":69,"column":1}},"line":67},"4":{"name":"addBreadcrumb","decl":{"start":{"line":74,"column":16},"end":{"line":74,"column":29}},"loc":{"start":{"line":78,"column":2},"end":{"line":85,"column":1}},"line":78},"5":{"name":"setContext","decl":{"start":{"line":90,"column":16},"end":{"line":90,"column":26}},"loc":{"start":{"line":93,"column":2},"end":{"line":95,"column":1}},"line":93},"6":{"name":"setTag","decl":{"start":{"line":100,"column":16},"end":{"line":100,"column":22}},"loc":{"start":{"line":100,"column":51},"end":{"line":102,"column":1}},"line":100},"7":{"name":"startSpan","decl":{"start":{"line":109,"column":22},"end":{"line":109,"column":31}},"loc":{"start":{"line":113,"column":14},"end":{"line":118,"column":1}},"line":113}},"branchMap":{"0":{"loc":{"start":{"line":17,"column":2},"end":{"line":21,"column":3}},"type":"if","locations":[{"start":{"line":17,"column":2},"end":{"line":21,"column":3}},{"start":{},"end":{}}],"line":17},"1":{"loc":{"start":{"line":32,"column":17},"end":{"line":32,"column":55}},"type":"cond-expr","locations":[{"start":{"line":32,"column":27},"end":{"line":32,"column":40}},{"start":{"line":32,"column":43},"end":{"line":32,"column":55}}],"line":32},"2":{"loc":{"start":{"line":46,"column":14},"end":{"line":46,"column":54}},"type":"cond-expr","locations":[{"start":{"line":46,"column":24},"end":{"line":46,"column":42}},{"start":{"line":46,"column":45},"end":{"line":46,"column":54}}],"line":46},"3":{"loc":{"start":{"line":55,"column":2},"end":{"line":55,"column":38}},"type":"default-arg","locations":[{"start":{"line":55,"column":32},"end":{"line":55,"column":38}}],"line":55},"4":{"loc":{"start":{"line":76,"column":2},"end":{"line":76,"column":21}},"type":"default-arg","locations":[{"start":{"line":76,"column":13},"end":{"line":76,"column":21}}],"line":76}},"s":{"0":0,"1":0,"2":0,"3":0,"4":0,"5":0,"6":0,"7":0,"8":0,"9":0,"10":0},"f":{"0":0,"1":0,"2":0,"3":0,"4":0,"5":0,"6":0,"7":0},"b":{"0":[0,0],"1":[0,0],"2":[0,0],"3":[0],"4":[0]},"_coverageSchema":"1a1c01bbd47fc00a2c39e90264f33305004495a9","hash":"38284492aa16b69999e9bb21523f9128ab973878"}
}
