TN:
SF:app/+html.tsx
FN:10,Root
FNF:1
FNH:0
FNDA:0,Root
DA:11,0
DA:39,0
LF:2
LH:0
BRF:0
BRH:0
end_of_record
TN:
SF:app/+not-found.tsx
FN:6,NotFoundScreen
FNF:1
FNH:0
FNDA:0,NotFoundScreen
DA:7,0
LF:1
LH:0
BRF:0
BRH:0
end_of_record
TN:
SF:app/_layout.tsx
FN:27,RootLayout
FN:33,(anonymous_1)
FN:37,(anonymous_2)
FN:50,RootLayoutNav
FNF:4
FNH:0
FNDA:0,RootLayout
FNDA:0,(anonymous_1)
FNDA:0,(anonymous_2)
FNDA:0,RootLayoutNav
DA:23,0
DA:25,0
DA:28,0
DA:33,0
DA:34,0
DA:37,0
DA:38,0
DA:39,0
DA:43,0
DA:44,0
DA:47,0
DA:51,0
DA:54,0
DA:56,0
LF:14
LH:0
BRDA:34,0,0,0
BRDA:34,0,1,0
BRDA:38,1,0,0
BRDA:38,1,1,0
BRDA:43,2,0,0
BRDA:43,2,1,0
BRDA:54,3,0,0
BRDA:54,3,1,0
BRDA:60,4,0,0
BRDA:60,4,1,0
BRF:10
BRH:0
end_of_record
TN:
SF:app/index.tsx
FN:9,Home
FN:31,(anonymous_1)
FNF:2
FNH:0
FNDA:0,Home
FNDA:0,(anonymous_1)
DA:10,0
DA:11,0
DA:13,0
DA:17,0
DA:31,0
LF:5
LH:0
BRDA:13,0,0,0
BRDA:13,0,1,0
BRF:2
BRH:0
end_of_record
TN:
SF:app/modal.tsx
FN:8,ModalScreen
FNF:1
FNH:0
FNDA:0,ModalScreen
DA:9,0
LF:1
LH:0
BRDA:16,0,0,0
BRDA:16,0,1,0
BRF:2
BRH:0
end_of_record
TN:
SF:app/(tabs)/_layout.tsx
FN:6,TabBarIcon
FN:13,TabLayout
FN:29,(anonymous_2)
FN:36,(anonymous_3)
FN:43,(anonymous_4)
FN:50,(anonymous_5)
FN:57,(anonymous_6)
FNF:7
FNH:0
FNDA:0,TabBarIcon
FNDA:0,TabLayout
FNDA:0,(anonymous_2)
FNDA:0,(anonymous_3)
FNDA:0,(anonymous_4)
FNDA:0,(anonymous_5)
FNDA:0,(anonymous_6)
DA:10,0
DA:14,0
DA:29,0
DA:36,0
DA:43,0
DA:50,0
DA:57,0
LF:7
LH:0
BRF:0
BRH:0
end_of_record
TN:
SF:app/(tabs)/custom-games/_layout.tsx
FN:3,CustomGamesLayout
FNF:1
FNH:0
FNDA:0,CustomGamesLayout
DA:4,0
LF:1
LH:0
BRF:0
BRH:0
end_of_record
TN:
SF:app/(tabs)/custom-games/index.tsx
FN:22,CustomGamesIndex
FN:27,(anonymous_1)
FN:42,(anonymous_2)
FN:47,(anonymous_3)
FN:56,(anonymous_4)
FN:74,(anonymous_5)
FN:78,(anonymous_6)
FN:87,(anonymous_7)
FN:134,(anonymous_8)
FN:138,(anonymous_9)
FN:182,(anonymous_10)
FN:189,(anonymous_11)
FN:204,(anonymous_12)
FNF:13
FNH:0
FNDA:0,CustomGamesIndex
FNDA:0,(anonymous_1)
FNDA:0,(anonymous_2)
FNDA:0,(anonymous_3)
FNDA:0,(anonymous_4)
FNDA:0,(anonymous_5)
FNDA:0,(anonymous_6)
FNDA:0,(anonymous_7)
FNDA:0,(anonymous_8)
FNDA:0,(anonymous_9)
FNDA:0,(anonymous_10)
FNDA:0,(anonymous_11)
FNDA:0,(anonymous_12)
DA:23,0
DA:24,0
DA:25,0
DA:27,0
DA:28,0
DA:30,0
DA:31,0
DA:32,0
DA:33,0
DA:35,0
DA:37,0
DA:41,0
DA:43,0
DA:47,0
DA:48,0
DA:57,0
DA:58,0
DA:59,0
DA:60,0
DA:62,0
DA:63,0
DA:74,0
DA:75,0
DA:78,0
DA:79,0
DA:80,0
DA:81,0
DA:82,0
DA:83,0
DA:87,0
DA:88,0
DA:89,0
DA:90,0
DA:91,0
DA:92,0
DA:96,0
DA:97,0
DA:107,0
DA:135,0
DA:139,0
DA:182,0
DA:189,0
DA:204,0
LF:43
LH:0
BRDA:28,0,0,0
BRDA:28,0,1,0
BRDA:57,1,0,0
BRDA:57,1,1,0
BRDA:65,2,0,0
BRDA:65,2,1,0
BRDA:79,3,0,0
BRDA:79,3,1,0
BRDA:79,3,2,0
BRDA:79,3,3,0
BRDA:88,4,0,0
BRDA:88,4,1,0
BRDA:88,4,2,0
BRDA:88,4,3,0
BRDA:96,5,0,0
BRDA:96,5,1,0
BRDA:121,6,0,0
BRDA:121,6,1,0
BRDA:150,7,0,0
BRDA:150,7,1,0
BRF:20
BRH:0
end_of_record
TN:
SF:app/(tabs)/custom-games/new.tsx
FN:43,NewCustomGame
FN:64,(anonymous_1)
FN:70,(anonymous_2)
FN:93,(anonymous_3)
FN:128,(anonymous_4)
FN:170,(anonymous_5)
FN:179,(anonymous_6)
FN:189,(anonymous_7)
FN:256,(anonymous_8)
FN:291,(anonymous_9)
FN:450,(anonymous_10)
FNF:11
FNH:0
FNDA:0,NewCustomGame
FNDA:0,(anonymous_1)
FNDA:0,(anonymous_2)
FNDA:0,(anonymous_3)
FNDA:0,(anonymous_4)
FNDA:0,(anonymous_5)
FNDA:0,(anonymous_6)
FNDA:0,(anonymous_7)
FNDA:0,(anonymous_8)
FNDA:0,(anonymous_9)
FNDA:0,(anonymous_10)
DA:44,0
DA:45,0
DA:46,0
DA:49,0
DA:50,0
DA:51,0
DA:52,0
DA:53,0
DA:54,0
DA:55,0
DA:56,0
DA:57,0
DA:58,0
DA:60,0
DA:61,0
DA:64,0
DA:65,0
DA:66,0
DA:70,0
DA:71,0
DA:73,0
DA:74,0
DA:75,0
DA:76,0
DA:77,0
DA:78,0
DA:79,0
DA:80,0
DA:81,0
DA:82,0
DA:83,0
DA:84,0
DA:85,0
DA:88,0
DA:89,0
DA:93,0
DA:94,0
DA:96,0
DA:97,0
DA:100,0
DA:101,0
DA:102,0
DA:105,0
DA:106,0
DA:108,0
DA:109,0
DA:112,0
DA:113,0
DA:116,0
DA:117,0
DA:120,0
DA:121,0
DA:124,0
DA:125,0
DA:128,0
DA:129,0
DA:130,0
DA:133,0
DA:134,0
DA:135,0
DA:138,0
DA:139,0
DA:141,0
DA:142,0
DA:155,0
DA:156,0
DA:158,0
DA:161,0
DA:163,0
DA:164,0
DA:166,0
DA:170,0
DA:171,0
DA:172,0
DA:173,0
DA:174,0
DA:175,0
DA:179,0
DA:180,0
DA:181,0
DA:182,0
DA:183,0
DA:184,0
DA:185,0
DA:189,0
DA:190,0
DA:191,0
DA:192,0
DA:193,0
DA:194,0
DA:198,0
DA:256,0
DA:291,0
DA:450,0
LF:94
LH:0
BRDA:65,0,0,0
BRDA:65,0,1,0
BRDA:65,1,0,0
BRDA:65,1,1,0
BRDA:65,1,2,0
BRDA:71,2,0,0
BRDA:71,2,1,0
BRDA:71,3,0,0
BRDA:71,3,1,0
BRDA:75,4,0,0
BRDA:75,4,1,0
BRDA:77,5,0,0
BRDA:77,5,1,0
BRDA:85,6,0,0
BRDA:85,6,1,0
BRDA:96,7,0,0
BRDA:96,7,1,0
BRDA:101,8,0,0
BRDA:101,8,1,0
BRDA:101,9,0,0
BRDA:101,9,1,0
BRDA:108,10,0,0
BRDA:108,10,1,0
BRDA:108,11,0,0
BRDA:108,11,1,0
BRDA:108,11,2,0
BRDA:112,12,0,0
BRDA:112,12,1,0
BRDA:112,13,0,0
BRDA:112,13,1,0
BRDA:112,13,2,0
BRDA:116,14,0,0
BRDA:116,14,1,0
BRDA:116,15,0,0
BRDA:116,15,1,0
BRDA:116,15,2,0
BRDA:120,16,0,0
BRDA:120,16,1,0
BRDA:120,17,0,0
BRDA:120,17,1,0
BRDA:120,17,2,0
BRDA:129,18,0,0
BRDA:129,18,1,0
BRDA:133,19,0,0
BRDA:133,19,1,0
BRDA:144,20,0,0
BRDA:144,20,1,0
BRDA:152,21,0,0
BRDA:152,21,1,0
BRDA:155,22,0,0
BRDA:155,22,1,0
BRDA:155,23,0,0
BRDA:155,23,1,0
BRDA:171,24,0,0
BRDA:171,24,1,0
BRDA:171,24,2,0
BRDA:171,24,3,0
BRDA:180,25,0,0
BRDA:180,25,1,0
BRDA:181,26,0,0
BRDA:181,26,1,0
BRDA:181,26,2,0
BRDA:181,26,3,0
BRDA:190,27,0,0
BRDA:190,27,1,0
BRDA:190,27,2,0
BRDA:190,27,3,0
BRDA:208,28,0,0
BRDA:208,28,1,0
BRDA:228,29,0,0
BRDA:228,29,1,0
BRDA:321,30,0,0
BRDA:321,30,1,0
BRDA:321,31,0,0
BRDA:321,31,1,0
BRDA:332,32,0,0
BRDA:332,32,1,0
BRDA:353,33,0,0
BRDA:353,33,1,0
BRDA:372,34,0,0
BRDA:372,34,1,0
BRDA:417,35,0,0
BRDA:417,35,1,0
BRDA:417,35,2,0
BRDA:435,36,0,0
BRDA:435,36,1,0
BRDA:464,37,0,0
BRDA:464,37,1,0
BRDA:464,38,0,0
BRDA:464,38,1,0
BRF:90
BRH:0
end_of_record
TN:
SF:app/(tabs)/leagues/[id].tsx
FN:38,LeagueDetails
FN:60,(anonymous_1)
FN:96,(anonymous_2)
FN:111,(anonymous_3)
FN:119,(anonymous_4)
FN:131,(anonymous_5)
FN:150,(anonymous_6)
FN:154,(anonymous_7)
FN:160,(anonymous_8)
FN:174,(anonymous_9)
FN:231,(anonymous_10)
FN:239,(anonymous_11)
FN:247,(anonymous_12)
FN:327,(anonymous_13)
FN:359,(anonymous_14)
FN:382,(anonymous_15)
FN:389,(anonymous_16)
FN:390,(anonymous_17)
FN:405,(anonymous_18)
FN:426,(anonymous_19)
FN:443,(anonymous_20)
FN:493,(anonymous_21)
FN:509,(anonymous_22)
FN:529,(anonymous_23)
FNF:24
FNH:0
FNDA:0,LeagueDetails
FNDA:0,(anonymous_1)
FNDA:0,(anonymous_2)
FNDA:0,(anonymous_3)
FNDA:0,(anonymous_4)
FNDA:0,(anonymous_5)
FNDA:0,(anonymous_6)
FNDA:0,(anonymous_7)
FNDA:0,(anonymous_8)
FNDA:0,(anonymous_9)
FNDA:0,(anonymous_10)
FNDA:0,(anonymous_11)
FNDA:0,(anonymous_12)
FNDA:0,(anonymous_13)
FNDA:0,(anonymous_14)
FNDA:0,(anonymous_15)
FNDA:0,(anonymous_16)
FNDA:0,(anonymous_17)
FNDA:0,(anonymous_18)
FNDA:0,(anonymous_19)
FNDA:0,(anonymous_20)
FNDA:0,(anonymous_21)
FNDA:0,(anonymous_22)
FNDA:0,(anonymous_23)
DA:39,0
DA:40,0
DA:41,0
DA:42,0
DA:43,0
DA:53,0
DA:54,0
DA:55,0
DA:56,0
DA:60,0
DA:61,0
DA:63,0
DA:64,0
DA:65,0
DA:66,0
DA:69,0
DA:70,0
DA:73,0
DA:74,0
DA:77,0
DA:78,0
DA:83,0
DA:89,0
DA:91,0
DA:92,0
DA:95,0
DA:96,0
DA:97,0
DA:98,0
DA:99,0
DA:102,0
DA:104,0
DA:106,0
DA:110,0
DA:112,0
DA:113,0
DA:114,0
DA:119,0
DA:120,0
DA:132,0
DA:134,0
DA:135,0
DA:136,0
DA:138,0
DA:139,0
DA:150,0
DA:151,0
DA:154,0
DA:155,0
DA:161,0
DA:162,0
DA:163,0
DA:164,0
DA:166,0
DA:167,0
DA:174,0
DA:175,0
DA:177,0
DA:179,0
DA:180,0
DA:187,0
DA:188,0
DA:192,0
DA:196,0
DA:205,0
DA:208,0
DA:210,0
DA:211,0
DA:215,0
DA:216,0
DA:226,0
DA:227,0
DA:231,0
DA:239,0
DA:240,0
DA:247,0
DA:248,0
DA:249,0
DA:250,0
DA:253,0
DA:328,0
DA:360,0
DA:382,0
DA:389,0
DA:391,0
DA:392,0
DA:406,0
DA:427,0
DA:444,0
DA:493,0
DA:510,0
DA:530,0
LF:92
LH:0
BRDA:61,0,0,0
BRDA:61,0,1,0
BRDA:61,1,0,0
BRDA:61,1,1,0
BRDA:98,2,0,0
BRDA:98,2,1,0
BRDA:112,3,0,0
BRDA:112,3,1,0
BRDA:132,4,0,0
BRDA:132,4,1,0
BRDA:132,5,0,0
BRDA:132,5,1,0
BRDA:161,6,0,0
BRDA:161,6,1,0
BRDA:161,7,0,0
BRDA:161,7,1,0
BRDA:175,8,0,0
BRDA:175,8,1,0
BRDA:175,9,0,0
BRDA:175,9,1,0
BRDA:187,10,0,0
BRDA:187,10,1,0
BRDA:215,11,0,0
BRDA:215,11,1,0
BRDA:226,12,0,0
BRDA:226,12,1,0
BRDA:249,13,0,0
BRDA:249,13,1,0
BRDA:283,14,0,0
BRDA:283,14,1,0
BRDA:285,15,0,0
BRDA:285,15,1,0
BRDA:287,16,0,0
BRDA:287,16,1,0
BRDA:293,17,0,0
BRDA:293,17,1,0
BRDA:323,18,0,0
BRDA:323,18,1,0
BRDA:336,19,0,0
BRDA:336,19,1,0
BRDA:382,20,0,0
BRDA:382,20,1,0
BRDA:421,21,0,0
BRDA:421,21,1,0
BRDA:421,21,2,0
BRDA:469,22,0,0
BRDA:469,22,1,0
BRDA:501,23,0,0
BRDA:501,23,1,0
BRF:49
BRH:0
end_of_record
TN:
SF:app/(tabs)/leagues/_layout.tsx
FN:3,LeaguesLayout
FNF:1
FNH:0
FNDA:0,LeaguesLayout
DA:4,0
LF:1
LH:0
BRF:0
BRH:0
end_of_record
TN:
SF:app/(tabs)/leagues/index.tsx
FN:20,Leagues
FN:27,(anonymous_1)
FN:44,(anonymous_2)
FN:52,(anonymous_3)
FN:57,(anonymous_4)
FN:66,(anonymous_5)
FN:81,(anonymous_6)
FN:85,(anonymous_7)
FN:100,(anonymous_8)
FN:133,(anonymous_9)
FN:137,(anonymous_10)
FN:164,(anonymous_11)
FN:179,(anonymous_12)
FN:186,(anonymous_13)
FN:201,(anonymous_14)
FNF:15
FNH:0
FNDA:0,Leagues
FNDA:0,(anonymous_1)
FNDA:0,(anonymous_2)
FNDA:0,(anonymous_3)
FNDA:0,(anonymous_4)
FNDA:0,(anonymous_5)
FNDA:0,(anonymous_6)
FNDA:0,(anonymous_7)
FNDA:0,(anonymous_8)
FNDA:0,(anonymous_9)
FNDA:0,(anonymous_10)
FNDA:0,(anonymous_11)
FNDA:0,(anonymous_12)
FNDA:0,(anonymous_13)
FNDA:0,(anonymous_14)
DA:21,0
DA:22,0
DA:23,0
DA:24,0
DA:25,0
DA:27,0
DA:28,0
DA:30,0
DA:31,0
DA:34,0
DA:36,0
DA:38,0
DA:39,0
DA:43,0
DA:45,0
DA:46,0
DA:47,0
DA:52,0
DA:53,0
DA:54,0
DA:57,0
DA:58,0
DA:67,0
DA:68,0
DA:69,0
DA:70,0
DA:72,0
DA:73,0
DA:81,0
DA:82,0
DA:85,0
DA:86,0
DA:89,0
DA:90,0
DA:100,0
DA:101,0
DA:102,0
DA:103,0
DA:106,0
DA:134,0
DA:138,0
DA:164,0
DA:179,0
DA:186,0
DA:201,0
LF:45
LH:0
BRDA:28,0,0,0
BRDA:28,0,1,0
BRDA:45,1,0,0
BRDA:45,1,1,0
BRDA:67,2,0,0
BRDA:67,2,1,0
BRDA:89,3,0,0
BRDA:89,3,1,0
BRDA:89,4,0,0
BRDA:89,4,1,0
BRDA:102,5,0,0
BRDA:102,5,1,0
BRDA:120,6,0,0
BRDA:120,6,1,0
BRDA:154,7,0,0
BRDA:154,7,1,0
BRF:16
BRH:0
end_of_record
TN:
SF:app/(tabs)/leagues/new.tsx
FN:43,NewLeague
FN:61,(anonymous_1)
FN:62,loadCustomGames
FN:78,(anonymous_3)
FN:79,loadLeague
FN:104,(anonymous_5)
FN:160,(anonymous_6)
FN:236,(anonymous_7)
FN:296,(anonymous_8)
FN:309,(anonymous_9)
FN:335,(anonymous_10)
FN:367,(anonymous_11)
FN:406,(anonymous_12)
FN:418,(anonymous_13)
FNF:14
FNH:0
FNDA:0,NewLeague
FNDA:0,(anonymous_1)
FNDA:0,loadCustomGames
FNDA:0,(anonymous_3)
FNDA:0,loadLeague
FNDA:0,(anonymous_5)
FNDA:0,(anonymous_6)
FNDA:0,(anonymous_7)
FNDA:0,(anonymous_8)
FNDA:0,(anonymous_9)
FNDA:0,(anonymous_10)
FNDA:0,(anonymous_11)
FNDA:0,(anonymous_12)
FNDA:0,(anonymous_13)
DA:44,0
DA:45,0
DA:46,0
DA:47,0
DA:48,0
DA:49,0
DA:50,0
DA:51,0
DA:52,0
DA:53,0
DA:54,0
DA:55,0
DA:56,0
DA:57,0
DA:60,0
DA:63,0
DA:65,0
DA:66,0
DA:67,0
DA:69,0
DA:73,0
DA:78,0
DA:80,0
DA:82,0
DA:83,0
DA:84,0
DA:85,0
DA:86,0
DA:87,0
DA:88,0
DA:89,0
DA:90,0
DA:91,0
DA:94,0
DA:95,0
DA:97,0
DA:101,0
DA:104,0
DA:105,0
DA:108,0
DA:109,0
DA:110,0
DA:114,0
DA:115,0
DA:116,0
DA:120,0
DA:122,0
DA:123,0
DA:124,0
DA:127,0
DA:128,0
DA:130,0
DA:131,0
DA:141,0
DA:142,0
DA:145,0
DA:146,0
DA:148,0
DA:149,0
DA:152,0
DA:154,0
DA:155,0
DA:156,0
DA:160,0
DA:161,0
DA:162,0
DA:165,0
DA:166,0
DA:176,0
DA:236,0
DA:296,0
DA:310,0
DA:335,0
DA:367,0
DA:408,0
DA:409,0
DA:410,0
DA:413,0
DA:414,0
DA:415,0
DA:420,0
DA:421,0
LF:82
LH:0
BRDA:46,0,0,0
BRDA:46,0,1,0
BRDA:50,1,0,0
BRDA:50,1,1,0
BRDA:63,2,0,0
BRDA:63,2,1,0
BRDA:80,3,0,0
BRDA:80,3,1,0
BRDA:80,4,0,0
BRDA:80,4,1,0
BRDA:84,5,0,0
BRDA:84,5,1,0
BRDA:86,6,0,0
BRDA:86,6,1,0
BRDA:87,7,0,0
BRDA:87,7,1,0
BRDA:88,8,0,0
BRDA:88,8,1,0
BRDA:89,9,0,0
BRDA:89,9,1,0
BRDA:90,10,0,0
BRDA:90,10,1,0
BRDA:91,11,0,0
BRDA:91,11,1,0
BRDA:108,12,0,0
BRDA:108,12,1,0
BRDA:114,13,0,0
BRDA:114,13,1,0
BRDA:114,14,0,0
BRDA:114,14,1,0
BRDA:120,15,0,0
BRDA:120,15,1,0
BRDA:122,16,0,0
BRDA:122,16,1,0
BRDA:133,17,0,0
BRDA:133,17,1,0
BRDA:141,18,0,0
BRDA:141,18,1,0
BRDA:141,19,0,0
BRDA:141,19,1,0
BRDA:145,20,0,0
BRDA:145,20,1,0
BRDA:165,21,0,0
BRDA:165,21,1,0
BRDA:185,22,0,0
BRDA:185,22,1,0
BRDA:190,23,0,0
BRDA:190,23,1,0
BRDA:204,24,0,0
BRDA:204,24,1,0
BRDA:204,24,2,0
BRDA:237,25,0,0
BRDA:237,25,1,0
BRDA:243,26,0,0
BRDA:243,26,1,0
BRDA:245,27,0,0
BRDA:245,27,1,0
BRDA:247,28,0,0
BRDA:247,28,1,0
BRDA:249,29,0,0
BRDA:249,29,1,0
BRDA:272,30,0,0
BRDA:272,30,1,0
BRDA:279,31,0,0
BRDA:279,31,1,0
BRDA:281,32,0,0
BRDA:281,32,1,0
BRDA:285,33,0,0
BRDA:285,33,1,0
BRDA:289,34,0,0
BRDA:289,34,1,0
BRDA:295,35,0,0
BRDA:295,35,1,0
BRDA:296,36,0,0
BRDA:296,36,1,0
BRDA:324,37,0,0
BRDA:324,37,1,0
BRDA:324,37,2,0
BRDA:324,37,3,0
BRDA:336,38,0,0
BRDA:336,38,1,0
BRDA:345,39,0,0
BRDA:345,39,1,0
BRDA:345,39,2,0
BRDA:373,40,0,0
BRDA:373,40,1,0
BRDA:405,41,0,0
BRDA:405,41,1,0
BRDA:408,42,0,0
BRDA:408,42,1,0
BRDA:414,43,0,0
BRDA:414,43,1,0
BRDA:414,44,0,0
BRDA:414,44,1,0
BRDA:414,44,2,0
BRDA:420,45,0,0
BRDA:420,45,1,0
BRDA:453,46,0,0
BRDA:453,46,1,0
BRDA:453,47,0,0
BRDA:453,47,1,0
BRF:101
BRH:0
end_of_record
TN:
SF:app/(tabs)/leagues/[id]/add-players.tsx
FN:26,AddPlayers
FN:35,(anonymous_1)
FN:36,fetchPlayers
FN:47,(anonymous_3)
FN:57,(anonymous_4)
FN:58,(anonymous_5)
FN:70,(anonymous_6)
FN:80,(anonymous_7)
FN:81,(anonymous_8)
FN:84,(anonymous_9)
FN:89,(anonymous_10)
FN:95,(anonymous_11)
FN:102,(anonymous_12)
FN:156,(anonymous_13)
FN:222,(anonymous_14)
FN:232,(anonymous_15)
FN:261,(anonymous_16)
FNF:17
FNH:0
FNDA:0,AddPlayers
FNDA:0,(anonymous_1)
FNDA:0,fetchPlayers
FNDA:0,(anonymous_3)
FNDA:0,(anonymous_4)
FNDA:0,(anonymous_5)
FNDA:0,(anonymous_6)
FNDA:0,(anonymous_7)
FNDA:0,(anonymous_8)
FNDA:0,(anonymous_9)
FNDA:0,(anonymous_10)
FNDA:0,(anonymous_11)
FNDA:0,(anonymous_12)
FNDA:0,(anonymous_13)
FNDA:0,(anonymous_14)
FNDA:0,(anonymous_15)
FNDA:0,(anonymous_16)
DA:27,0
DA:28,0
DA:29,0
DA:30,0
DA:31,0
DA:32,0
DA:33,0
DA:35,0
DA:37,0
DA:39,0
DA:41,0
DA:46,0
DA:47,0
DA:53,0
DA:56,0
DA:57,0
DA:58,0
DA:59,0
DA:61,0
DA:63,0
DA:67,0
DA:70,0
DA:71,0
DA:72,0
DA:73,0
DA:75,0
DA:77,0
DA:80,0
DA:81,0
DA:84,0
DA:85,0
DA:89,0
DA:90,0
DA:91,0
DA:94,0
DA:95,0
DA:96,0
DA:102,0
DA:103,0
DA:105,0
DA:107,0
DA:109,0
DA:110,0
DA:111,0
DA:113,0
DA:115,0
DA:122,0
DA:124,0
DA:125,0
DA:126,0
DA:130,0
DA:131,0
DA:141,0
DA:142,0
DA:156,0
DA:166,0
DA:223,0
DA:232,0
DA:261,0
LF:59
LH:0
BRDA:37,0,0,0
BRDA:37,0,1,0
BRDA:37,1,0,0
BRDA:37,1,1,0
BRDA:72,2,0,0
BRDA:72,2,1,0
BRDA:90,3,0,0
BRDA:90,3,1,0
BRDA:96,4,0,0
BRDA:96,4,1,0
BRDA:96,4,2,0
BRDA:103,5,0,0
BRDA:103,5,1,0
BRDA:103,6,0,0
BRDA:103,6,1,0
BRDA:113,7,0,0
BRDA:113,7,1,0
BRDA:113,8,0,0
BRDA:113,8,1,0
BRDA:130,9,0,0
BRDA:130,9,1,0
BRDA:141,10,0,0
BRDA:141,10,1,0
BRDA:180,11,0,0
BRDA:180,11,1,0
BRDA:215,12,0,0
BRDA:215,12,1,0
BRDA:243,13,0,0
BRDA:243,13,1,0
BRDA:274,14,0,0
BRDA:274,14,1,0
BRF:31
BRH:0
end_of_record
TN:
SF:app/(tabs)/leagues/[id]/seasons/[seasonId].tsx
FN:58,SeasonDetail
FN:80,(anonymous_1)
FN:161,(anonymous_2)
FN:167,(anonymous_3)
FN:168,(anonymous_4)
FN:173,(anonymous_5)
FN:174,(anonymous_6)
FN:199,(anonymous_7)
FN:200,(anonymous_8)
FN:202,(anonymous_9)
FN:207,(anonymous_10)
FN:208,(anonymous_11)
FN:211,(anonymous_12)
FN:216,(anonymous_13)
FN:222,(anonymous_14)
FN:230,(anonymous_15)
FN:233,(anonymous_16)
FN:259,(anonymous_17)
FN:267,(anonymous_18)
FN:270,(anonymous_19)
FN:296,(anonymous_20)
FN:303,(anonymous_21)
FN:326,(anonymous_22)
FN:336,(anonymous_23)
FN:360,(anonymous_24)
FN:371,(anonymous_25)
FN:386,(anonymous_26)
FN:398,(anonymous_27)
FN:420,(anonymous_28)
FN:426,(anonymous_29)
FN:446,(anonymous_30)
FN:467,(anonymous_31)
FN:558,(anonymous_32)
FN:565,(anonymous_33)
FN:610,(anonymous_34)
FN:674,(anonymous_35)
FN:679,(anonymous_36)
FN:728,(anonymous_37)
FN:732,(anonymous_38)
FN:744,(anonymous_39)
FN:760,(anonymous_40)
FN:768,(anonymous_41)
FN:799,(anonymous_42)
FN:803,(anonymous_43)
FN:815,(anonymous_44)
FN:834,(anonymous_45)
FN:842,(anonymous_46)
FN:923,(anonymous_47)
FN:954,(anonymous_48)
FN:979,(anonymous_49)
FN:990,(anonymous_50)
FN:997,(anonymous_51)
FN:1001,(anonymous_52)
FN:1002,(anonymous_53)
FN:1014,(anonymous_54)
FNF:55
FNH:0
FNDA:0,SeasonDetail
FNDA:0,(anonymous_1)
FNDA:0,(anonymous_2)
FNDA:0,(anonymous_3)
FNDA:0,(anonymous_4)
FNDA:0,(anonymous_5)
FNDA:0,(anonymous_6)
FNDA:0,(anonymous_7)
FNDA:0,(anonymous_8)
FNDA:0,(anonymous_9)
FNDA:0,(anonymous_10)
FNDA:0,(anonymous_11)
FNDA:0,(anonymous_12)
FNDA:0,(anonymous_13)
FNDA:0,(anonymous_14)
FNDA:0,(anonymous_15)
FNDA:0,(anonymous_16)
FNDA:0,(anonymous_17)
FNDA:0,(anonymous_18)
FNDA:0,(anonymous_19)
FNDA:0,(anonymous_20)
FNDA:0,(anonymous_21)
FNDA:0,(anonymous_22)
FNDA:0,(anonymous_23)
FNDA:0,(anonymous_24)
FNDA:0,(anonymous_25)
FNDA:0,(anonymous_26)
FNDA:0,(anonymous_27)
FNDA:0,(anonymous_28)
FNDA:0,(anonymous_29)
FNDA:0,(anonymous_30)
FNDA:0,(anonymous_31)
FNDA:0,(anonymous_32)
FNDA:0,(anonymous_33)
FNDA:0,(anonymous_34)
FNDA:0,(anonymous_35)
FNDA:0,(anonymous_36)
FNDA:0,(anonymous_37)
FNDA:0,(anonymous_38)
FNDA:0,(anonymous_39)
FNDA:0,(anonymous_40)
FNDA:0,(anonymous_41)
FNDA:0,(anonymous_42)
FNDA:0,(anonymous_43)
FNDA:0,(anonymous_44)
FNDA:0,(anonymous_45)
FNDA:0,(anonymous_46)
FNDA:0,(anonymous_47)
FNDA:0,(anonymous_48)
FNDA:0,(anonymous_49)
FNDA:0,(anonymous_50)
FNDA:0,(anonymous_51)
FNDA:0,(anonymous_52)
FNDA:0,(anonymous_53)
FNDA:0,(anonymous_54)
DA:59,0
DA:60,0
DA:65,0
DA:66,0
DA:67,0
DA:68,0
DA:69,0
DA:70,0
DA:71,0
DA:72,0
DA:73,0
DA:74,0
DA:75,0
DA:76,0
DA:77,0
DA:78,0
DA:80,0
DA:81,0
DA:83,0
DA:84,0
DA:87,0
DA:92,0
DA:95,0
DA:96,0
DA:99,0
DA:100,0
DA:103,0
DA:104,0
DA:106,0
DA:111,0
DA:112,0
DA:116,0
DA:123,0
DA:126,0
DA:133,0
DA:134,0
DA:136,0
DA:137,0
DA:143,0
DA:145,0
DA:146,0
DA:149,0
DA:150,0
DA:154,0
DA:156,0
DA:160,0
DA:162,0
DA:167,0
DA:168,0
DA:173,0
DA:174,0
DA:175,0
DA:177,0
DA:184,0
DA:186,0
DA:193,0
DA:196,0
DA:199,0
DA:200,0
DA:201,0
DA:202,0
DA:207,0
DA:208,0
DA:211,0
DA:212,0
DA:216,0
DA:217,0
DA:218,0
DA:221,0
DA:222,0
DA:223,0
DA:230,0
DA:231,0
DA:233,0
DA:235,0
DA:236,0
DA:241,0
DA:244,0
DA:245,0
DA:250,0
DA:259,0
DA:267,0
DA:268,0
DA:270,0
DA:272,0
DA:273,0
DA:278,0
DA:281,0
DA:282,0
DA:287,0
DA:296,0
DA:303,0
DA:304,0
DA:306,0
DA:307,0
DA:308,0
DA:314,0
DA:315,0
DA:316,0
DA:317,0
DA:319,0
DA:320,0
DA:322,0
DA:326,0
DA:327,0
DA:329,0
DA:337,0
DA:339,0
DA:346,0
DA:347,0
DA:348,0
DA:349,0
DA:351,0
DA:352,0
DA:360,0
DA:361,0
DA:363,0
DA:372,0
DA:373,0
DA:374,0
DA:375,0
DA:377,0
DA:378,0
DA:386,0
DA:387,0
DA:389,0
DA:391,0
DA:399,0
DA:400,0
DA:408,0
DA:409,0
DA:411,0
DA:412,0
DA:420,0
DA:421,0
DA:426,0
DA:427,0
DA:428,0
DA:430,0
DA:432,0
DA:433,0
DA:435,0
DA:436,0
DA:439,0
DA:440,0
DA:443,0
DA:446,0
DA:447,0
DA:450,0
DA:451,0
DA:454,0
DA:458,0
DA:460,0
DA:468,0
DA:470,0
DA:484,0
DA:489,0
DA:501,0
DA:502,0
DA:504,0
DA:505,0
DA:513,0
DA:514,0
DA:524,0
DA:525,0
DA:533,0
DA:536,0
DA:558,0
DA:565,0
DA:611,0
DA:675,0
DA:679,0
DA:729,0
DA:733,0
DA:745,0
DA:760,0
DA:768,0
DA:800,0
DA:804,0
DA:816,0
DA:834,0
DA:842,0
DA:923,0
DA:954,0
DA:980,0
DA:991,0
DA:997,0
DA:1001,0
DA:1002,0
DA:1015,0
LF:190
LH:0
BRDA:81,0,0,0
BRDA:81,0,1,0
BRDA:81,1,0,0
BRDA:81,1,1,0
BRDA:81,1,2,0
BRDA:103,2,0,0
BRDA:103,2,1,0
BRDA:104,3,0,0
BRDA:104,3,1,0
BRDA:134,4,0,0
BRDA:134,4,1,0
BRDA:175,5,0,0
BRDA:175,5,1,0
BRDA:175,6,0,0
BRDA:175,6,1,0
BRDA:175,6,2,0
BRDA:175,6,3,0
BRDA:201,7,0,0
BRDA:201,7,1,0
BRDA:217,8,0,0
BRDA:217,8,1,0
BRDA:223,9,0,0
BRDA:223,9,1,0
BRDA:223,9,2,0
BRDA:235,10,0,0
BRDA:235,10,1,0
BRDA:244,11,0,0
BRDA:244,11,1,0
BRDA:272,12,0,0
BRDA:272,12,1,0
BRDA:281,13,0,0
BRDA:281,13,1,0
BRDA:304,14,0,0
BRDA:304,14,1,0
BRDA:304,15,0,0
BRDA:304,15,1,0
BRDA:327,16,0,0
BRDA:327,16,1,0
BRDA:327,17,0,0
BRDA:327,17,1,0
BRDA:361,18,0,0
BRDA:361,18,1,0
BRDA:361,19,0,0
BRDA:361,19,1,0
BRDA:387,20,0,0
BRDA:387,20,1,0
BRDA:387,21,0,0
BRDA:387,21,1,0
BRDA:387,21,2,0
BRDA:389,22,0,0
BRDA:389,22,1,0
BRDA:420,23,0,0
BRDA:422,24,0,0
BRDA:422,24,1,0
BRDA:430,25,0,0
BRDA:430,25,1,0
BRDA:433,26,0,0
BRDA:433,26,1,0
BRDA:439,27,0,0
BRDA:439,27,1,0
BRDA:446,28,0,0
BRDA:447,29,0,0
BRDA:447,29,1,0
BRDA:447,30,0,0
BRDA:447,30,1,0
BRDA:447,30,2,0
BRDA:447,30,3,0
BRDA:450,31,0,0
BRDA:450,31,1,0
BRDA:450,32,0,0
BRDA:450,32,1,0
BRDA:452,33,0,0
BRDA:452,33,1,0
BRDA:458,34,0,0
BRDA:458,34,1,0
BRDA:513,35,0,0
BRDA:513,35,1,0
BRDA:524,36,0,0
BRDA:524,36,1,0
BRDA:524,37,0,0
BRDA:524,37,1,0
BRDA:549,38,0,0
BRDA:549,38,1,0
BRDA:597,39,0,0
BRDA:597,39,1,0
BRDA:614,40,0,0
BRDA:614,40,1,0
BRDA:616,41,0,0
BRDA:616,41,1,0
BRDA:621,42,0,0
BRDA:621,42,1,0
BRDA:629,43,0,0
BRDA:629,43,1,0
BRDA:665,44,0,0
BRDA:665,44,1,0
BRDA:669,45,0,0
BRDA:669,45,1,0
BRDA:694,46,0,0
BRDA:694,46,1,0
BRDA:702,47,0,0
BRDA:702,47,1,0
BRDA:717,48,0,0
BRDA:717,48,1,0
BRDA:717,48,2,0
BRDA:737,49,0,0
BRDA:737,49,1,0
BRDA:788,50,0,0
BRDA:788,50,1,0
BRDA:788,50,2,0
BRDA:808,51,0,0
BRDA:808,51,1,0
BRDA:862,52,0,0
BRDA:862,52,1,0
BRDA:864,53,0,0
BRDA:864,53,1,0
BRDA:872,54,0,0
BRDA:872,54,1,0
BRDA:884,55,0,0
BRDA:884,55,1,0
BRDA:910,56,0,0
BRDA:910,56,1,0
BRDA:910,56,2,0
BRDA:933,57,0,0
BRDA:933,57,1,0
BRDA:947,58,0,0
BRDA:947,58,1,0
BRDA:971,59,0,0
BRDA:971,59,1,0
BRDA:992,60,0,0
BRDA:992,60,1,0
BRDA:997,61,0,0
BRDA:997,61,1,0
BRDA:1008,62,0,0
BRDA:1008,62,1,0
BRF:134
BRH:0
end_of_record
TN:
SF:app/(tabs)/leagues/[id]/seasons/new.tsx
FN:30,NewSeason
FN:46,(anonymous_1)
FN:47,loadData
FN:81,(anonymous_3)
FN:90,(anonymous_4)
FN:100,(anonymous_5)
FN:147,(anonymous_6)
FN:219,(anonymous_7)
FN:248,(anonymous_8)
FN:267,(anonymous_9)
FN:278,(anonymous_10)
FNF:11
FNH:0
FNDA:0,NewSeason
FNDA:0,(anonymous_1)
FNDA:0,loadData
FNDA:0,(anonymous_3)
FNDA:0,(anonymous_4)
FNDA:0,(anonymous_5)
FNDA:0,(anonymous_6)
FNDA:0,(anonymous_7)
FNDA:0,(anonymous_8)
FNDA:0,(anonymous_9)
FNDA:0,(anonymous_10)
DA:31,0
DA:32,0
DA:34,0
DA:35,0
DA:36,0
DA:37,0
DA:38,0
DA:39,0
DA:40,0
DA:41,0
DA:42,0
DA:44,0
DA:46,0
DA:48,0
DA:50,0
DA:52,0
DA:53,0
DA:56,0
DA:57,0
DA:58,0
DA:60,0
DA:61,0
DA:62,0
DA:63,0
DA:65,0
DA:67,0
DA:71,0
DA:72,0
DA:74,0
DA:78,0
DA:81,0
DA:82,0
DA:90,0
DA:91,0
DA:92,0
DA:95,0
DA:96,0
DA:100,0
DA:101,0
DA:103,0
DA:104,0
DA:105,0
DA:108,0
DA:109,0
DA:110,0
DA:113,0
DA:114,0
DA:115,0
DA:118,0
DA:119,0
DA:121,0
DA:122,0
DA:124,0
DA:131,0
DA:139,0
DA:141,0
DA:142,0
DA:143,0
DA:147,0
DA:148,0
DA:149,0
DA:152,0
DA:153,0
DA:163,0
DA:164,0
DA:171,0
DA:219,0
DA:248,0
DA:268,0
DA:269,0
DA:270,0
DA:273,0
DA:274,0
DA:275,0
DA:279,0
DA:280,0
LF:76
LH:0
BRDA:48,0,0,0
BRDA:48,0,1,0
BRDA:48,1,0,0
BRDA:48,1,1,0
BRDA:56,2,0,0
BRDA:56,2,1,0
BRDA:56,3,0,0
BRDA:56,3,1,0
BRDA:60,4,0,0
BRDA:60,4,1,0
BRDA:65,5,0,0
BRDA:65,5,1,0
BRDA:67,6,0,0
BRDA:67,6,1,0
BRDA:91,7,0,0
BRDA:91,7,1,0
BRDA:95,8,0,0
BRDA:95,8,1,0
BRDA:103,9,0,0
BRDA:103,9,1,0
BRDA:108,10,0,0
BRDA:108,10,1,0
BRDA:108,11,0,0
BRDA:108,11,1,0
BRDA:113,12,0,0
BRDA:113,12,1,0
BRDA:113,13,0,0
BRDA:113,13,1,0
BRDA:122,14,0,0
BRDA:122,14,1,0
BRDA:122,15,0,0
BRDA:122,15,1,0
BRDA:141,16,0,0
BRDA:141,16,1,0
BRDA:142,17,0,0
BRDA:142,17,1,0
BRDA:152,18,0,0
BRDA:152,18,1,0
BRDA:163,19,0,0
BRDA:163,19,1,0
BRDA:181,20,0,0
BRDA:181,20,1,0
BRDA:190,21,0,0
BRDA:190,21,1,0
BRDA:204,22,0,0
BRDA:204,22,1,0
BRDA:204,22,2,0
BRDA:236,23,0,0
BRDA:236,23,1,0
BRDA:241,24,0,0
BRDA:241,24,1,0
BRDA:244,25,0,0
BRDA:244,25,1,0
BRDA:266,26,0,0
BRDA:266,26,1,0
BRDA:268,27,0,0
BRDA:268,27,1,0
BRDA:274,28,0,0
BRDA:274,28,1,0
BRDA:274,29,0,0
BRDA:274,29,1,0
BRDA:274,29,2,0
BRDA:279,30,0,0
BRDA:279,30,1,0
BRDA:280,31,0,0
BRDA:280,31,1,0
BRDA:293,32,0,0
BRDA:293,32,1,0
BRDA:293,32,2,0
BRDA:322,33,0,0
BRDA:322,33,1,0
BRDA:323,34,0,0
BRDA:323,34,1,0
BRDA:324,35,0,0
BRDA:324,35,1,0
BRF:75
BRH:0
end_of_record
TN:
SF:app/(tabs)/leagues/[id]/seasons/[seasonId]/tournament.tsx
FN:30,TournamentBracket
FN:41,(anonymous_1)
FN:67,(anonymous_2)
FN:73,(anonymous_3)
FN:74,(anonymous_4)
FN:83,(anonymous_5)
FN:86,(anonymous_6)
FN:90,(anonymous_7)
FN:92,(anonymous_8)
FN:93,(anonymous_9)
FN:102,(anonymous_10)
FN:103,(anonymous_11)
FN:106,(anonymous_12)
FN:123,(anonymous_13)
FN:133,(anonymous_14)
FN:163,(anonymous_15)
FN:171,(anonymous_16)
FN:178,(anonymous_17)
FN:199,(anonymous_18)
FN:225,(anonymous_19)
FN:229,(anonymous_20)
FN:242,(anonymous_21)
FN:302,(anonymous_22)
FN:310,(anonymous_23)
FN:335,(anonymous_24)
FN:336,(anonymous_25)
FNF:26
FNH:0
FNDA:0,TournamentBracket
FNDA:0,(anonymous_1)
FNDA:0,(anonymous_2)
FNDA:0,(anonymous_3)
FNDA:0,(anonymous_4)
FNDA:0,(anonymous_5)
FNDA:0,(anonymous_6)
FNDA:0,(anonymous_7)
FNDA:0,(anonymous_8)
FNDA:0,(anonymous_9)
FNDA:0,(anonymous_10)
FNDA:0,(anonymous_11)
FNDA:0,(anonymous_12)
FNDA:0,(anonymous_13)
FNDA:0,(anonymous_14)
FNDA:0,(anonymous_15)
FNDA:0,(anonymous_16)
FNDA:0,(anonymous_17)
FNDA:0,(anonymous_18)
FNDA:0,(anonymous_19)
FNDA:0,(anonymous_20)
FNDA:0,(anonymous_21)
FNDA:0,(anonymous_22)
FNDA:0,(anonymous_23)
FNDA:0,(anonymous_24)
FNDA:0,(anonymous_25)
DA:31,0
DA:32,0
DA:37,0
DA:38,0
DA:39,0
DA:41,0
DA:42,0
DA:44,0
DA:45,0
DA:47,0
DA:52,0
DA:53,0
DA:55,0
DA:56,0
DA:57,0
DA:60,0
DA:62,0
DA:66,0
DA:68,0
DA:73,0
DA:74,0
DA:75,0
DA:76,0
DA:78,0
DA:79,0
DA:83,0
DA:84,0
DA:86,0
DA:90,0
DA:91,0
DA:92,0
DA:93,0
DA:94,0
DA:95,0
DA:98,0
DA:102,0
DA:103,0
DA:106,0
DA:107,0
DA:109,0
DA:110,0
DA:112,0
DA:113,0
DA:116,0
DA:117,0
DA:120,0
DA:123,0
DA:124,0
DA:126,0
DA:134,0
DA:135,0
DA:136,0
DA:138,0
DA:139,0
DA:147,0
DA:148,0
DA:158,0
DA:159,0
DA:163,0
DA:171,0
DA:172,0
DA:173,0
DA:174,0
DA:175,0
DA:178,0
DA:179,0
DA:181,0
DA:182,0
DA:183,0
DA:184,0
DA:186,0
DA:189,0
DA:199,0
DA:226,0
DA:230,0
DA:243,0
DA:302,0
DA:310,0
DA:335,0
DA:336,0
LF:80
LH:0
BRDA:42,0,0,0
BRDA:42,0,1,0
BRDA:42,1,0,0
BRDA:42,1,1,0
BRDA:52,2,0,0
BRDA:52,2,1,0
BRDA:55,3,0,0
BRDA:55,3,1,0
BRDA:75,4,0,0
BRDA:75,4,1,0
BRDA:94,5,0,0
BRDA:94,5,1,0
BRDA:107,6,0,0
BRDA:107,6,1,0
BRDA:110,7,0,0
BRDA:110,7,1,0
BRDA:116,8,0,0
BRDA:116,8,1,0
BRDA:124,9,0,0
BRDA:124,9,1,0
BRDA:124,10,0,0
BRDA:124,10,1,0
BRDA:128,11,0,0
BRDA:128,11,1,0
BRDA:147,12,0,0
BRDA:147,12,1,0
BRDA:158,13,0,0
BRDA:158,13,1,0
BRDA:172,14,0,0
BRDA:172,14,1,0
BRDA:173,15,0,0
BRDA:173,15,1,0
BRDA:174,16,0,0
BRDA:174,16,1,0
BRDA:179,17,0,0
BRDA:179,17,1,0
BRDA:181,18,0,0
BRDA:181,18,1,0
BRDA:183,19,0,0
BRDA:183,19,1,0
BRDA:214,20,0,0
BRDA:214,20,1,0
BRDA:233,21,0,0
BRDA:233,21,1,0
BRDA:235,22,0,0
BRDA:235,22,1,0
BRDA:255,23,0,0
BRDA:255,23,1,0
BRDA:258,24,0,0
BRDA:258,24,1,0
BRDA:258,25,0,0
BRDA:258,25,1,0
BRDA:261,26,0,0
BRDA:261,26,1,0
BRDA:276,27,0,0
BRDA:276,27,1,0
BRDA:279,28,0,0
BRDA:279,28,1,0
BRDA:279,29,0,0
BRDA:279,29,1,0
BRDA:282,30,0,0
BRDA:282,30,1,0
BRDA:296,31,0,0
BRDA:296,31,1,0
BRDA:296,31,2,0
BRDA:296,31,3,0
BRDA:304,32,0,0
BRDA:304,32,1,0
BRDA:304,33,0,0
BRDA:304,33,1,0
BRDA:304,34,0,0
BRDA:304,34,1,0
BRDA:304,35,0,0
BRDA:304,35,1,0
BRDA:312,36,0,0
BRDA:312,36,1,0
BRDA:312,37,0,0
BRDA:312,37,1,0
BRDA:312,38,0,0
BRDA:312,38,1,0
BRDA:312,39,0,0
BRDA:312,39,1,0
BRDA:326,40,0,0
BRDA:326,40,1,0
BRF:84
BRH:0
end_of_record
TN:
SF:app/(tabs)/matches/[id].tsx
FN:38,MatchDetail
FN:45,(anonymous_1)
FN:82,(anonymous_2)
FN:118,(anonymous_3)
FN:123,(anonymous_4)
FN:137,(anonymous_5)
FN:153,(anonymous_6)
FN:159,(anonymous_7)
FN:163,(anonymous_8)
FN:189,(anonymous_9)
FN:198,(anonymous_10)
FN:211,(anonymous_11)
FN:225,(anonymous_12)
FN:240,(anonymous_13)
FN:242,(anonymous_14)
FN:250,(anonymous_15)
FN:271,(anonymous_16)
FN:298,(anonymous_17)
FN:313,(anonymous_18)
FN:315,(anonymous_19)
FN:318,(anonymous_20)
FN:341,(anonymous_21)
FN:368,(anonymous_22)
FN:383,(anonymous_23)
FN:385,(anonymous_24)
FN:394,(anonymous_25)
FN:411,(anonymous_26)
FN:495,(anonymous_27)
FN:527,(anonymous_28)
FN:546,(anonymous_29)
FN:563,(anonymous_30)
FN:574,(anonymous_31)
FNF:32
FNH:0
FNDA:0,MatchDetail
FNDA:0,(anonymous_1)
FNDA:0,(anonymous_2)
FNDA:0,(anonymous_3)
FNDA:0,(anonymous_4)
FNDA:0,(anonymous_5)
FNDA:0,(anonymous_6)
FNDA:0,(anonymous_7)
FNDA:0,(anonymous_8)
FNDA:0,(anonymous_9)
FNDA:0,(anonymous_10)
FNDA:0,(anonymous_11)
FNDA:0,(anonymous_12)
FNDA:0,(anonymous_13)
FNDA:0,(anonymous_14)
FNDA:0,(anonymous_15)
FNDA:0,(anonymous_16)
FNDA:0,(anonymous_17)
FNDA:0,(anonymous_18)
FNDA:0,(anonymous_19)
FNDA:0,(anonymous_20)
FNDA:0,(anonymous_21)
FNDA:0,(anonymous_22)
FNDA:0,(anonymous_23)
FNDA:0,(anonymous_24)
FNDA:0,(anonymous_25)
FNDA:0,(anonymous_26)
FNDA:0,(anonymous_27)
FNDA:0,(anonymous_28)
FNDA:0,(anonymous_29)
FNDA:0,(anonymous_30)
FNDA:0,(anonymous_31)
DA:39,0
DA:40,0
DA:41,0
DA:42,0
DA:43,0
DA:45,0
DA:46,0
DA:48,0
DA:49,0
DA:52,0
DA:61,0
DA:62,0
DA:63,0
DA:67,0
DA:82,0
DA:88,0
DA:89,0
DA:90,0
DA:91,0
DA:92,0
DA:93,0
DA:97,0
DA:100,0
DA:104,0
DA:111,0
DA:113,0
DA:117,0
DA:119,0
DA:123,0
DA:124,0
DA:126,0
DA:138,0
DA:140,0
DA:141,0
DA:142,0
DA:144,0
DA:145,0
DA:153,0
DA:154,0
DA:155,0
DA:159,0
DA:160,0
DA:163,0
DA:164,0
DA:172,0
DA:173,0
DA:183,0
DA:184,0
DA:189,0
DA:198,0
DA:201,0
DA:202,0
DA:203,0
DA:204,0
DA:206,0
DA:211,0
DA:212,0
DA:214,0
DA:215,0
DA:216,0
DA:226,0
DA:241,0
DA:242,0
DA:244,0
DA:251,0
DA:252,0
DA:253,0
DA:254,0
DA:272,0
DA:287,0
DA:288,0
DA:289,0
DA:299,0
DA:314,0
DA:315,0
DA:317,0
DA:318,0
DA:320,0
DA:322,0
DA:342,0
DA:357,0
DA:358,0
DA:359,0
DA:369,0
DA:384,0
DA:385,0
DA:388,0
DA:395,0
DA:412,0
DA:424,0
DA:427,0
DA:496,0
DA:527,0
DA:546,0
DA:563,0
DA:575,0
DA:576,0
DA:577,0
DA:578,0
DA:580,0
DA:581,0
LF:101
LH:0
BRDA:46,0,0,0
BRDA:46,0,1,0
BRDA:46,1,0,0
BRDA:46,1,1,0
BRDA:61,2,0,0
BRDA:61,2,1,0
BRDA:89,3,0,0
BRDA:89,3,1,0
BRDA:89,4,0,0
BRDA:89,4,1,0
BRDA:89,4,2,0
BRDA:92,5,0,0
BRDA:92,5,1,0
BRDA:97,6,0,0
BRDA:97,6,1,0
BRDA:107,7,0,0
BRDA:107,7,1,0
BRDA:108,8,0,0
BRDA:108,8,1,0
BRDA:124,9,0,0
BRDA:124,9,1,0
BRDA:138,10,0,0
BRDA:138,10,1,0
BRDA:138,11,0,0
BRDA:138,11,1,0
BRDA:154,12,0,0
BRDA:154,12,1,0
BRDA:154,13,0,0
BRDA:154,13,1,0
BRDA:172,14,0,0
BRDA:172,14,1,0
BRDA:183,15,0,0
BRDA:183,15,1,0
BRDA:202,16,0,0
BRDA:202,16,1,0
BRDA:212,17,0,0
BRDA:212,17,1,0
BRDA:214,18,0,0
BRDA:214,18,1,0
BRDA:214,19,0,0
BRDA:214,19,1,0
BRDA:231,20,0,0
BRDA:231,20,1,0
BRDA:251,21,0,0
BRDA:251,21,1,0
BRDA:252,22,0,0
BRDA:252,22,1,0
BRDA:252,23,0,0
BRDA:252,23,1,0
BRDA:257,24,0,0
BRDA:257,24,1,0
BRDA:257,25,0,0
BRDA:257,25,1,0
BRDA:262,26,0,0
BRDA:262,26,1,0
BRDA:273,27,0,0
BRDA:273,27,1,0
BRDA:287,28,0,0
BRDA:287,28,1,0
BRDA:287,29,0,0
BRDA:287,29,1,0
BRDA:304,30,0,0
BRDA:304,30,1,0
BRDA:320,31,0,0
BRDA:320,31,1,0
BRDA:329,32,0,0
BRDA:329,32,1,0
BRDA:343,33,0,0
BRDA:343,33,1,0
BRDA:357,34,0,0
BRDA:357,34,1,0
BRDA:357,35,0,0
BRDA:357,35,1,0
BRDA:374,36,0,0
BRDA:374,36,1,0
BRDA:384,37,0,0
BRDA:384,37,1,0
BRDA:396,38,0,0
BRDA:396,38,1,0
BRDA:399,39,0,0
BRDA:399,39,1,0
BRDA:413,40,0,0
BRDA:413,40,1,0
BRDA:437,41,0,0
BRDA:437,41,1,0
BRDA:442,42,0,0
BRDA:442,42,1,0
BRDA:463,43,0,0
BRDA:463,43,1,0
BRDA:480,44,0,0
BRDA:480,44,1,0
BRDA:480,45,0,0
BRDA:480,45,1,0
BRDA:483,46,0,0
BRDA:483,46,1,0
BRDA:499,47,0,0
BRDA:499,47,1,0
BRDA:500,48,0,0
BRDA:500,48,1,0
BRDA:507,49,0,0
BRDA:507,49,1,0
BRDA:511,50,0,0
BRDA:511,50,1,0
BRDA:513,51,0,0
BRDA:513,51,1,0
BRDA:518,52,0,0
BRDA:518,52,1,0
BRDA:538,53,0,0
BRDA:538,53,1,0
BRDA:543,54,0,0
BRDA:543,54,1,0
BRDA:559,55,0,0
BRDA:559,55,1,0
BRDA:569,56,0,0
BRDA:569,56,1,0
BRDA:575,57,0,0
BRDA:575,57,1,0
BRDA:589,58,0,0
BRDA:589,58,1,0
BRF:119
BRH:0
end_of_record
TN:
SF:app/(tabs)/matches/_layout.tsx
FN:3,MatchesLayout
FNF:1
FNH:0
FNDA:0,MatchesLayout
DA:4,0
LF:1
LH:0
BRF:0
BRH:0
end_of_record
TN:
SF:app/(tabs)/matches/index.tsx
FN:38,Matches
FN:49,(anonymous_1)
FN:100,(anonymous_2)
FN:135,(anonymous_3)
FN:144,(anonymous_4)
FN:149,(anonymous_5)
FN:154,(anonymous_6)
FN:163,(anonymous_7)
FN:178,(anonymous_8)
FN:186,(anonymous_9)
FN:187,(anonymous_10)
FN:198,(anonymous_11)
FN:201,(anonymous_12)
FN:246,(anonymous_13)
FN:259,(anonymous_14)
FN:283,(anonymous_15)
FN:295,(anonymous_16)
FN:327,(anonymous_17)
FN:356,(anonymous_18)
FN:404,(anonymous_19)
FN:413,(anonymous_20)
FN:430,(anonymous_21)
FNF:22
FNH:0
FNDA:0,Matches
FNDA:0,(anonymous_1)
FNDA:0,(anonymous_2)
FNDA:0,(anonymous_3)
FNDA:0,(anonymous_4)
FNDA:0,(anonymous_5)
FNDA:0,(anonymous_6)
FNDA:0,(anonymous_7)
FNDA:0,(anonymous_8)
FNDA:0,(anonymous_9)
FNDA:0,(anonymous_10)
FNDA:0,(anonymous_11)
FNDA:0,(anonymous_12)
FNDA:0,(anonymous_13)
FNDA:0,(anonymous_14)
FNDA:0,(anonymous_15)
FNDA:0,(anonymous_16)
FNDA:0,(anonymous_17)
FNDA:0,(anonymous_18)
FNDA:0,(anonymous_19)
FNDA:0,(anonymous_20)
FNDA:0,(anonymous_21)
DA:39,0
DA:40,0
DA:41,0
DA:42,0
DA:43,0
DA:44,0
DA:45,0
DA:46,0
DA:47,0
DA:49,0
DA:50,0
DA:52,0
DA:54,0
DA:57,0
DA:60,0
DA:62,0
DA:70,0
DA:71,0
DA:72,0
DA:82,0
DA:83,0
DA:84,0
DA:85,0
DA:86,0
DA:87,0
DA:91,0
DA:94,0
DA:98,0
DA:100,0
DA:109,0
DA:110,0
DA:113,0
DA:114,0
DA:117,0
DA:118,0
DA:119,0
DA:122,0
DA:123,0
DA:124,0
DA:127,0
DA:129,0
DA:130,0
DA:134,0
DA:136,0
DA:137,0
DA:138,0
DA:144,0
DA:145,0
DA:146,0
DA:149,0
DA:150,0
DA:151,0
DA:154,0
DA:155,0
DA:164,0
DA:165,0
DA:166,0
DA:167,0
DA:169,0
DA:170,0
DA:178,0
DA:179,0
DA:186,0
DA:187,0
DA:189,0
DA:190,0
DA:193,0
DA:194,0
DA:198,0
DA:201,0
DA:202,0
DA:205,0
DA:206,0
DA:216,0
DA:246,0
DA:260,0
DA:283,0
DA:296,0
DA:328,0
DA:357,0
DA:404,0
DA:413,0
DA:430,0
LF:83
LH:0
BRDA:50,0,0,0
BRDA:50,0,1,0
BRDA:60,1,0,0
BRDA:60,1,1,0
BRDA:82,2,0,0
BRDA:82,2,1,0
BRDA:83,3,0,0
BRDA:83,3,1,0
BRDA:83,4,0,0
BRDA:83,4,1,0
BRDA:86,5,0,0
BRDA:86,5,1,0
BRDA:104,6,0,0
BRDA:104,6,1,0
BRDA:113,7,0,0
BRDA:113,7,1,0
BRDA:114,8,0,0
BRDA:114,8,1,0
BRDA:117,9,0,0
BRDA:117,9,1,0
BRDA:122,10,0,0
BRDA:122,10,1,0
BRDA:136,11,0,0
BRDA:136,11,1,0
BRDA:164,12,0,0
BRDA:164,12,1,0
BRDA:189,13,0,0
BRDA:189,13,1,0
BRDA:193,14,0,0
BRDA:193,14,1,0
BRDA:205,15,0,0
BRDA:205,15,1,0
BRDA:205,16,0,0
BRDA:205,16,1,0
BRDA:242,17,0,0
BRDA:242,17,1,0
BRDA:244,18,0,0
BRDA:244,18,1,0
BRDA:246,19,0,0
BRDA:246,19,1,0
BRDA:271,20,0,0
BRDA:271,20,1,0
BRDA:281,21,0,0
BRDA:281,21,1,0
BRDA:283,22,0,0
BRDA:283,22,1,0
BRDA:308,23,0,0
BRDA:308,23,1,0
BRDA:312,24,0,0
BRDA:312,24,1,0
BRDA:312,25,0,0
BRDA:312,25,1,0
BRDA:314,26,0,0
BRDA:314,26,1,0
BRDA:316,27,0,0
BRDA:316,27,1,0
BRDA:337,28,0,0
BRDA:337,28,1,0
BRDA:338,29,0,0
BRDA:338,29,1,0
BRDA:342,30,0,0
BRDA:342,30,1,0
BRDA:342,31,0,0
BRDA:342,31,1,0
BRDA:347,32,0,0
BRDA:347,32,1,0
BRDA:358,33,0,0
BRDA:358,33,1,0
BRDA:369,34,0,0
BRDA:369,34,1,0
BRDA:373,35,0,0
BRDA:373,35,1,0
BRDA:375,36,0,0
BRDA:375,36,1,0
BRDA:378,37,0,0
BRDA:378,37,1,0
BRF:76
BRH:0
end_of_record
TN:
SF:app/(tabs)/matches/new.tsx
FN:72,NewMatch
FN:131,(anonymous_1)
FN:132,loadLeagues
FN:147,(anonymous_3)
FN:167,(anonymous_4)
FN:168,loadLeagueAndPlayers
FN:202,(anonymous_6)
FN:215,(anonymous_7)
FN:234,(anonymous_8)
FN:267,(anonymous_9)
FN:288,(anonymous_10)
FN:295,(anonymous_11)
FN:305,(anonymous_12)
FN:314,(anonymous_13)
FN:323,(anonymous_14)
FN:333,(anonymous_15)
FN:334,(anonymous_16)
FN:341,(anonymous_17)
FN:343,(anonymous_18)
FN:348,(anonymous_19)
FN:360,(anonymous_20)
FN:361,(anonymous_21)
FN:362,(anonymous_22)
FN:372,(anonymous_23)
FN:381,(anonymous_24)
FN:387,(anonymous_25)
FN:395,(anonymous_26)
FN:406,(anonymous_27)
FN:422,(anonymous_28)
FN:441,(anonymous_29)
FN:494,(anonymous_30)
FN:510,(anonymous_31)
FN:515,(anonymous_32)
FN:516,(anonymous_33)
FN:550,(anonymous_34)
FN:557,(anonymous_35)
FN:596,(anonymous_36)
FN:600,(anonymous_37)
FN:630,(anonymous_38)
FN:677,(anonymous_39)
FN:690,(anonymous_40)
FN:727,(anonymous_41)
FN:757,(anonymous_42)
FN:773,(anonymous_43)
FN:791,(anonymous_44)
FN:792,(anonymous_45)
FN:811,(anonymous_46)
FN:819,(anonymous_47)
FN:834,(anonymous_48)
FN:836,(anonymous_49)
FN:841,(anonymous_50)
FN:846,(anonymous_51)
FN:883,(anonymous_52)
FN:906,(anonymous_53)
FN:915,(anonymous_54)
FN:927,(anonymous_55)
FN:931,(anonymous_56)
FN:933,(anonymous_57)
FN:934,(anonymous_58)
FN:946,(anonymous_59)
FN:950,(anonymous_60)
FN:955,(anonymous_61)
FN:957,(anonymous_62)
FN:958,(anonymous_63)
FN:970,(anonymous_64)
FN:974,(anonymous_65)
FN:979,(anonymous_66)
FN:981,(anonymous_67)
FN:982,(anonymous_68)
FN:995,(anonymous_69)
FN:999,(anonymous_70)
FN:1001,(anonymous_71)
FN:1002,(anonymous_72)
FN:1040,(anonymous_73)
FN:1056,(anonymous_74)
FNF:75
FNH:0
FNDA:0,NewMatch
FNDA:0,(anonymous_1)
FNDA:0,loadLeagues
FNDA:0,(anonymous_3)
FNDA:0,(anonymous_4)
FNDA:0,loadLeagueAndPlayers
FNDA:0,(anonymous_6)
FNDA:0,(anonymous_7)
FNDA:0,(anonymous_8)
FNDA:0,(anonymous_9)
FNDA:0,(anonymous_10)
FNDA:0,(anonymous_11)
FNDA:0,(anonymous_12)
FNDA:0,(anonymous_13)
FNDA:0,(anonymous_14)
FNDA:0,(anonymous_15)
FNDA:0,(anonymous_16)
FNDA:0,(anonymous_17)
FNDA:0,(anonymous_18)
FNDA:0,(anonymous_19)
FNDA:0,(anonymous_20)
FNDA:0,(anonymous_21)
FNDA:0,(anonymous_22)
FNDA:0,(anonymous_23)
FNDA:0,(anonymous_24)
FNDA:0,(anonymous_25)
FNDA:0,(anonymous_26)
FNDA:0,(anonymous_27)
FNDA:0,(anonymous_28)
FNDA:0,(anonymous_29)
FNDA:0,(anonymous_30)
FNDA:0,(anonymous_31)
FNDA:0,(anonymous_32)
FNDA:0,(anonymous_33)
FNDA:0,(anonymous_34)
FNDA:0,(anonymous_35)
FNDA:0,(anonymous_36)
FNDA:0,(anonymous_37)
FNDA:0,(anonymous_38)
FNDA:0,(anonymous_39)
FNDA:0,(anonymous_40)
FNDA:0,(anonymous_41)
FNDA:0,(anonymous_42)
FNDA:0,(anonymous_43)
FNDA:0,(anonymous_44)
FNDA:0,(anonymous_45)
FNDA:0,(anonymous_46)
FNDA:0,(anonymous_47)
FNDA:0,(anonymous_48)
FNDA:0,(anonymous_49)
FNDA:0,(anonymous_50)
FNDA:0,(anonymous_51)
FNDA:0,(anonymous_52)
FNDA:0,(anonymous_53)
FNDA:0,(anonymous_54)
FNDA:0,(anonymous_55)
FNDA:0,(anonymous_56)
FNDA:0,(anonymous_57)
FNDA:0,(anonymous_58)
FNDA:0,(anonymous_59)
FNDA:0,(anonymous_60)
FNDA:0,(anonymous_61)
FNDA:0,(anonymous_62)
FNDA:0,(anonymous_63)
FNDA:0,(anonymous_64)
FNDA:0,(anonymous_65)
FNDA:0,(anonymous_66)
FNDA:0,(anonymous_67)
FNDA:0,(anonymous_68)
FNDA:0,(anonymous_69)
FNDA:0,(anonymous_70)
FNDA:0,(anonymous_71)
FNDA:0,(anonymous_72)
FNDA:0,(anonymous_73)
FNDA:0,(anonymous_74)
DA:73,0
DA:80,0
DA:88,0
DA:89,0
DA:90,0
DA:91,0
DA:96,0
DA:97,0
DA:100,0
DA:101,0
DA:102,0
DA:103,0
DA:104,0
DA:107,0
DA:111,0
DA:113,0
DA:114,0
DA:115,0
DA:116,0
DA:117,0
DA:123,0
DA:124,0
DA:125,0
DA:126,0
DA:127,0
DA:128,0
DA:131,0
DA:133,0
DA:135,0
DA:136,0
DA:139,0
DA:142,0
DA:143,0
DA:146,0
DA:147,0
DA:148,0
DA:151,0
DA:154,0
DA:156,0
DA:157,0
DA:159,0
DA:163,0
DA:167,0
DA:169,0
DA:171,0
DA:172,0
DA:174,0
DA:175,0
DA:176,0
DA:179,0
DA:182,0
DA:185,0
DA:186,0
DA:187,0
DA:188,0
DA:193,0
DA:194,0
DA:195,0
DA:196,0
DA:199,0
DA:200,0
DA:201,0
DA:202,0
DA:209,0
DA:211,0
DA:212,0
DA:214,0
DA:215,0
DA:216,0
DA:219,0
DA:222,0
DA:225,0
DA:226,0
DA:227,0
DA:228,0
DA:231,0
DA:232,0
DA:233,0
DA:234,0
DA:241,0
DA:243,0
DA:244,0
DA:247,0
DA:248,0
DA:251,0
DA:252,0
DA:253,0
DA:254,0
DA:258,0
DA:259,0
DA:260,0
DA:261,0
DA:264,0
DA:265,0
DA:266,0
DA:267,0
DA:276,0
DA:277,0
DA:280,0
DA:284,0
DA:288,0
DA:289,0
DA:290,0
DA:295,0
DA:296,0
DA:297,0
DA:299,0
DA:300,0
DA:305,0
DA:306,0
DA:307,0
DA:314,0
DA:315,0
DA:323,0
DA:324,0
DA:325,0
DA:328,0
DA:329,0
DA:333,0
DA:334,0
DA:335,0
DA:336,0
DA:337,0
DA:341,0
DA:342,0
DA:343,0
DA:344,0
DA:346,0
DA:348,0
DA:355,0
DA:360,0
DA:361,0
DA:362,0
DA:363,0
DA:372,0
DA:373,0
DA:376,0
DA:377,0
DA:381,0
DA:382,0
DA:383,0
DA:387,0
DA:388,0
DA:389,0
DA:390,0
DA:394,0
DA:395,0
DA:396,0
DA:397,0
DA:401,0
DA:402,0
DA:403,0
DA:404,0
DA:405,0
DA:406,0
DA:412,0
DA:418,0
DA:419,0
DA:422,0
DA:423,0
DA:426,0
DA:427,0
DA:430,0
DA:431,0
DA:432,0
DA:435,0
DA:436,0
DA:438,0
DA:440,0
DA:443,0
DA:444,0
DA:446,0
DA:447,0
DA:450,0
DA:451,0
DA:455,0
DA:469,0
DA:470,0
DA:471,0
DA:472,0
DA:475,0
DA:477,0
DA:491,0
DA:494,0
DA:497,0
DA:498,0
DA:499,0
DA:501,0
DA:504,0
DA:505,0
DA:506,0
DA:510,0
DA:511,0
DA:512,0
DA:515,0
DA:516,0
DA:517,0
DA:520,0
DA:521,0
DA:532,0
DA:533,0
DA:550,0
DA:557,0
DA:569,0
DA:575,0
DA:596,0
DA:600,0
DA:630,0
DA:677,0
DA:691,0
DA:727,0
DA:757,0
DA:773,0
DA:791,0
DA:793,0
DA:812,0
DA:820,0
DA:835,0
DA:837,0
DA:841,0
DA:847,0
DA:883,0
DA:906,0
DA:917,0
DA:929,0
DA:933,0
DA:934,0
DA:948,0
DA:949,0
DA:950,0
DA:951,0
DA:953,0
DA:957,0
DA:958,0
DA:972,0
DA:973,0
DA:974,0
DA:975,0
DA:977,0
DA:981,0
DA:982,0
DA:997,0
DA:1001,0
DA:1002,0
DA:1040,0
DA:1056,0
LF:246
LH:0
BRDA:133,0,0,0
BRDA:133,0,1,0
BRDA:154,1,0,0
BRDA:154,1,1,0
BRDA:169,2,0,0
BRDA:169,2,1,0
BRDA:172,3,0,0
BRDA:172,3,1,0
BRDA:186,4,0,0
BRDA:186,4,1,0
BRDA:186,5,0,0
BRDA:186,5,1,0
BRDA:193,6,0,0
BRDA:193,6,1,0
BRDA:193,7,0,0
BRDA:193,7,1,0
BRDA:194,8,0,0
BRDA:194,8,1,0
BRDA:195,9,0,0
BRDA:195,9,1,0
BRDA:209,10,0,0
BRDA:209,10,1,0
BRDA:216,11,0,0
BRDA:216,11,1,0
BRDA:225,12,0,0
BRDA:225,12,1,0
BRDA:227,13,0,0
BRDA:227,13,1,0
BRDA:241,14,0,0
BRDA:241,14,1,0
BRDA:252,15,0,0
BRDA:252,15,1,0
BRDA:252,16,0,0
BRDA:252,16,1,0
BRDA:258,17,0,0
BRDA:258,17,1,0
BRDA:258,18,0,0
BRDA:258,18,1,0
BRDA:258,18,2,0
BRDA:259,19,0,0
BRDA:259,19,1,0
BRDA:260,20,0,0
BRDA:260,20,1,0
BRDA:289,21,0,0
BRDA:289,21,1,0
BRDA:296,22,0,0
BRDA:296,22,1,0
BRDA:299,23,0,0
BRDA:299,23,1,0
BRDA:306,24,0,0
BRDA:306,24,1,0
BRDA:306,25,0,0
BRDA:306,25,1,0
BRDA:306,25,2,0
BRDA:324,26,0,0
BRDA:324,26,1,0
BRDA:328,27,0,0
BRDA:328,27,1,0
BRDA:344,28,0,0
BRDA:344,28,1,0
BRDA:365,29,0,0
BRDA:365,29,1,0
BRDA:366,30,0,0
BRDA:366,30,1,0
BRDA:372,31,0,0
BRDA:376,32,0,0
BRDA:376,32,1,0
BRDA:382,33,0,0
BRDA:382,33,1,0
BRDA:389,34,0,0
BRDA:389,34,1,0
BRDA:394,35,0,0
BRDA:394,35,1,0
BRDA:396,36,0,0
BRDA:396,36,1,0
BRDA:401,37,0,0
BRDA:401,37,1,0
BRDA:402,38,0,0
BRDA:402,38,1,0
BRDA:403,39,0,0
BRDA:403,39,1,0
BRDA:405,40,0,0
BRDA:405,40,1,0
BRDA:422,41,0,0
BRDA:426,42,0,0
BRDA:426,42,1,0
BRDA:430,43,0,0
BRDA:430,43,1,0
BRDA:444,44,0,0
BRDA:444,44,1,0
BRDA:446,45,0,0
BRDA:446,45,1,0
BRDA:446,46,0,0
BRDA:446,46,1,0
BRDA:447,47,0,0
BRDA:447,47,1,0
BRDA:450,48,0,0
BRDA:450,48,1,0
BRDA:450,49,0,0
BRDA:450,49,1,0
BRDA:451,50,0,0
BRDA:451,50,1,0
BRDA:469,51,0,0
BRDA:469,51,1,0
BRDA:471,52,0,0
BRDA:471,52,1,0
BRDA:475,53,0,0
BRDA:475,53,1,0
BRDA:475,54,0,0
BRDA:475,54,1,0
BRDA:479,55,0,0
BRDA:479,55,1,0
BRDA:480,56,0,0
BRDA:480,56,1,0
BRDA:484,57,0,0
BRDA:484,57,1,0
BRDA:485,58,0,0
BRDA:485,58,1,0
BRDA:486,59,0,0
BRDA:486,59,1,0
BRDA:487,60,0,0
BRDA:487,60,1,0
BRDA:497,61,0,0
BRDA:497,61,1,0
BRDA:497,62,0,0
BRDA:497,62,1,0
BRDA:505,63,0,0
BRDA:505,63,1,0
BRDA:517,64,0,0
BRDA:517,64,1,0
BRDA:520,65,0,0
BRDA:520,65,1,0
BRDA:532,66,0,0
BRDA:532,66,1,0
BRDA:569,67,0,0
BRDA:569,67,1,0
BRDA:571,68,0,0
BRDA:571,68,1,0
BRDA:614,69,0,0
BRDA:614,69,1,0
BRDA:622,70,0,0
BRDA:622,70,1,0
BRDA:637,71,0,0
BRDA:637,71,1,0
BRDA:661,72,0,0
BRDA:661,72,1,0
BRDA:666,73,0,0
BRDA:666,73,1,0
BRDA:676,74,0,0
BRDA:676,74,1,0
BRDA:677,75,0,0
BRDA:677,75,1,0
BRDA:711,76,0,0
BRDA:711,76,1,0
BRDA:711,76,2,0
BRDA:744,77,0,0
BRDA:744,77,1,0
BRDA:749,78,0,0
BRDA:749,78,1,0
BRDA:753,79,0,0
BRDA:753,79,1,0
BRDA:766,80,0,0
BRDA:766,80,1,0
BRDA:766,80,2,0
BRDA:766,80,3,0
BRDA:766,80,4,0
BRDA:806,81,0,0
BRDA:806,81,1,0
BRDA:806,81,2,0
BRDA:806,81,3,0
BRDA:837,82,0,0
BRDA:837,82,1,0
BRDA:860,83,0,0
BRDA:860,83,1,0
BRDA:870,84,0,0
BRDA:870,84,1,0
BRDA:883,85,0,0
BRDA:883,85,1,0
BRDA:883,85,2,0
BRDA:883,85,3,0
BRDA:906,86,0,0
BRDA:906,86,1,0
BRDA:906,86,2,0
BRDA:906,86,3,0
BRDA:906,86,4,0
BRDA:911,87,0,0
BRDA:911,87,1,0
BRDA:911,88,0,0
BRDA:911,88,1,0
BRDA:922,89,0,0
BRDA:922,89,1,0
BRDA:922,90,0,0
BRDA:922,90,1,0
BRDA:943,91,0,0
BRDA:943,91,1,0
BRDA:943,92,0,0
BRDA:943,92,1,0
BRDA:951,93,0,0
BRDA:951,93,1,0
BRDA:967,94,0,0
BRDA:967,94,1,0
BRDA:967,95,0,0
BRDA:967,95,1,0
BRDA:975,96,0,0
BRDA:975,96,1,0
BRDA:991,97,0,0
BRDA:991,97,1,0
BRDA:991,97,2,0
BRDA:991,98,0,0
BRDA:991,98,1,0
BRDA:1014,99,0,0
BRDA:1014,99,1,0
BRDA:1041,100,0,0
BRDA:1041,100,1,0
BRDA:1044,101,0,0
BRDA:1044,101,1,0
BRDA:1050,102,0,0
BRDA:1050,102,1,0
BRDA:1050,103,0,0
BRDA:1050,103,1,0
BRDA:1050,104,0,0
BRDA:1050,104,1,0
BRDA:1051,105,0,0
BRDA:1051,105,1,0
BRDA:1057,106,0,0
BRDA:1057,106,1,0
BRF:226
BRH:0
end_of_record
TN:
SF:app/(tabs)/matches/[id]/continue.tsx
FN:23,ContinueMatch
FN:33,(anonymous_1)
FN:66,(anonymous_2)
FN:79,(anonymous_3)
FN:104,(anonymous_4)
FN:109,(anonymous_5)
FN:121,(anonymous_6)
FN:128,(anonymous_7)
FN:138,(anonymous_8)
FN:177,(anonymous_9)
FN:204,(anonymous_10)
FN:238,(anonymous_11)
FN:241,(anonymous_12)
FN:246,(anonymous_13)
FN:254,(anonymous_14)
FN:257,(anonymous_15)
FN:262,(anonymous_16)
FN:274,(anonymous_17)
FN:284,(anonymous_18)
FN:297,(anonymous_19)
FNF:20
FNH:0
FNDA:0,ContinueMatch
FNDA:0,(anonymous_1)
FNDA:0,(anonymous_2)
FNDA:0,(anonymous_3)
FNDA:0,(anonymous_4)
FNDA:0,(anonymous_5)
FNDA:0,(anonymous_6)
FNDA:0,(anonymous_7)
FNDA:0,(anonymous_8)
FNDA:0,(anonymous_9)
FNDA:0,(anonymous_10)
FNDA:0,(anonymous_11)
FNDA:0,(anonymous_12)
FNDA:0,(anonymous_13)
FNDA:0,(anonymous_14)
FNDA:0,(anonymous_15)
FNDA:0,(anonymous_16)
FNDA:0,(anonymous_17)
FNDA:0,(anonymous_18)
FNDA:0,(anonymous_19)
DA:24,0
DA:25,0
DA:27,0
DA:28,0
DA:29,0
DA:30,0
DA:31,0
DA:33,0
DA:34,0
DA:36,0
DA:37,0
DA:40,0
DA:48,0
DA:49,0
DA:50,0
DA:54,0
DA:66,0
DA:71,0
DA:78,0
DA:79,0
DA:88,0
DA:89,0
DA:90,0
DA:91,0
DA:93,0
DA:97,0
DA:99,0
DA:103,0
DA:105,0
DA:109,0
DA:110,0
DA:112,0
DA:113,0
DA:115,0
DA:117,0
DA:119,0
DA:120,0
DA:121,0
DA:122,0
DA:123,0
DA:126,0
DA:127,0
DA:128,0
DA:129,0
DA:130,0
DA:136,0
DA:140,0
DA:141,0
DA:143,0
DA:147,0
DA:150,0
DA:154,0
DA:158,0
DA:169,0
DA:174,0
DA:177,0
DA:180,0
DA:181,0
DA:183,0
DA:187,0
DA:188,0
DA:198,0
DA:199,0
DA:204,0
DA:213,0
DA:240,0
DA:241,0
DA:242,0
DA:244,0
DA:256,0
DA:257,0
DA:258,0
DA:260,0
DA:274,0
DA:284,0
DA:297,0
LF:76
LH:0
BRDA:34,0,0,0
BRDA:34,0,1,0
BRDA:34,1,0,0
BRDA:34,1,1,0
BRDA:48,2,0,0
BRDA:48,2,1,0
BRDA:73,3,0,0
BRDA:73,3,1,0
BRDA:74,4,0,0
BRDA:74,4,1,0
BRDA:88,5,0,0
BRDA:88,5,1,0
BRDA:110,6,0,0
BRDA:110,6,1,0
BRDA:110,7,0,0
BRDA:110,7,1,0
BRDA:110,7,2,0
BRDA:119,8,0,0
BRDA:119,8,1,0
BRDA:119,9,0,0
BRDA:119,9,1,0
BRDA:122,10,0,0
BRDA:122,10,1,0
BRDA:126,11,0,0
BRDA:126,11,1,0
BRDA:126,12,0,0
BRDA:126,12,1,0
BRDA:129,13,0,0
BRDA:129,13,1,0
BRDA:141,14,0,0
BRDA:141,14,1,0
BRDA:143,15,0,0
BRDA:143,15,1,0
BRDA:144,16,0,0
BRDA:144,16,1,0
BRDA:147,17,0,0
BRDA:147,17,1,0
BRDA:150,18,0,0
BRDA:150,18,1,0
BRDA:151,19,0,0
BRDA:151,19,1,0
BRDA:154,20,0,0
BRDA:154,20,1,0
BRDA:176,21,0,0
BRDA:176,21,1,0
BRDA:187,22,0,0
BRDA:187,22,1,0
BRDA:198,23,0,0
BRDA:198,23,1,0
BRDA:235,24,0,0
BRDA:235,24,1,0
BRDA:242,25,0,0
BRDA:242,25,1,0
BRDA:251,26,0,0
BRDA:251,26,1,0
BRDA:258,27,0,0
BRDA:258,27,1,0
BRDA:288,28,0,0
BRDA:288,28,1,0
BRF:59
BRH:0
end_of_record
TN:
SF:app/(tabs)/players/[id].tsx
FN:36,PlayerDetail
FN:58,(anonymous_1)
FN:86,(anonymous_2)
FN:91,(anonymous_3)
FN:105,(anonymous_4)
FN:124,(anonymous_5)
FN:128,(anonymous_6)
FN:139,(anonymous_7)
FN:154,(anonymous_8)
FN:174,(anonymous_9)
FN:182,(anonymous_10)
FN:190,(anonymous_11)
FN:197,(anonymous_12)
FN:199,(anonymous_13)
FN:302,(anonymous_14)
FN:379,(anonymous_15)
FN:403,(anonymous_16)
FN:411,(anonymous_17)
FNF:18
FNH:0
FNDA:0,PlayerDetail
FNDA:0,(anonymous_1)
FNDA:0,(anonymous_2)
FNDA:0,(anonymous_3)
FNDA:0,(anonymous_4)
FNDA:0,(anonymous_5)
FNDA:0,(anonymous_6)
FNDA:0,(anonymous_7)
FNDA:0,(anonymous_8)
FNDA:0,(anonymous_9)
FNDA:0,(anonymous_10)
FNDA:0,(anonymous_11)
FNDA:0,(anonymous_12)
FNDA:0,(anonymous_13)
FNDA:0,(anonymous_14)
FNDA:0,(anonymous_15)
FNDA:0,(anonymous_16)
FNDA:0,(anonymous_17)
DA:37,0
DA:38,0
DA:39,0
DA:40,0
DA:52,0
DA:53,0
DA:58,0
DA:59,0
DA:61,0
DA:62,0
DA:63,0
DA:64,0
DA:67,0
DA:68,0
DA:71,0
DA:72,0
DA:73,0
DA:74,0
DA:76,0
DA:78,0
DA:80,0
DA:85,0
DA:87,0
DA:91,0
DA:92,0
DA:94,0
DA:106,0
DA:108,0
DA:109,0
DA:110,0
DA:112,0
DA:113,0
DA:124,0
DA:125,0
DA:128,0
DA:129,0
DA:131,0
DA:140,0
DA:141,0
DA:142,0
DA:143,0
DA:145,0
DA:146,0
DA:154,0
DA:155,0
DA:158,0
DA:159,0
DA:169,0
DA:170,0
DA:174,0
DA:182,0
DA:183,0
DA:190,0
DA:191,0
DA:192,0
DA:193,0
DA:197,0
DA:198,0
DA:199,0
DA:202,0
DA:204,0
DA:206,0
DA:303,0
DA:305,0
DA:380,0
DA:403,0
DA:412,0
LF:67
LH:0
BRDA:59,0,0,0
BRDA:59,0,1,0
BRDA:59,1,0,0
BRDA:59,1,1,0
BRDA:92,2,0,0
BRDA:92,2,1,0
BRDA:106,3,0,0
BRDA:106,3,1,0
BRDA:106,4,0,0
BRDA:106,4,1,0
BRDA:129,5,0,0
BRDA:129,5,1,0
BRDA:140,6,0,0
BRDA:140,6,1,0
BRDA:140,7,0,0
BRDA:140,7,1,0
BRDA:158,8,0,0
BRDA:158,8,1,0
BRDA:169,9,0,0
BRDA:169,9,1,0
BRDA:192,10,0,0
BRDA:192,10,1,0
BRDA:204,11,0,0
BRDA:204,11,1,0
BRDA:294,12,0,0
BRDA:294,12,1,0
BRDA:313,13,0,0
BRDA:313,13,1,0
BRDA:321,14,0,0
BRDA:321,14,1,0
BRDA:342,15,0,0
BRDA:342,15,1,0
BRDA:351,16,0,0
BRDA:351,16,1,0
BRDA:353,17,0,0
BRDA:353,17,1,0
BRDA:384,18,0,0
BRDA:384,18,1,0
BRF:38
BRH:0
end_of_record
TN:
SF:app/(tabs)/players/_layout.tsx
FN:3,PlayersLayout
FNF:1
FNH:0
FNDA:0,PlayersLayout
DA:4,0
LF:1
LH:0
BRF:0
BRH:0
end_of_record
TN:
SF:app/(tabs)/players/index.tsx
FN:23,Players
FN:32,(anonymous_1)
FN:50,(anonymous_2)
FN:58,(anonymous_3)
FN:63,(anonymous_4)
FN:73,(anonymous_5)
FN:81,(anonymous_6)
FN:87,(anonymous_7)
FN:96,(anonymous_8)
FN:111,(anonymous_9)
FN:115,(anonymous_10)
FN:130,(anonymous_11)
FN:160,(anonymous_12)
FN:193,(anonymous_13)
FN:197,(anonymous_14)
FN:212,(anonymous_15)
FN:231,(anonymous_16)
FN:238,(anonymous_17)
FN:253,(anonymous_18)
FNF:19
FNH:0
FNDA:0,Players
FNDA:0,(anonymous_1)
FNDA:0,(anonymous_2)
FNDA:0,(anonymous_3)
FNDA:0,(anonymous_4)
FNDA:0,(anonymous_5)
FNDA:0,(anonymous_6)
FNDA:0,(anonymous_7)
FNDA:0,(anonymous_8)
FNDA:0,(anonymous_9)
FNDA:0,(anonymous_10)
FNDA:0,(anonymous_11)
FNDA:0,(anonymous_12)
FNDA:0,(anonymous_13)
FNDA:0,(anonymous_14)
FNDA:0,(anonymous_15)
FNDA:0,(anonymous_16)
FNDA:0,(anonymous_17)
FNDA:0,(anonymous_18)
DA:24,0
DA:25,0
DA:26,0
DA:27,0
DA:28,0
DA:29,0
DA:30,0
DA:32,0
DA:33,0
DA:35,0
DA:36,0
DA:39,0
DA:40,0
DA:42,0
DA:44,0
DA:45,0
DA:49,0
DA:51,0
DA:52,0
DA:53,0
DA:58,0
DA:59,0
DA:60,0
DA:63,0
DA:64,0
DA:66,0
DA:67,0
DA:68,0
DA:71,0
DA:72,0
DA:74,0
DA:78,0
DA:81,0
DA:82,0
DA:83,0
DA:84,0
DA:87,0
DA:88,0
DA:97,0
DA:98,0
DA:99,0
DA:100,0
DA:102,0
DA:103,0
DA:111,0
DA:112,0
DA:115,0
DA:116,0
DA:119,0
DA:120,0
DA:130,0
DA:131,0
DA:134,0
DA:160,0
DA:194,0
DA:198,0
DA:212,0
DA:231,0
DA:238,0
DA:253,0
LF:60
LH:0
BRDA:33,0,0,0
BRDA:33,0,1,0
BRDA:51,1,0,0
BRDA:51,1,1,0
BRDA:66,2,0,0
BRDA:66,2,1,0
BRDA:74,3,0,0
BRDA:74,3,1,0
BRDA:74,3,2,0
BRDA:97,4,0,0
BRDA:97,4,1,0
BRDA:119,5,0,0
BRDA:119,5,1,0
BRDA:119,6,0,0
BRDA:119,6,1,0
BRDA:162,7,0,0
BRDA:162,7,1,0
BRDA:170,8,0,0
BRDA:170,8,1,0
BRDA:172,9,0,0
BRDA:172,9,1,0
BRDA:176,10,0,0
BRDA:176,10,1,0
BRDA:180,11,0,0
BRDA:180,11,1,0
BRDA:184,12,0,0
BRDA:184,12,1,0
BRF:27
BRH:0
end_of_record
TN:
SF:app/(tabs)/players/new.tsx
FN:25,NewPlayer
FN:40,(anonymous_1)
FN:41,loadPlayer
FN:61,(anonymous_3)
FN:76,(anonymous_4)
FN:118,(anonymous_5)
FNF:6
FNH:0
FNDA:0,NewPlayer
FNDA:0,(anonymous_1)
FNDA:0,loadPlayer
FNDA:0,(anonymous_3)
FNDA:0,(anonymous_4)
FNDA:0,(anonymous_5)
DA:26,0
DA:27,0
DA:28,0
DA:29,0
DA:30,0
DA:31,0
DA:32,0
DA:33,0
DA:40,0
DA:42,0
DA:44,0
DA:45,0
DA:46,0
DA:47,0
DA:48,0
DA:51,0
DA:52,0
DA:54,0
DA:58,0
DA:61,0
DA:62,0
DA:64,0
DA:65,0
DA:68,0
DA:69,0
DA:72,0
DA:73,0
DA:76,0
DA:78,0
DA:81,0
DA:82,0
DA:85,0
DA:86,0
DA:87,0
DA:90,0
DA:91,0
DA:93,0
DA:94,0
DA:96,0
DA:102,0
DA:110,0
DA:112,0
DA:113,0
DA:114,0
DA:118,0
DA:119,0
DA:120,0
DA:123,0
DA:124,0
DA:134,0
LF:50
LH:0
BRDA:28,0,0,0
BRDA:28,0,1,0
BRDA:32,1,0,0
BRDA:32,1,1,0
BRDA:42,2,0,0
BRDA:42,2,1,0
BRDA:42,3,0,0
BRDA:42,3,1,0
BRDA:46,4,0,0
BRDA:46,4,1,0
BRDA:64,5,0,0
BRDA:64,5,1,0
BRDA:68,6,0,0
BRDA:68,6,1,0
BRDA:81,7,0,0
BRDA:81,7,1,0
BRDA:85,8,0,0
BRDA:85,8,1,0
BRDA:94,9,0,0
BRDA:94,9,1,0
BRDA:123,10,0,0
BRDA:123,10,1,0
BRDA:143,11,0,0
BRDA:143,11,1,0
BRDA:162,12,0,0
BRDA:162,12,1,0
BRDA:185,13,0,0
BRDA:185,13,1,0
BRDA:193,14,0,0
BRDA:193,14,1,0
BRDA:222,15,0,0
BRDA:222,15,1,0
BRDA:222,16,0,0
BRDA:222,16,1,0
BRF:34
BRH:0
end_of_record
TN:
SF:app/(tabs)/series/[id].tsx
FN:23,SeriesDetail
FN:34,(anonymous_1)
FN:39,(anonymous_2)
FN:60,(anonymous_3)
FN:70,(anonymous_4)
FN:84,(anonymous_5)
FN:95,(anonymous_6)
FN:177,(anonymous_7)
FN:223,(anonymous_8)
FN:233,(anonymous_9)
FN:234,(anonymous_10)
FN:238,(anonymous_11)
FNF:12
FNH:0
FNDA:0,SeriesDetail
FNDA:0,(anonymous_1)
FNDA:0,(anonymous_2)
FNDA:0,(anonymous_3)
FNDA:0,(anonymous_4)
FNDA:0,(anonymous_5)
FNDA:0,(anonymous_6)
FNDA:0,(anonymous_7)
FNDA:0,(anonymous_8)
FNDA:0,(anonymous_9)
FNDA:0,(anonymous_10)
FNDA:0,(anonymous_11)
DA:24,0
DA:25,0
DA:26,0
DA:28,0
DA:29,0
DA:30,0
DA:31,0
DA:33,0
DA:35,0
DA:39,0
DA:40,0
DA:41,0
DA:42,0
DA:43,0
DA:49,0
DA:50,0
DA:51,0
DA:53,0
DA:54,0
DA:56,0
DA:60,0
DA:61,0
DA:63,0
DA:71,0
DA:72,0
DA:73,0
DA:75,0
DA:76,0
DA:84,0
DA:85,0
DA:87,0
DA:96,0
DA:97,0
DA:98,0
DA:100,0
DA:101,0
DA:109,0
DA:110,0
DA:119,0
DA:120,0
DA:129,0
DA:178,0
DA:223,0
DA:234,0
DA:235,0
DA:238,0
LF:46
LH:0
BRDA:40,0,0,0
BRDA:40,0,1,0
BRDA:61,1,0,0
BRDA:61,1,1,0
BRDA:61,2,0,0
BRDA:61,2,1,0
BRDA:85,3,0,0
BRDA:85,3,1,0
BRDA:85,4,0,0
BRDA:85,4,1,0
BRDA:109,5,0,0
BRDA:109,5,1,0
BRDA:119,6,0,0
BRDA:119,6,1,0
BRDA:138,7,0,0
BRDA:138,7,1,0
BRDA:146,8,0,0
BRDA:146,8,1,0
BRDA:148,9,0,0
BRDA:148,9,1,0
BRDA:159,10,0,0
BRDA:159,10,1,0
BRDA:172,11,0,0
BRDA:172,11,1,0
BRDA:179,12,0,0
BRDA:179,12,1,0
BRDA:190,13,0,0
BRDA:190,13,1,0
BRDA:229,14,0,0
BRDA:229,14,1,0
BRDA:246,15,0,0
BRDA:246,15,1,0
BRDA:248,16,0,0
BRDA:248,16,1,0
BRDA:254,17,0,0
BRDA:254,17,1,0
BRDA:276,18,0,0
BRDA:276,18,1,0
BRF:38
BRH:0
end_of_record
TN:
SF:app/(tabs)/series/index.tsx
FN:20,SeriesList
FN:26,(anonymous_1)
FN:31,(anonymous_2)
FN:52,(anonymous_3)
FN:75,(anonymous_4)
FN:78,(anonymous_5)
FNF:6
FNH:0
FNDA:0,SeriesList
FNDA:0,(anonymous_1)
FNDA:0,(anonymous_2)
FNDA:0,(anonymous_3)
FNDA:0,(anonymous_4)
FNDA:0,(anonymous_5)
DA:21,0
DA:22,0
DA:23,0
DA:25,0
DA:27,0
DA:31,0
DA:32,0
DA:33,0
DA:34,0
DA:35,0
DA:36,0
DA:38,0
DA:40,0
DA:44,0
DA:52,0
DA:76,0
DA:78,0
LF:17
LH:0
BRDA:32,0,0,0
BRDA:32,0,1,0
BRDA:58,1,0,0
BRDA:58,1,1,0
BRDA:62,2,0,0
BRDA:62,2,1,0
BRDA:89,3,0,0
BRDA:89,3,1,0
BRDA:97,4,0,0
BRDA:97,4,1,0
BRDA:99,5,0,0
BRDA:99,5,1,0
BRDA:105,6,0,0
BRDA:105,6,1,0
BRDA:108,7,0,0
BRDA:108,7,1,0
BRF:16
BRH:0
end_of_record
TN:
SF:app/(tabs)/series/new.tsx
FN:41,NewSeries
FN:54,(anonymous_1)
FN:93,(anonymous_2)
FN:149,(anonymous_3)
FN:177,(anonymous_4)
FN:222,(anonymous_5)
FNF:6
FNH:0
FNDA:0,NewSeries
FNDA:0,(anonymous_1)
FNDA:0,(anonymous_2)
FNDA:0,(anonymous_3)
FNDA:0,(anonymous_4)
FNDA:0,(anonymous_5)
DA:42,0
DA:43,0
DA:44,0
DA:45,0
DA:46,0
DA:47,0
DA:48,0
DA:49,0
DA:54,0
DA:55,0
DA:58,0
DA:59,0
DA:60,0
DA:63,0
DA:64,0
DA:65,0
DA:68,0
DA:69,0
DA:70,0
DA:73,0
DA:75,0
DA:76,0
DA:84,0
DA:85,0
DA:87,0
DA:88,0
DA:89,0
DA:93,0
DA:94,0
DA:95,0
DA:96,0
DA:100,0
DA:149,0
DA:177,0
DA:222,0
LF:35
LH:0
BRDA:59,0,0,0
BRDA:59,0,1,0
BRDA:63,1,0,0
BRDA:63,1,1,0
BRDA:68,2,0,0
BRDA:68,2,1,0
BRDA:78,3,0,0
BRDA:78,3,1,0
BRDA:95,4,0,0
BRDA:95,4,1,0
BRDA:121,5,0,0
BRDA:121,5,1,0
BRDA:190,6,0,0
BRDA:190,6,1,0
BRDA:194,7,0,0
BRDA:194,7,1,0
BRDA:199,8,0,0
BRDA:199,8,1,0
BRDA:215,9,0,0
BRDA:215,9,1,0
BRF:20
BRH:0
end_of_record
TN:
SF:app/(tabs)/tournaments/_layout.tsx
FN:3,TournamentsLayout
FNF:1
FNH:0
FNDA:0,TournamentsLayout
DA:4,0
LF:1
LH:0
BRF:0
BRH:0
end_of_record
TN:
SF:app/(tabs)/tournaments/index.tsx
FN:50,TournamentsIndex
FN:59,(anonymous_1)
FN:99,(anonymous_2)
FN:105,(anonymous_3)
FN:116,(anonymous_4)
FN:121,(anonymous_5)
FN:126,(anonymous_6)
FN:179,(anonymous_7)
FN:211,(anonymous_8)
FN:241,(anonymous_9)
FN:244,(anonymous_10)
FNF:11
FNH:0
FNDA:0,TournamentsIndex
FNDA:0,(anonymous_1)
FNDA:0,(anonymous_2)
FNDA:0,(anonymous_3)
FNDA:0,(anonymous_4)
FNDA:0,(anonymous_5)
FNDA:0,(anonymous_6)
FNDA:0,(anonymous_7)
FNDA:0,(anonymous_8)
FNDA:0,(anonymous_9)
FNDA:0,(anonymous_10)
DA:51,0
DA:52,0
DA:53,0
DA:54,0
DA:55,0
DA:56,0
DA:57,0
DA:59,0
DA:60,0
DA:62,0
DA:63,0
DA:66,0
DA:67,0
DA:70,0
DA:71,0
DA:74,0
DA:90,0
DA:92,0
DA:94,0
DA:98,0
DA:100,0
DA:105,0
DA:106,0
DA:107,0
DA:109,0
DA:110,0
DA:112,0
DA:116,0
DA:117,0
DA:118,0
DA:121,0
DA:122,0
DA:123,0
DA:126,0
DA:127,0
DA:128,0
DA:130,0
DA:131,0
DA:132,0
DA:134,0
DA:137,0
DA:138,0
DA:148,0
DA:180,0
DA:212,0
DA:242,0
DA:245,0
LF:47
LH:0
BRDA:60,0,0,0
BRDA:60,0,1,0
BRDA:106,1,0,0
BRDA:106,1,1,0
BRDA:106,2,0,0
BRDA:106,2,1,0
BRDA:109,3,0,0
BRDA:109,3,1,0
BRDA:109,4,0,0
BRDA:109,4,1,0
BRDA:117,5,0,0
BRDA:117,5,1,0
BRDA:127,6,0,0
BRDA:127,6,1,0
BRDA:127,7,0,0
BRDA:127,7,1,0
BRDA:130,8,0,0
BRDA:130,8,1,0
BRDA:137,9,0,0
BRDA:137,9,1,0
BRDA:226,10,0,0
BRDA:226,10,1,0
BRDA:230,11,0,0
BRDA:230,11,1,0
BRDA:265,12,0,0
BRDA:265,12,1,0
BRF:26
BRH:0
end_of_record
TN:
SF:components/ColorPicker.tsx
FN:28,ColorPicker
FN:35,(anonymous_1)
FN:38,(anonymous_2)
FNF:3
FNH:0
FNDA:0,ColorPicker
FNDA:0,(anonymous_1)
FNDA:0,(anonymous_2)
DA:7,0
DA:29,0
DA:36,0
DA:38,0
LF:4
LH:0
BRDA:38,0,0,0
BRDA:38,0,1,0
BRDA:45,1,0,0
BRDA:45,1,1,0
BRDA:52,2,0,0
BRDA:52,2,1,0
BRF:6
BRH:0
end_of_record
TN:
SF:components/EditScreenInfo.tsx
FN:7,EditScreenInfo
FNF:1
FNH:0
FNDA:0,EditScreenInfo
DA:8,0
LF:1
LH:0
BRF:0
BRH:0
end_of_record
TN:
SF:components/ErrorBoundary.tsx
FN:31,(anonymous_0)
FN:40,(anonymous_1)
FN:49,(anonymous_2)
FN:71,(anonymous_3)
FN:79,(anonymous_4)
FN:126,(anonymous_5)
FN:155,useErrorHandler
FN:158,(anonymous_7)
FNF:8
FNH:0
FNDA:0,(anonymous_0)
FNDA:0,(anonymous_1)
FNDA:0,(anonymous_2)
FNDA:0,(anonymous_3)
FNDA:0,(anonymous_4)
FNDA:0,(anonymous_5)
FNDA:0,useErrorHandler
FNDA:0,(anonymous_7)
DA:32,0
DA:33,0
DA:42,0
DA:51,0
DA:57,0
DA:60,0
DA:65,0
DA:71,0
DA:72,0
DA:80,0
DA:82,0
DA:83,0
DA:87,0
DA:128,0
DA:146,0
DA:156,0
DA:158,0
DA:159,0
DA:160,0
DA:161,0
DA:165,0
LF:21
LH:0
BRDA:80,0,0,0
BRDA:80,0,1,0
BRDA:82,1,0,0
BRDA:82,1,1,0
BRDA:99,2,0,0
BRDA:99,2,1,0
BRDA:99,2,2,0
BRDA:104,3,0,0
BRDA:104,3,1,0
BRDA:136,4,0,0
BRDA:136,4,1,0
BRDA:159,5,0,0
BRDA:159,5,1,0
BRF:13
BRH:0
end_of_record
TN:
SF:components/ExternalLink.tsx
FN:6,ExternalLink
FN:15,(anonymous_1)
FNF:2
FNH:0
FNDA:0,ExternalLink
FNDA:0,(anonymous_1)
DA:10,0
DA:16,0
DA:18,0
DA:20,0
LF:4
LH:0
BRDA:16,0,0,0
BRDA:16,0,1,0
BRF:2
BRH:0
end_of_record
TN:
SF:components/Leaderboard.tsx
FN:19,Leaderboard
FN:23,(anonymous_1)
FN:24,loadStreaks
FN:38,(anonymous_3)
FN:42,(anonymous_4)
FN:61,(anonymous_5)
FN:65,(anonymous_6)
FNF:7
FNH:0
FNDA:0,Leaderboard
FNDA:0,(anonymous_1)
FNDA:0,loadStreaks
FNDA:0,(anonymous_3)
FNDA:0,(anonymous_4)
FNDA:0,(anonymous_5)
FNDA:0,(anonymous_6)
DA:20,0
DA:21,0
DA:23,0
DA:25,0
DA:27,0
DA:28,0
DA:29,0
DA:30,0
DA:32,0
DA:35,0
DA:38,0
DA:39,0
DA:42,0
DA:43,0
DA:44,0
DA:45,0
DA:46,0
DA:49,0
DA:50,0
DA:59,0
DA:62,0
DA:64,0
DA:65,0
LF:23
LH:0
BRDA:19,0,0,0
BRDA:25,1,0,0
BRDA:25,1,1,0
BRDA:43,2,0,0
BRDA:43,2,1,0
BRDA:44,3,0,0
BRDA:44,3,1,0
BRDA:45,4,0,0
BRDA:45,4,1,0
BRDA:49,5,0,0
BRDA:49,5,1,0
BRDA:62,6,0,0
BRDA:62,6,1,0
BRDA:69,7,0,0
BRDA:69,7,1,0
BRDA:94,8,0,0
BRDA:94,8,1,0
BRDA:102,9,0,0
BRDA:102,9,1,0
BRF:19
BRH:0
end_of_record
TN:
SF:components/SearchableSelect.tsx
FN:38,SearchableSelect
FN:53,(anonymous_1)
FN:59,(anonymous_2)
FN:65,(anonymous_3)
FN:66,(anonymous_4)
FN:110,(anonymous_5)
FNF:6
FNH:0
FNDA:0,SearchableSelect
FNDA:0,(anonymous_1)
FNDA:0,(anonymous_2)
FNDA:0,(anonymous_3)
FNDA:0,(anonymous_4)
FNDA:0,(anonymous_5)
DA:50,0
DA:53,0
DA:54,0
DA:55,0
DA:58,0
DA:59,0
DA:60,0
DA:65,0
DA:66,0
DA:67,0
DA:70,0
DA:111,0
LF:12
LH:0
BRDA:42,0,0,0
BRDA:43,1,0,0
BRDA:45,2,0,0
BRDA:46,3,0,0
BRDA:47,4,0,0
BRDA:48,5,0,0
BRDA:54,6,0,0
BRDA:54,6,1,0
BRDA:67,7,0,0
BRDA:67,7,1,0
BRDA:109,8,0,0
BRDA:109,8,1,0
BRF:12
BRH:0
end_of_record
TN:
SF:components/Themed.tsx
FN:19,useThemeColor
FN:33,Text
FN:40,View
FNF:3
FNH:0
FNDA:0,useThemeColor
FNDA:0,Text
FNDA:0,View
DA:23,0
DA:24,0
DA:26,0
DA:27,0
DA:29,0
DA:34,0
DA:35,0
DA:37,0
DA:41,0
DA:42,0
DA:47,0
LF:11
LH:0
BRDA:23,0,0,0
BRDA:23,0,1,0
BRDA:26,1,0,0
BRDA:26,1,1,0
BRF:4
BRH:0
end_of_record
TN:
SF:components/useClientOnlyValue.ts
FN:2,useClientOnlyValue
FNF:1
FNH:0
FNDA:0,useClientOnlyValue
DA:3,0
LF:1
LH:0
BRF:0
BRH:0
end_of_record
TN:
SF:components/useClientOnlyValue.web.ts
FN:5,useClientOnlyValue
FN:7,(anonymous_1)
FNF:2
FNH:0
FNDA:0,useClientOnlyValue
FNDA:0,(anonymous_1)
DA:6,0
DA:7,0
DA:8,0
DA:11,0
LF:4
LH:0
BRF:0
BRH:0
end_of_record
TN:
SF:components/useColorScheme.ts
FNF:0
FNH:0
LF:0
LH:0
BRF:0
BRH:0
end_of_record
TN:
SF:components/useColorScheme.web.ts
FN:6,useColorScheme
FNF:1
FNH:0
FNDA:0,useColorScheme
DA:7,0
LF:1
LH:0
BRF:0
BRH:0
end_of_record
TN:
SF:components/match-forms/CustomMatchForm.tsx
FN:49,CustomMatchForm
FN:62,(anonymous_1)
FN:66,(anonymous_2)
FN:67,(anonymous_3)
FN:71,(anonymous_4)
FN:72,(anonymous_5)
FN:75,(anonymous_6)
FN:89,(anonymous_7)
FN:94,(anonymous_8)
FN:113,(anonymous_9)
FN:116,(anonymous_10)
FN:117,(anonymous_11)
FN:120,(anonymous_12)
FN:126,(anonymous_13)
FN:135,(anonymous_14)
FN:148,(anonymous_15)
FN:150,(anonymous_16)
FN:184,(anonymous_17)
FN:231,(anonymous_18)
FN:257,(anonymous_19)
FN:268,(anonymous_20)
FN:303,(anonymous_21)
FN:314,(anonymous_22)
FN:320,(anonymous_23)
FN:344,(anonymous_24)
FN:359,(anonymous_25)
FN:368,(anonymous_26)
FN:373,(anonymous_27)
FN:388,(anonymous_28)
FNF:29
FNH:0
FNDA:0,CustomMatchForm
FNDA:0,(anonymous_1)
FNDA:0,(anonymous_2)
FNDA:0,(anonymous_3)
FNDA:0,(anonymous_4)
FNDA:0,(anonymous_5)
FNDA:0,(anonymous_6)
FNDA:0,(anonymous_7)
FNDA:0,(anonymous_8)
FNDA:0,(anonymous_9)
FNDA:0,(anonymous_10)
FNDA:0,(anonymous_11)
FNDA:0,(anonymous_12)
FNDA:0,(anonymous_13)
FNDA:0,(anonymous_14)
FNDA:0,(anonymous_15)
FNDA:0,(anonymous_16)
FNDA:0,(anonymous_17)
FNDA:0,(anonymous_18)
FNDA:0,(anonymous_19)
FNDA:0,(anonymous_20)
FNDA:0,(anonymous_21)
FNDA:0,(anonymous_22)
FNDA:0,(anonymous_23)
FNDA:0,(anonymous_24)
FNDA:0,(anonymous_25)
FNDA:0,(anonymous_26)
FNDA:0,(anonymous_27)
FNDA:0,(anonymous_28)
DA:56,0
DA:57,0
DA:58,0
DA:61,0
DA:62,0
DA:66,0
DA:67,0
DA:71,0
DA:72,0
DA:75,0
DA:76,0
DA:82,0
DA:85,0
DA:87,0
DA:88,0
DA:89,0
DA:90,0
DA:94,0
DA:98,0
DA:100,0
DA:101,0
DA:102,0
DA:105,0
DA:110,0
DA:113,0
DA:116,0
DA:117,0
DA:120,0
DA:121,0
DA:122,0
DA:123,0
DA:126,0
DA:127,0
DA:128,0
DA:129,0
DA:130,0
DA:131,0
DA:135,0
DA:136,0
DA:138,0
DA:140,0
DA:142,0
DA:144,0
DA:148,0
DA:150,0
DA:153,0
DA:184,0
DA:232,0
DA:258,0
DA:269,0
DA:270,0
DA:271,0
DA:273,0
DA:304,0
DA:315,0
DA:316,0
DA:319,0
DA:320,0
DA:322,0
DA:345,0
DA:360,0
DA:368,0
DA:374,0
DA:388,0
LF:64
LH:0
BRDA:56,0,0,0
BRDA:56,0,1,0
BRDA:67,1,0,0
BRDA:67,1,1,0
BRDA:85,2,0,0
BRDA:85,2,1,0
BRDA:85,3,0,0
BRDA:85,3,1,0
BRDA:98,4,0,0
BRDA:98,4,1,0
BRDA:127,5,0,0
BRDA:127,5,1,0
BRDA:127,5,2,0
BRDA:127,5,3,0
BRDA:136,6,0,0
BRDA:136,6,1,0
BRDA:136,6,2,0
BRDA:136,6,3,0
BRDA:159,7,0,0
BRDA:159,7,1,0
BRDA:177,8,0,0
BRDA:177,8,1,0
BRDA:178,9,0,0
BRDA:178,9,1,0
BRDA:179,10,0,0
BRDA:179,10,1,0
BRDA:200,11,0,0
BRDA:200,11,1,0
BRDA:200,12,0,0
BRDA:200,12,1,0
BRDA:245,13,0,0
BRDA:245,13,1,0
BRDA:249,14,0,0
BRDA:249,14,1,0
BRDA:249,15,0,0
BRDA:249,15,1,0
BRDA:252,16,0,0
BRDA:252,16,1,0
BRDA:252,17,0,0
BRDA:252,17,1,0
BRDA:267,18,0,0
BRDA:267,18,1,0
BRDA:269,19,0,0
BRDA:269,19,1,0
BRDA:269,20,0,0
BRDA:269,20,1,0
BRDA:270,21,0,0
BRDA:270,21,1,0
BRDA:276,22,0,0
BRDA:276,22,1,0
BRDA:289,23,0,0
BRDA:289,23,1,0
BRDA:289,24,0,0
BRDA:289,24,1,0
BRDA:313,25,0,0
BRDA:313,25,1,0
BRDA:315,26,0,0
BRDA:315,26,1,0
BRDA:315,27,0,0
BRDA:315,27,1,0
BRDA:316,28,0,0
BRDA:316,28,1,0
BRDA:320,29,0,0
BRDA:320,29,1,0
BRDA:324,30,0,0
BRDA:324,30,1,0
BRDA:333,31,0,0
BRDA:333,31,1,0
BRDA:333,31,2,0
BRDA:347,32,0,0
BRDA:347,32,1,0
BRDA:347,33,0,0
BRDA:347,33,1,0
BRDA:350,34,0,0
BRDA:350,34,1,0
BRDA:364,35,0,0
BRDA:364,35,1,0
BRDA:364,36,0,0
BRDA:364,36,1,0
BRDA:366,37,0,0
BRDA:366,37,1,0
BRDA:379,38,0,0
BRDA:379,38,1,0
BRF:83
BRH:0
end_of_record
TN:
SF:components/match-forms/DartsMatchForm.tsx
FN:45,DartsMatchForm
FN:60,(anonymous_1)
FN:65,(anonymous_2)
FN:70,(anonymous_3)
FN:71,(anonymous_4)
FN:72,(anonymous_5)
FN:76,(anonymous_6)
FN:92,(anonymous_7)
FN:98,(anonymous_8)
FN:147,(anonymous_9)
FN:155,(anonymous_10)
FN:183,(anonymous_11)
FN:228,(anonymous_12)
FN:239,(anonymous_13)
FN:256,(anonymous_14)
FN:286,(anonymous_15)
FN:297,(anonymous_16)
FNF:17
FNH:0
FNDA:0,DartsMatchForm
FNDA:0,(anonymous_1)
FNDA:0,(anonymous_2)
FNDA:0,(anonymous_3)
FNDA:0,(anonymous_4)
FNDA:0,(anonymous_5)
FNDA:0,(anonymous_6)
FNDA:0,(anonymous_7)
FNDA:0,(anonymous_8)
FNDA:0,(anonymous_9)
FNDA:0,(anonymous_10)
FNDA:0,(anonymous_11)
FNDA:0,(anonymous_12)
FNDA:0,(anonymous_13)
FNDA:0,(anonymous_14)
FNDA:0,(anonymous_15)
FNDA:0,(anonymous_16)
DA:52,0
DA:53,0
DA:56,0
DA:59,0
DA:60,0
DA:64,0
DA:65,0
DA:67,0
DA:70,0
DA:71,0
DA:72,0
DA:76,0
DA:77,0
DA:78,0
DA:79,0
DA:83,0
DA:84,0
DA:92,0
DA:93,0
DA:94,0
DA:95,0
DA:98,0
DA:99,0
DA:100,0
DA:101,0
DA:104,0
DA:147,0
DA:155,0
DA:183,0
DA:229,0
DA:239,0
DA:256,0
DA:287,0
DA:297,0
LF:34
LH:0
BRDA:77,0,0,0
BRDA:77,0,1,0
BRDA:78,1,0,0
BRDA:78,1,1,0
BRDA:83,2,0,0
BRDA:83,2,1,0
BRDA:114,3,0,0
BRDA:114,3,1,0
BRDA:145,4,0,0
BRDA:145,4,1,0
BRDA:146,5,0,0
BRDA:146,5,1,0
BRDA:153,6,0,0
BRDA:153,6,1,0
BRDA:154,7,0,0
BRDA:154,7,1,0
BRDA:166,8,0,0
BRDA:166,8,1,0
BRDA:166,8,2,0
BRDA:175,9,0,0
BRDA:175,9,1,0
BRDA:175,9,2,0
BRDA:188,10,0,0
BRDA:188,10,1,0
BRDA:205,11,0,0
BRDA:205,11,1,0
BRDA:221,12,0,0
BRDA:221,12,1,0
BRDA:221,12,2,0
BRDA:238,13,0,0
BRDA:238,13,1,0
BRDA:239,14,0,0
BRDA:239,14,1,0
BRDA:248,15,0,0
BRDA:248,15,1,0
BRDA:248,15,2,0
BRDA:261,16,0,0
BRDA:261,16,1,0
BRDA:278,17,0,0
BRDA:278,17,1,0
BRDA:296,18,0,0
BRDA:296,18,1,0
BRDA:297,19,0,0
BRDA:297,19,1,0
BRF:44
BRH:0
end_of_record
TN:
SF:components/match-forms/DominosMatchForm.tsx
FN:47,DominosMatchForm
FN:59,(anonymous_1)
FN:64,(anonymous_2)
FN:69,(anonymous_3)
FN:70,(anonymous_4)
FN:78,(anonymous_5)
FN:80,(anonymous_6)
FN:89,(anonymous_7)
FN:90,(anonymous_8)
FN:91,(anonymous_9)
FN:94,(anonymous_10)
FN:104,(anonymous_11)
FN:109,(anonymous_12)
FN:119,(anonymous_13)
FN:120,(anonymous_14)
FN:123,(anonymous_15)
FN:124,(anonymous_16)
FN:127,(anonymous_17)
FN:133,(anonymous_18)
FN:147,(anonymous_19)
FN:176,(anonymous_20)
FN:196,(anonymous_21)
FN:207,(anonymous_22)
FN:222,(anonymous_23)
FN:233,(anonymous_24)
FN:247,(anonymous_25)
FN:253,(anonymous_26)
FN:274,(anonymous_27)
FN:289,(anonymous_28)
FN:290,(anonymous_29)
FN:299,(anonymous_30)
FN:319,(anonymous_31)
FNF:32
FNH:0
FNDA:0,DominosMatchForm
FNDA:0,(anonymous_1)
FNDA:0,(anonymous_2)
FNDA:0,(anonymous_3)
FNDA:0,(anonymous_4)
FNDA:0,(anonymous_5)
FNDA:0,(anonymous_6)
FNDA:0,(anonymous_7)
FNDA:0,(anonymous_8)
FNDA:0,(anonymous_9)
FNDA:0,(anonymous_10)
FNDA:0,(anonymous_11)
FNDA:0,(anonymous_12)
FNDA:0,(anonymous_13)
FNDA:0,(anonymous_14)
FNDA:0,(anonymous_15)
FNDA:0,(anonymous_16)
FNDA:0,(anonymous_17)
FNDA:0,(anonymous_18)
FNDA:0,(anonymous_19)
FNDA:0,(anonymous_20)
FNDA:0,(anonymous_21)
FNDA:0,(anonymous_22)
FNDA:0,(anonymous_23)
FNDA:0,(anonymous_24)
FNDA:0,(anonymous_25)
FNDA:0,(anonymous_26)
FNDA:0,(anonymous_27)
FNDA:0,(anonymous_28)
FNDA:0,(anonymous_29)
FNDA:0,(anonymous_30)
FNDA:0,(anonymous_31)
DA:53,0
DA:54,0
DA:55,0
DA:58,0
DA:59,0
DA:63,0
DA:64,0
DA:69,0
DA:70,0
DA:71,0
DA:72,0
DA:73,0
DA:78,0
DA:79,0
DA:80,0
DA:81,0
DA:82,0
DA:85,0
DA:89,0
DA:90,0
DA:91,0
DA:94,0
DA:95,0
DA:102,0
DA:103,0
DA:104,0
DA:105,0
DA:109,0
DA:110,0
DA:116,0
DA:119,0
DA:120,0
DA:123,0
DA:124,0
DA:127,0
DA:128,0
DA:129,0
DA:130,0
DA:133,0
DA:134,0
DA:135,0
DA:136,0
DA:139,0
DA:147,0
DA:177,0
DA:197,0
DA:208,0
DA:209,0
DA:223,0
DA:234,0
DA:235,0
DA:248,0
DA:253,0
DA:275,0
DA:290,0
DA:291,0
DA:300,0
DA:301,0
DA:302,0
DA:303,0
DA:319,0
LF:61
LH:0
BRDA:53,0,0,0
BRDA:53,0,1,0
BRDA:54,1,0,0
BRDA:54,1,1,0
BRDA:71,2,0,0
BRDA:71,2,1,0
BRDA:72,3,0,0
BRDA:72,3,1,0
BRDA:72,4,0,0
BRDA:72,4,1,0
BRDA:81,5,0,0
BRDA:81,5,1,0
BRDA:102,6,0,0
BRDA:102,6,1,0
BRDA:102,7,0,0
BRDA:102,7,1,0
BRDA:206,8,0,0
BRDA:206,8,1,0
BRDA:208,9,0,0
BRDA:208,9,1,0
BRDA:208,10,0,0
BRDA:208,10,1,0
BRDA:232,11,0,0
BRDA:232,11,1,0
BRDA:234,12,0,0
BRDA:234,12,1,0
BRDA:234,13,0,0
BRDA:234,13,1,0
BRDA:263,14,0,0
BRDA:263,14,1,0
BRDA:280,15,0,0
BRDA:280,15,1,0
BRDA:300,16,0,0
BRDA:300,16,1,0
BRDA:301,17,0,0
BRDA:301,17,1,0
BRDA:301,18,0,0
BRDA:301,18,1,0
BRDA:306,19,0,0
BRDA:306,19,1,0
BRDA:306,20,0,0
BRDA:306,20,1,0
BRDA:312,21,0,0
BRDA:312,21,1,0
BRF:44
BRH:0
end_of_record
TN:
SF:components/match-forms/PoolMatchForm.tsx
FN:30,PoolMatchForm
FN:37,(anonymous_1)
FN:47,(anonymous_2)
FN:75,(anonymous_3)
FN:80,(anonymous_4)
FN:91,(anonymous_5)
FNF:6
FNH:0
FNDA:0,PoolMatchForm
FNDA:0,(anonymous_1)
FNDA:0,(anonymous_2)
FNDA:0,(anonymous_3)
FNDA:0,(anonymous_4)
FNDA:0,(anonymous_5)
DA:35,0
DA:37,0
DA:38,0
DA:41,0
DA:47,0
DA:75,0
DA:80,0
DA:92,0
LF:8
LH:0
BRDA:51,0,0,0
BRDA:51,0,1,0
BRDA:80,1,0,0
BRDA:80,1,1,0
BRF:4
BRH:0
end_of_record
TN:
SF:components/match-forms/UnoMatchForm.tsx
FN:47,UnoMatchForm
FN:59,(anonymous_1)
FN:63,(anonymous_2)
FN:64,(anonymous_3)
FN:68,(anonymous_4)
FN:70,(anonymous_5)
FN:79,(anonymous_6)
FN:80,(anonymous_7)
FN:83,(anonymous_8)
FN:93,(anonymous_9)
FN:100,(anonymous_10)
FN:103,(anonymous_11)
FN:106,(anonymous_12)
FN:112,(anonymous_13)
FN:121,(anonymous_14)
FN:131,(anonymous_15)
FN:135,(anonymous_16)
FN:136,(anonymous_17)
FN:139,(anonymous_18)
FN:146,(anonymous_19)
FN:156,(anonymous_20)
FN:185,(anonymous_21)
FN:206,(anonymous_22)
FN:213,(anonymous_23)
FN:232,(anonymous_24)
FN:247,(anonymous_25)
FN:289,(anonymous_26)
FN:304,(anonymous_27)
FN:305,(anonymous_28)
FN:306,(anonymous_29)
FN:327,(anonymous_30)
FNF:31
FNH:0
FNDA:0,UnoMatchForm
FNDA:0,(anonymous_1)
FNDA:0,(anonymous_2)
FNDA:0,(anonymous_3)
FNDA:0,(anonymous_4)
FNDA:0,(anonymous_5)
FNDA:0,(anonymous_6)
FNDA:0,(anonymous_7)
FNDA:0,(anonymous_8)
FNDA:0,(anonymous_9)
FNDA:0,(anonymous_10)
FNDA:0,(anonymous_11)
FNDA:0,(anonymous_12)
FNDA:0,(anonymous_13)
FNDA:0,(anonymous_14)
FNDA:0,(anonymous_15)
FNDA:0,(anonymous_16)
FNDA:0,(anonymous_17)
FNDA:0,(anonymous_18)
FNDA:0,(anonymous_19)
FNDA:0,(anonymous_20)
FNDA:0,(anonymous_21)
FNDA:0,(anonymous_22)
FNDA:0,(anonymous_23)
FNDA:0,(anonymous_24)
FNDA:0,(anonymous_25)
FNDA:0,(anonymous_26)
FNDA:0,(anonymous_27)
FNDA:0,(anonymous_28)
FNDA:0,(anonymous_29)
FNDA:0,(anonymous_30)
DA:53,0
DA:54,0
DA:55,0
DA:58,0
DA:59,0
DA:63,0
DA:64,0
DA:68,0
DA:69,0
DA:70,0
DA:71,0
DA:72,0
DA:75,0
DA:79,0
DA:80,0
DA:83,0
DA:84,0
DA:91,0
DA:92,0
DA:93,0
DA:94,0
DA:98,0
DA:100,0
DA:101,0
DA:103,0
DA:106,0
DA:107,0
DA:109,0
DA:112,0
DA:113,0
DA:114,0
DA:116,0
DA:120,0
DA:123,0
DA:128,0
DA:131,0
DA:132,0
DA:135,0
DA:136,0
DA:139,0
DA:140,0
DA:141,0
DA:142,0
DA:146,0
DA:148,0
DA:156,0
DA:186,0
DA:207,0
DA:213,0
DA:234,0
DA:236,0
DA:248,0
DA:249,0
DA:290,0
DA:305,0
DA:306,0
DA:307,0
DA:309,0
DA:327,0
LF:59
LH:0
BRDA:53,0,0,0
BRDA:53,0,1,0
BRDA:54,1,0,0
BRDA:54,1,1,0
BRDA:64,2,0,0
BRDA:64,2,1,0
BRDA:71,3,0,0
BRDA:71,3,1,0
BRDA:91,4,0,0
BRDA:91,4,1,0
BRDA:91,5,0,0
BRDA:91,5,1,0
BRDA:107,6,0,0
BRDA:107,6,1,0
BRDA:113,7,0,0
BRDA:113,7,1,0
BRDA:123,8,0,0
BRDA:123,8,1,0
BRDA:210,9,0,0
BRDA:210,9,1,0
BRDA:211,10,0,0
BRDA:211,10,1,0
BRDA:222,11,0,0
BRDA:222,11,1,0
BRDA:234,12,0,0
BRDA:234,12,1,0
BRDA:246,13,0,0
BRDA:246,13,1,0
BRDA:248,14,0,0
BRDA:248,14,1,0
BRDA:248,15,0,0
BRDA:248,15,1,0
BRDA:258,16,0,0
BRDA:258,16,1,0
BRDA:278,17,0,0
BRDA:278,17,1,0
BRDA:295,18,0,0
BRDA:295,18,1,0
BRDA:307,19,0,0
BRDA:307,19,1,0
BRDA:317,20,0,0
BRDA:317,20,1,0
BRF:42
BRH:0
end_of_record
TN:
SF:components/match-forms/types.ts
FNF:0
FNH:0
LF:0
LH:0
BRF:0
BRH:0
end_of_record
TN:
SF:components/match-forms/darts/CricketLiveTracker.tsx
FN:39,CricketLiveTracker
FN:47,(anonymous_1)
FN:66,(anonymous_2)
FN:67,(anonymous_3)
FN:81,(anonymous_4)
FN:83,(anonymous_5)
FN:85,(anonymous_6)
FN:94,(anonymous_7)
FN:96,(anonymous_8)
FN:97,(anonymous_9)
FN:98,(anonymous_10)
FN:101,(anonymous_11)
FN:103,(anonymous_12)
FN:104,(anonymous_13)
FN:105,(anonymous_14)
FN:108,(anonymous_15)
FN:113,(anonymous_16)
FN:114,(anonymous_17)
FN:133,(anonymous_18)
FN:150,(anonymous_19)
FN:169,(anonymous_20)
FN:175,(anonymous_21)
FN:186,(anonymous_22)
FN:192,(anonymous_23)
FN:207,(anonymous_24)
FN:220,(anonymous_25)
FN:236,(anonymous_26)
FN:245,(anonymous_27)
FN:246,(anonymous_28)
FN:265,(anonymous_29)
FN:278,(anonymous_30)
FN:285,(anonymous_31)
FN:293,(anonymous_32)
FN:320,(anonymous_33)
FN:349,(anonymous_34)
FN:364,(anonymous_35)
FNF:36
FNH:0
FNDA:0,CricketLiveTracker
FNDA:0,(anonymous_1)
FNDA:0,(anonymous_2)
FNDA:0,(anonymous_3)
FNDA:0,(anonymous_4)
FNDA:0,(anonymous_5)
FNDA:0,(anonymous_6)
FNDA:0,(anonymous_7)
FNDA:0,(anonymous_8)
FNDA:0,(anonymous_9)
FNDA:0,(anonymous_10)
FNDA:0,(anonymous_11)
FNDA:0,(anonymous_12)
FNDA:0,(anonymous_13)
FNDA:0,(anonymous_14)
FNDA:0,(anonymous_15)
FNDA:0,(anonymous_16)
FNDA:0,(anonymous_17)
FNDA:0,(anonymous_18)
FNDA:0,(anonymous_19)
FNDA:0,(anonymous_20)
FNDA:0,(anonymous_21)
FNDA:0,(anonymous_22)
FNDA:0,(anonymous_23)
FNDA:0,(anonymous_24)
FNDA:0,(anonymous_25)
FNDA:0,(anonymous_26)
FNDA:0,(anonymous_27)
FNDA:0,(anonymous_28)
FNDA:0,(anonymous_29)
FNDA:0,(anonymous_30)
FNDA:0,(anonymous_31)
FNDA:0,(anonymous_32)
FNDA:0,(anonymous_33)
FNDA:0,(anonymous_34)
FNDA:0,(anonymous_35)
DA:37,0
DA:46,0
DA:47,0
DA:62,0
DA:63,0
DA:66,0
DA:67,0
DA:69,0
DA:78,0
DA:81,0
DA:83,0
DA:85,0
DA:88,0
DA:90,0
DA:92,0
DA:94,0
DA:95,0
DA:96,0
DA:97,0
DA:98,0
DA:101,0
DA:102,0
DA:103,0
DA:104,0
DA:105,0
DA:108,0
DA:109,0
DA:113,0
DA:114,0
DA:115,0
DA:116,0
DA:119,0
DA:120,0
DA:121,0
DA:124,0
DA:125,0
DA:129,0
DA:130,0
DA:133,0
DA:134,0
DA:135,0
DA:138,0
DA:140,0
DA:141,0
DA:143,0
DA:145,0
DA:146,0
DA:149,0
DA:150,0
DA:151,0
DA:152,0
DA:159,0
DA:162,0
DA:169,0
DA:171,0
DA:175,0
DA:176,0
DA:178,0
DA:188,0
DA:189,0
DA:192,0
DA:207,0
DA:208,0
DA:209,0
DA:211,0
DA:212,0
DA:215,0
DA:216,0
DA:219,0
DA:220,0
DA:221,0
DA:222,0
DA:229,0
DA:236,0
DA:237,0
DA:238,0
DA:239,0
DA:240,0
DA:241,0
DA:245,0
DA:246,0
DA:249,0
DA:266,0
DA:279,0
DA:286,0
DA:287,0
DA:288,0
DA:290,0
DA:293,0
DA:321,0
DA:350,0
DA:365,0
LF:92
LH:0
BRDA:88,0,0,0
BRDA:88,0,1,0
BRDA:88,1,0,0
BRDA:88,1,1,0
BRDA:92,2,0,0
BRDA:92,2,1,0
BRDA:124,3,0,0
BRDA:124,3,1,0
BRDA:124,4,0,0
BRDA:124,4,1,0
BRDA:130,5,0,0
BRDA:130,5,1,0
BRDA:134,6,0,0
BRDA:134,6,1,0
BRDA:138,7,0,0
BRDA:138,7,1,0
BRDA:141,8,0,0
BRDA:141,8,1,0
BRDA:143,9,0,0
BRDA:143,9,1,0
BRDA:151,10,0,0
BRDA:151,10,1,0
BRDA:176,11,0,0
BRDA:176,11,1,0
BRDA:211,12,0,0
BRDA:211,12,1,0
BRDA:211,13,0,0
BRDA:211,13,1,0
BRDA:215,14,0,0
BRDA:215,14,1,0
BRDA:219,15,0,0
BRDA:219,15,1,0
BRDA:221,16,0,0
BRDA:221,16,1,0
BRDA:237,17,0,0
BRDA:237,17,1,0
BRDA:237,17,2,0
BRDA:237,17,3,0
BRDA:241,18,0,0
BRDA:241,18,1,0
BRDA:282,19,0,0
BRDA:282,19,1,0
BRDA:286,20,0,0
BRDA:286,20,1,0
BRDA:298,21,0,0
BRDA:298,21,1,0
BRDA:303,22,0,0
BRDA:303,22,1,0
BRDA:326,23,0,0
BRDA:326,23,1,0
BRDA:340,24,0,0
BRDA:340,24,1,0
BRDA:355,25,0,0
BRDA:355,25,1,0
BRDA:369,26,0,0
BRDA:369,26,1,0
BRDA:369,27,0,0
BRDA:369,27,1,0
BRDA:371,28,0,0
BRDA:371,28,1,0
BRF:60
BRH:0
end_of_record
TN:
SF:components/match-forms/darts/X01LiveTracker.tsx
FN:39,X01LiveTracker
FN:46,(anonymous_1)
FN:59,(anonymous_2)
FN:66,(anonymous_3)
FN:70,(anonymous_4)
FN:77,(anonymous_5)
FN:87,(anonymous_6)
FN:128,(anonymous_7)
FN:143,(anonymous_8)
FN:154,(anonymous_9)
FN:163,(anonymous_10)
FN:173,(anonymous_11)
FN:181,(anonymous_12)
FN:293,(anonymous_13)
FN:308,(anonymous_14)
FN:365,(anonymous_15)
FNF:16
FNH:0
FNDA:0,X01LiveTracker
FNDA:0,(anonymous_1)
FNDA:0,(anonymous_2)
FNDA:0,(anonymous_3)
FNDA:0,(anonymous_4)
FNDA:0,(anonymous_5)
FNDA:0,(anonymous_6)
FNDA:0,(anonymous_7)
FNDA:0,(anonymous_8)
FNDA:0,(anonymous_9)
FNDA:0,(anonymous_10)
FNDA:0,(anonymous_11)
FNDA:0,(anonymous_12)
FNDA:0,(anonymous_13)
FNDA:0,(anonymous_14)
FNDA:0,(anonymous_15)
DA:45,0
DA:46,0
DA:48,0
DA:49,0
DA:50,0
DA:53,0
DA:54,0
DA:55,0
DA:56,0
DA:59,0
DA:60,0
DA:66,0
DA:70,0
DA:71,0
DA:72,0
DA:77,0
DA:78,0
DA:79,0
DA:80,0
DA:81,0
DA:82,0
DA:83,0
DA:87,0
DA:88,0
DA:90,0
DA:91,0
DA:92,0
DA:95,0
DA:98,0
DA:99,0
DA:100,0
DA:104,0
DA:105,0
DA:108,0
DA:109,0
DA:110,0
DA:111,0
DA:113,0
DA:123,0
DA:124,0
DA:125,0
DA:128,0
DA:131,0
DA:132,0
DA:133,0
DA:134,0
DA:137,0
DA:138,0
DA:139,0
DA:143,0
DA:144,0
DA:146,0
DA:155,0
DA:158,0
DA:159,0
DA:160,0
DA:163,0
DA:166,0
DA:173,0
DA:175,0
DA:182,0
DA:294,0
DA:309,0
DA:365,0
LF:64
LH:0
BRDA:71,0,0,0
BRDA:71,0,1,0
BRDA:71,1,0,0
BRDA:71,1,1,0
BRDA:78,2,0,0
BRDA:78,2,1,0
BRDA:79,3,0,0
BRDA:79,3,1,0
BRDA:80,4,0,0
BRDA:80,4,1,0
BRDA:82,5,0,0
BRDA:82,5,1,0
BRDA:88,6,0,0
BRDA:88,6,1,0
BRDA:90,7,0,0
BRDA:90,7,1,0
BRDA:98,8,0,0
BRDA:98,8,1,0
BRDA:109,9,0,0
BRDA:109,9,1,0
BRDA:109,10,0,0
BRDA:109,10,1,0
BRDA:110,11,0,0
BRDA:110,11,1,0
BRDA:110,12,0,0
BRDA:110,12,1,0
BRDA:111,13,0,0
BRDA:111,13,1,0
BRDA:111,14,0,0
BRDA:111,14,1,0
BRDA:117,15,0,0
BRDA:117,15,1,0
BRDA:137,16,0,0
BRDA:137,16,1,0
BRDA:144,17,0,0
BRDA:144,17,1,0
BRDA:185,18,0,0
BRDA:185,18,1,0
BRDA:185,19,0,0
BRDA:185,19,1,0
BRDA:190,20,0,0
BRDA:190,20,1,0
BRDA:196,21,0,0
BRDA:196,21,1,0
BRDA:198,22,0,0
BRDA:198,22,1,0
BRDA:205,23,0,0
BRDA:205,23,1,0
BRDA:216,24,0,0
BRDA:216,24,1,0
BRDA:275,25,0,0
BRDA:275,25,1,0
BRDA:284,26,0,0
BRDA:284,26,1,0
BRDA:299,27,0,0
BRDA:299,27,1,0
BRDA:313,28,0,0
BRDA:313,28,1,0
BRDA:321,29,0,0
BRDA:321,29,1,0
BRDA:330,30,0,0
BRDA:330,30,1,0
BRDA:342,31,0,0
BRDA:342,31,1,0
BRDA:358,32,0,0
BRDA:358,32,1,0
BRF:66
BRH:0
end_of_record
TN:
SF:components/ui/accordion/index.tsx
FN:167,(anonymous_0)
FN:181,(anonymous_1)
FN:198,AccordionContent
FN:213,AccordionContentText
FN:230,AccordionIcon
FN:270,AccordionHeader
FN:285,AccordionTrigger
FN:299,AccordionTitleText
FNF:8
FNH:0
FNDA:0,(anonymous_0)
FNDA:0,(anonymous_1)
FNDA:0,AccordionContent
FNDA:0,AccordionContentText
FNDA:0,AccordionIcon
FNDA:0,AccordionHeader
FNDA:0,AccordionTrigger
FNDA:0,AccordionTitleText
DA:15,0
DA:18,0
DA:33,0
DA:42,0
DA:52,0
DA:65,0
DA:75,0
DA:78,0
DA:81,0
DA:85,0
DA:87,0
DA:92,0
DA:103,0
DA:116,0
DA:164,0
DA:168,0
DA:178,0
DA:182,0
DA:183,0
DA:195,0
DA:199,0
DA:210,0
DA:214,0
DA:215,0
DA:227,0
DA:231,0
DA:233,0
DA:234,0
DA:242,0
DA:246,0
DA:254,0
DA:267,0
DA:271,0
DA:282,0
DA:286,0
DA:296,0
DA:300,0
DA:301,0
DA:313,0
DA:314,0
DA:315,0
DA:316,0
DA:317,0
DA:318,0
DA:319,0
DA:320,0
LF:46
LH:0
BRDA:88,0,0,0
BRDA:88,0,1,0
BRDA:167,1,0,0
BRDA:167,2,0,0
BRDA:233,3,0,0
BRDA:233,3,1,0
BRDA:242,4,0,0
BRDA:242,4,1,0
BRDA:243,5,0,0
BRDA:243,5,1,0
BRDA:243,5,2,0
BRF:11
BRH:0
end_of_record
TN:
SF:components/ui/actionsheet/index.tsx
FN:30,ItemWrapper
FN:294,Actionsheet
FN:309,ActionsheetContent
FN:324,ActionsheetItem
FN:339,ActionsheetItemText
FN:370,ActionsheetDragIndicator
FN:385,ActionsheetDragIndicatorWrapper
FN:400,ActionsheetBackdrop
FN:424,ActionsheetScrollView
FN:439,ActionsheetVirtualizedList
FN:454,ActionsheetFlatList
FN:469,ActionsheetSectionList
FN:484,ActionsheetSectionHeaderText
FN:521,ActionsheetIcon
FNF:14
FNH:0
FNDA:0,ItemWrapper
FNDA:0,Actionsheet
FNDA:0,ActionsheetContent
FNDA:0,ActionsheetItem
FNDA:0,ActionsheetItemText
FNDA:0,ActionsheetDragIndicator
FNDA:0,ActionsheetDragIndicatorWrapper
FNDA:0,ActionsheetBackdrop
FNDA:0,ActionsheetScrollView
FNDA:0,ActionsheetVirtualizedList
FNDA:0,ActionsheetFlatList
FNDA:0,ActionsheetSectionList
FNDA:0,ActionsheetSectionHeaderText
FNDA:0,ActionsheetIcon
DA:27,0
DA:31,0
DA:37,0
DA:42,0
DA:46,0
DA:63,0
DA:64,0
DA:65,0
DA:66,0
DA:67,0
DA:68,0
DA:69,0
DA:70,0
DA:75,0
DA:82,0
DA:90,0
DA:91,0
DA:93,0
DA:106,0
DA:108,0
DA:112,0
DA:116,0
DA:147,0
DA:151,0
DA:155,0
DA:159,0
DA:163,0
DA:167,0
DA:171,0
DA:175,0
DA:217,0
DA:291,0
DA:295,0
DA:306,0
DA:310,0
DA:321,0
DA:325,0
DA:336,0
DA:351,0
DA:367,0
DA:371,0
DA:382,0
DA:386,0
DA:397,0
DA:401,0
DA:421,0
DA:425,0
DA:436,0
DA:440,0
DA:451,0
DA:455,0
DA:466,0
DA:470,0
DA:481,0
DA:499,0
DA:518,0
DA:522,0
DA:523,0
DA:531,0
DA:535,0
DA:543,0
LF:61
LH:0
BRDA:345,0,0,0
BRDA:521,1,0,0
BRDA:522,2,0,0
BRDA:522,2,1,0
BRDA:531,3,0,0
BRDA:531,3,1,0
BRDA:532,4,0,0
BRDA:532,4,1,0
BRDA:532,4,2,0
BRF:9
BRH:0
end_of_record
TN:
SF:components/ui/alert/index.tsx
FN:134,Alert
FN:155,AlertText
FN:202,AlertIcon
FNF:3
FNH:0
FNDA:0,Alert
FNDA:0,AlertText
FNDA:0,AlertIcon
DA:14,0
DA:16,0
DA:35,0
DA:85,0
DA:108,0
DA:114,0
DA:133,0
DA:138,0
DA:152,0
DA:170,0
DA:171,0
DA:199,0
DA:203,0
DA:205,0
DA:206,0
DA:214,0
DA:218,0
DA:226,0
DA:241,0
DA:242,0
DA:243,0
LF:21
LH:0
BRDA:135,0,0,0
BRDA:135,1,0,0
BRDA:162,2,0,0
BRDA:202,3,0,0
BRDA:205,4,0,0
BRDA:205,4,1,0
BRDA:214,5,0,0
BRDA:214,5,1,0
BRDA:215,6,0,0
BRDA:215,6,1,0
BRDA:215,6,2,0
BRF:11
BRH:0
end_of_record
TN:
SF:components/ui/alert-dialog/index.tsx
FN:132,AlertDialog
FN:147,AlertDialogContent
FN:190,AlertDialogCloseButton
FN:205,AlertDialogHeader
FN:220,AlertDialogFooter
FN:235,AlertDialogBody
FN:250,AlertDialogBackdrop
FNF:7
FNH:0
FNDA:0,AlertDialog
FNDA:0,AlertDialogContent
FNDA:0,AlertDialogCloseButton
FNDA:0,AlertDialogHeader
FNDA:0,AlertDialogFooter
FNDA:0,AlertDialogBody
FNDA:0,AlertDialogBackdrop
DA:20,0
DA:22,0
DA:27,0
DA:32,0
DA:36,0
DA:47,0
DA:48,0
DA:50,0
DA:63,0
DA:76,0
DA:80,0
DA:84,0
DA:88,0
DA:90,0
DA:129,0
DA:133,0
DA:144,0
DA:148,0
DA:150,0
DA:187,0
DA:191,0
DA:202,0
DA:206,0
DA:217,0
DA:221,0
DA:232,0
DA:236,0
DA:247,0
DA:251,0
DA:280,0
DA:281,0
DA:282,0
DA:283,0
DA:284,0
DA:285,0
DA:286,0
LF:36
LH:0
BRDA:132,0,0,0
BRF:1
BRH:0
end_of_record
TN:
SF:components/ui/avatar/index.tsx
FN:83,Avatar
FN:100,AvatarBadge
FN:125,AvatarFallbackText
FN:149,AvatarImage
FN:173,AvatarGroup
FNF:5
FNH:0
FNDA:0,Avatar
FNDA:0,AvatarBadge
FNDA:0,AvatarFallbackText
FNDA:0,AvatarImage
FNDA:0,AvatarGroup
DA:12,0
DA:15,0
DA:23,0
DA:37,0
DA:52,0
DA:56,0
DA:70,0
DA:80,0
DA:84,0
DA:97,0
DA:101,0
DA:103,0
DA:122,0
DA:126,0
DA:128,0
DA:146,0
DA:150,0
DA:170,0
DA:174,0
LF:19
LH:0
BRDA:83,0,0,0
BRDA:159,1,0,0
BRDA:159,1,1,0
BRF:3
BRH:0
end_of_record
TN:
SF:components/ui/badge/index.tsx
FN:115,Badge
FN:144,BadgeText
FN:170,BadgeIcon
FNF:3
FNH:0
FNDA:0,Badge
FNDA:0,BadgeText
FNDA:0,BadgeIcon
DA:14,0
DA:16,0
DA:38,0
[...]
BRDA:331,35,1,0
BRF:73
BRH:35
end_of_record
TN:
SF:lib/db/migrations.ts
FN:4,addLeagueColorColumn
FN:11,(anonymous_1)
FN:26,addLeagueFormatSettings
FN:32,(anonymous_3)
FN:33,(anonymous_4)
FN:49,addSeasonColumnsToMatches
FN:56,(anonymous_6)
FN:57,(anonymous_7)
FN:58,(anonymous_8)
FN:79,addTournamentSeriesFormat
FN:86,(anonymous_10)
FN:97,addGameTypeToLeagues
FN:104,(anonymous_12)
FN:115,addGameDataToMatches
FN:122,(anonymous_14)
FN:123,(anonymous_15)
FN:140,refactorMatchesForMultiPlayer
FN:148,(anonymous_17)
FN:204,refactorPlayerLeagues
FN:212,(anonymous_19)
FN:256,ensureLeagueIdNullable
FN:265,(anonymous_21)
FN:266,(anonymous_22)
FN:338,(anonymous_23)
FN:349,(anonymous_24)
FN:350,(anonymous_25)
FN:350,(anonymous_26)
FN:351,(anonymous_27)
FN:351,(anonymous_28)
FN:369,createCustomGameConfigsTable
FN:402,(anonymous_30)
FN:458,(anonymous_31)
FN:478,(anonymous_32)
FN:490,addDartsRoundTracking
FN:500,addQuickEntryMode
FN:507,(anonymous_35)
FN:518,createSeriesTables
FN:553,(anonymous_37)
FNF:38
FNH:0
FNDA:0,addLeagueColorColumn
FNDA:0,(anonymous_1)
FNDA:0,addLeagueFormatSettings
FNDA:0,(anonymous_3)
FNDA:0,(anonymous_4)
FNDA:0,addSeasonColumnsToMatches
FNDA:0,(anonymous_6)
FNDA:0,(anonymous_7)
FNDA:0,(anonymous_8)
FNDA:0,addTournamentSeriesFormat
FNDA:0,(anonymous_10)
FNDA:0,addGameTypeToLeagues
FNDA:0,(anonymous_12)
FNDA:0,addGameDataToMatches
FNDA:0,(anonymous_14)
FNDA:0,(anonymous_15)
FNDA:0,refactorMatchesForMultiPlayer
FNDA:0,(anonymous_17)
FNDA:0,refactorPlayerLeagues
FNDA:0,(anonymous_19)
FNDA:0,ensureLeagueIdNullable
FNDA:0,(anonymous_21)
FNDA:0,(anonymous_22)
FNDA:0,(anonymous_23)
FNDA:0,(anonymous_24)
FNDA:0,(anonymous_25)
FNDA:0,(anonymous_26)
FNDA:0,(anonymous_27)
FNDA:0,(anonymous_28)
FNDA:0,createCustomGameConfigsTable
FNDA:0,(anonymous_30)
FNDA:0,(anonymous_31)
FNDA:0,(anonymous_32)
FNDA:0,addDartsRoundTracking
FNDA:0,addQuickEntryMode
FNDA:0,(anonymous_35)
FNDA:0,createSeriesTables
FNDA:0,(anonymous_37)
DA:5,0
DA:7,0
DA:11,0
DA:13,0
DA:15,0
DA:19,0
DA:22,0
DA:27,0
DA:28,0
DA:32,0
DA:33,0
DA:35,0
DA:36,0
DA:37,0
DA:40,0
DA:41,0
DA:42,0
DA:45,0
DA:50,0
DA:52,0
DA:56,0
DA:57,0
DA:58,0
DA:60,0
DA:61,0
DA:62,0
DA:65,0
DA:66,0
DA:67,0
DA:70,0
DA:71,0
DA:72,0
DA:75,0
DA:80,0
DA:82,0
DA:86,0
DA:88,0
DA:89,0
DA:90,0
DA:93,0
DA:98,0
DA:100,0
DA:104,0
DA:106,0
DA:107,0
DA:108,0
DA:111,0
DA:116,0
DA:118,0
DA:122,0
DA:123,0
DA:125,0
DA:126,0
DA:127,0
DA:130,0
DA:131,0
DA:132,0
DA:135,0
DA:141,0
DA:142,0
DA:145,0
DA:148,0
DA:150,0
DA:151,0
DA:152,0
DA:156,0
DA:157,0
DA:158,0
DA:162,0
DA:179,0
DA:182,0
DA:195,0
DA:197,0
DA:199,0
DA:200,0
DA:205,0
DA:206,0
DA:209,0
DA:212,0
DA:214,0
DA:215,0
DA:216,0
DA:220,0
DA:227,0
DA:228,0
DA:230,0
DA:239,0
DA:242,0
DA:243,0
DA:248,0
DA:251,0
DA:252,0
DA:257,0
DA:258,0
DA:261,0
DA:265,0
DA:266,0
DA:269,0
DA:270,0
DA:271,0
DA:272,0
DA:274,0
DA:275,0
DA:279,0
DA:280,0
DA:283,0
DA:284,0
DA:287,0
DA:306,0
DA:321,0
DA:323,0
DA:337,0
DA:338,0
DA:339,0
DA:341,0
DA:348,0
DA:349,0
DA:350,0
DA:351,0
DA:353,0
DA:359,0
DA:361,0
DA:364,0
DA:365,0
DA:370,0
DA:372,0
DA:376,0
DA:377,0
DA:393,0
DA:396,0
DA:398,0
DA:402,0
DA:405,0
DA:406,0
DA:413,0
DA:414,0
DA:417,0
DA:420,0
DA:423,0
DA:441,0
DA:442,0
DA:457,0
DA:458,0
DA:459,0
DA:461,0
DA:467,0
DA:469,0
DA:474,0
DA:478,0
DA:480,0
DA:481,0
DA:482,0
DA:485,0
DA:486,0
DA:491,0
DA:494,0
DA:496,0
DA:501,0
DA:503,0
DA:507,0
DA:509,0
DA:510,0
DA:511,0
DA:514,0
DA:519,0
DA:521,0
DA:525,0
DA:527,0
DA:541,0
DA:545,0
DA:549,0
DA:553,0
DA:555,0
DA:556,0
DA:561,0
DA:565,0
DA:568,0
DA:569,0
LF:178
LH:0
BRDA:13,0,0,0
BRDA:13,0,1,0
BRDA:35,1,0,0
BRDA:35,1,1,0
BRDA:40,2,0,0
BRDA:40,2,1,0
BRDA:60,3,0,0
BRDA:60,3,1,0
BRDA:65,4,0,0
BRDA:65,4,1,0
BRDA:70,5,0,0
BRDA:70,5,1,0
BRDA:88,6,0,0
BRDA:88,6,1,0
BRDA:106,7,0,0
BRDA:106,7,1,0
BRDA:125,8,0,0
BRDA:125,8,1,0
BRDA:130,9,0,0
BRDA:130,9,1,0
BRDA:150,10,0,0
BRDA:150,10,1,0
BRDA:214,11,0,0
BRDA:214,11,1,0
BRDA:269,12,0,0
BRDA:269,12,1,0
BRDA:269,13,0,0
BRDA:269,13,1,0
BRDA:269,13,2,0
BRDA:271,14,0,0
BRDA:271,14,1,0
BRDA:271,15,0,0
BRDA:271,15,1,0
BRDA:274,16,0,0
BRDA:274,16,1,0
BRDA:326,17,0,0
BRDA:326,17,1,0
BRDA:327,18,0,0
BRDA:327,18,1,0
BRDA:328,19,0,0
BRDA:328,19,1,0
BRDA:329,20,0,0
BRDA:329,20,1,0
BRDA:331,21,0,0
BRDA:331,21,1,0
BRDA:332,22,0,0
BRDA:332,22,1,0
BRDA:333,23,0,0
BRDA:333,23,1,0
BRDA:376,24,0,0
BRDA:376,24,1,0
BRDA:406,25,0,0
BRDA:406,25,1,0
BRDA:406,25,2,0
BRDA:406,25,3,0
BRDA:406,25,4,0
BRDA:406,25,5,0
BRDA:413,26,0,0
BRDA:413,26,1,0
BRDA:445,27,0,0
BRDA:445,27,1,0
BRDA:446,28,0,0
BRDA:446,28,1,0
BRDA:446,28,2,0
BRDA:447,29,0,0
BRDA:447,29,1,0
BRDA:448,30,0,0
BRDA:448,30,1,0
BRDA:449,31,0,0
BRDA:449,31,1,0
BRDA:450,32,0,0
BRDA:450,32,1,0
BRDA:451,33,0,0
BRDA:451,33,1,0
BRDA:452,34,0,0
BRDA:452,34,1,0
BRDA:453,35,0,0
BRDA:453,35,1,0
BRDA:480,36,0,0
BRDA:480,36,1,0
BRDA:509,37,0,0
BRDA:509,37,1,0
BRDA:525,38,0,0
BRDA:525,38,1,0
BRDA:555,39,0,0
BRDA:555,39,1,0
BRF:86
BRH:0
end_of_record
TN:
SF:lib/db/playerLeagues.ts
FN:7,addPlayerToLeague
FN:29,removePlayerFromLeague
FN:48,getLeaguePlayers
FN:78,getPlayerLeagues
FN:128,isPlayerInLeague
FNF:5
FNH:0
FNDA:0,addPlayerToLeague
FNDA:0,removePlayerFromLeague
FNDA:0,getLeaguePlayers
FNDA:0,getPlayerLeagues
FNDA:0,isPlayerInLeague
DA:13,0
DA:18,0
DA:19,0
DA:23,0
DA:35,0
DA:40,0
DA:41,0
DA:53,0
DA:72,0
DA:93,0
DA:114,0
DA:115,0
DA:116,0
DA:117,0
DA:125,0
DA:133,0
DA:137,0
LF:17
LH:0
BRDA:18,0,0,0
BRDA:18,0,1,0
BRDA:40,1,0,0
BRDA:40,1,1,0
BRDA:137,2,0,0
BRDA:137,2,1,0
BRF:6
BRH:0
end_of_record
TN:
SF:lib/db/provider.tsx
FN:36,DatabaseProvider
FN:40,(anonymous_1)
FN:41,initDB
FN:92,useDatabase
FNF:4
FNH:0
FNDA:0,DatabaseProvider
FNDA:0,(anonymous_1)
FNDA:0,initDB
FNDA:0,useDatabase
DA:31,0
DA:37,0
DA:38,0
DA:40,0
DA:42,0
DA:43,0
DA:44,0
DA:47,0
DA:48,0
DA:49,0
DA:50,0
DA:51,0
DA:52,0
DA:53,0
DA:56,0
DA:57,0
DA:60,0
DA:63,0
DA:66,0
DA:69,0
DA:72,0
DA:74,0
DA:76,0
DA:78,0
DA:82,0
DA:85,0
DA:93,0
DA:94,0
DA:95,0
DA:97,0
LF:30
LH:0
BRDA:94,0,0,0
BRDA:94,0,1,0
BRF:2
BRH:0
end_of_record
TN:
SF:lib/db/queries.ts
FN:22,validateTableName
FN:28,insert
FN:36,(anonymous_2)
FN:51,update
FN:60,(anonymous_4)
FN:72,remove
FN:87,findById
FN:97,findAll
FNF:8
FNH:8
FNDA:89,validateTableName
FNDA:18,insert
FNDA:14,(anonymous_2)
FNDA:18,update
FNDA:13,(anonymous_4)
FNDA:17,remove
FNDA:18,findById
FNDA:18,findAll
DA:5,3
DA:23,89
DA:24,25
DA:33,18
DA:35,13
DA:36,14
DA:37,13
DA:39,13
DA:44,13
DA:47,13
DA:48,13
DA:57,18
DA:59,13
DA:60,13
DA:61,13
DA:63,13
DA:69,13
DA:77,17
DA:79,12
DA:84,12
DA:92,18
DA:93,13
DA:94,13
DA:101,18
DA:102,13
LF:25
LH:25
BRDA:23,0,0,25
BRDA:23,0,1,64
BRDA:48,1,0,13
BRDA:48,1,1,0
BRDA:94,2,0,13
BRDA:94,2,1,1
BRF:6
BRH:5
end_of_record
TN:
SF:lib/db/schema.ts
FN:3,setupDatabase
FNF:1
FNH:0
FNDA:0,setupDatabase
DA:5,0
DA:19,0
DA:29,0
DA:40,0
DA:59,0
DA:73,0
DA:88,0
DA:102,0
DA:119,0
DA:143,0
DA:160,0
DA:174,0
LF:12
LH:0
BRF:0
BRH:0
end_of_record
TN:
SF:lib/db/seasons.ts
FN:6,createSeason
FN:26,updateSeason
FN:38,getLeagueSeasons
FN:48,getActiveSeason
FN:58,recordWeekAttendance
FN:81,getWeekAttendance
FN:91,(anonymous_6)
FN:95,getScheduledMatches
FN:163,getMakeupMatches
FN:254,getOwedMatches
FN:276,advanceWeek
FN:287,completeSeason
FNF:12
FNH:0
FNDA:0,createSeason
FNDA:0,updateSeason
FNDA:0,getLeagueSeasons
FNDA:0,getActiveSeason
FNDA:0,recordWeekAttendance
FNDA:0,getWeekAttendance
FNDA:0,(anonymous_6)
FNDA:0,getScheduledMatches
FNDA:0,getMakeupMatches
FNDA:0,getOwedMatches
FNDA:0,advanceWeek
FNDA:0,completeSeason
DA:15,0
DA:35,0
DA:42,0
DA:52,0
DA:65,0
DA:71,0
DA:72,0
DA:86,0
DA:91,0
DA:103,0
DA:106,0
DA:107,0
DA:110,0
DA:111,0
DA:115,0
DA:122,0
DA:125,0
DA:126,0
DA:127,0
DA:128,0
DA:132,0
DA:147,0
DA:148,0
DA:159,0
DA:171,0
DA:174,0
DA:175,0
DA:178,0
DA:181,0
DA:183,0
DA:185,0
DA:186,0
DA:190,0
DA:198,0
DA:206,0
DA:207,0
DA:209,0
DA:212,0
DA:216,0
DA:219,0
DA:234,0
DA:237,0
DA:250,0
DA:260,0
DA:261,0
DA:263,0
DA:266,0
DA:269,0
DA:273,0
DA:277,0
DA:278,0
DA:280,0
DA:282,0
DA:288,0
LF:54
LH:0
BRDA:19,0,0,0
BRDA:19,0,1,0
BRDA:106,1,0,0
BRDA:106,1,1,0
BRDA:106,2,0,0
BRDA:106,2,1,0
BRDA:110,3,0,0
BRDA:110,3,1,0
BRDA:147,4,0,0
BRDA:147,4,1,0
BRDA:174,5,0,0
BRDA:174,5,1,0
BRDA:174,6,0,0
BRDA:174,6,1,0
BRDA:185,7,0,0
BRDA:185,7,1,0
BRDA:209,8,0,0
BRDA:209,8,1,0
BRDA:216,9,0,0
BRDA:216,9,1,0
BRDA:234,10,0,0
BRDA:234,10,1,0
BRDA:261,11,0,0
BRDA:261,11,1,0
BRDA:263,12,0,0
BRDA:263,12,1,0
BRDA:266,13,0,0
BRDA:266,13,1,0
BRDA:269,14,0,0
BRDA:269,14,1,0
BRDA:278,15,0,0
BRDA:278,15,1,0
BRF:32
BRH:0
end_of_record
TN:
SF:lib/db/series.ts
FN:7,createSeries
FN:27,getAllSeries
FN:43,getSeriesById
FN:50,updateSeries
FN:58,completeSeries
FN:68,deleteSeries
FN:77,getSeriesStandings
FN:106,(anonymous_7)
FN:114,getSeriesMatches
FN:154,(anonymous_9)
FNF:10
FNH:10
FNDA:3,createSeries
FNDA:2,getAllSeries
FNDA:2,getSeriesById
FNDA:3,updateSeries
FNDA:1,completeSeries
FNDA:1,deleteSeries
FNDA:4,getSeriesStandings
FNDA:6,(anonymous_7)
FNDA:3,getSeriesMatches
FNDA:2,(anonymous_9)
DA:16,3
DA:28,2
DA:40,2
DA:47,2
DA:55,3
DA:62,1
DA:73,1
DA:74,1
DA:81,4
DA:97,4
DA:106,6
DA:118,3
DA:128,3
DA:131,3
DA:132,1
DA:154,2
DA:160,3
LF:17
LH:17
BRDA:18,0,0,3
BRDA:18,0,1,2
BRDA:108,1,0,5
BRDA:108,1,1,1
BRF:4
BRH:4
end_of_record
TN:
SF:lib/db/stats.ts
FN:11,getPlayerStats
FN:88,formatStreak
FN:97,formatRecentForm
FNF:3
FNH:0
FNDA:0,getPlayerStats
FNDA:0,formatStreak
FNDA:0,formatRecentForm
DA:17,0
DA:33,0
DA:35,0
DA:36,0
DA:37,0
DA:39,0
DA:44,0
DA:47,0
DA:48,0
DA:49,0
DA:50,0
DA:52,0
DA:53,0
DA:54,0
DA:58,0
DA:59,0
DA:64,0
DA:65,0
DA:68,0
DA:69,0
DA:70,0
DA:71,0
DA:72,0
DA:75,0
DA:79,0
DA:89,0
DA:91,0
DA:92,0
DA:94,0
DA:98,0
DA:99,0
LF:31
LH:0
BRDA:36,0,0,0
BRDA:36,0,1,0
BRDA:48,1,0,0
BRDA:48,1,1,0
BRDA:52,2,0,0
BRDA:52,2,1,0
BRDA:58,3,0,0
BRDA:58,3,1,0
BRDA:69,4,0,0
BRDA:69,4,1,0
BRDA:71,5,0,0
BRDA:71,5,1,0
BRDA:89,6,0,0
BRDA:89,6,1,0
BRDA:92,7,0,0
BRDA:92,7,1,0
BRDA:98,8,0,0
BRDA:98,8,1,0
BRF:18
BRH:0
end_of_record
TN:
SF:lib/db/tournaments.ts
FN:9,createTournament
FN:38,getStandardBracketSeeding
FN:57,generateBracket
FN:148,advanceWinner
FN:172,recordTournamentGame
FN:230,getTournament
FN:240,getTournamentMatches
FN:266,getSeasonTournament
FNF:8
FNH:3
FNDA:5,createTournament
FNDA:11,getStandardBracketSeeding
FNDA:5,generateBracket
FNDA:0,advanceWinner
FNDA:0,recordTournamentGame
FNDA:0,getTournament
FNDA:0,getTournamentMatches
FNDA:0,getSeasonTournament
DA:19,5
DA:30,5
DA:32,5
DA:39,11
DA:40,5
DA:43,6
DA:44,6
DA:46,6
DA:47,16
DA:48,16
DA:51,6
DA:62,5
DA:65,5
DA:66,5
DA:69,5
DA:72,5
DA:75,5
DA:76,11
DA:77,11
DA:80,11
DA:82,11
DA:83,21
DA:85,21
DA:100,21
DA:105,5
DA:106,5
DA:109,5
DA:112,5
DA:113,5
DA:114,26
DA:118,5
DA:119,13
DA:122,13
DA:123,13
DA:125,13
DA:126,13
DA:128,13
DA:136,13
DA:137,2
DA:138,2
DA:139,0
DA:153,0
DA:155,0
DA:158,0
DA:159,0
DA:162,0
DA:163,0
DA:177,0
DA:179,0
DA:182,0
DA:185,0
DA:186,0
DA:188,0
DA:189,0
DA:190,0
DA:191,0
DA:194,0
DA:201,0
DA:202,0
DA:203,0
DA:204,0
DA:207,0
DA:208,0
DA:212,0
DA:214,0
DA:215,0
DA:216,0
DA:224,0
DA:234,0
DA:244,0
DA:270,0
LF:71
LH:40
BRDA:39,0,0,5
BRDA:39,0,1,6
BRDA:80,1,0,5
BRDA:80,1,1,6
BRDA:83,2,0,16
BRDA:83,2,1,5
BRDA:114,3,0,24
BRDA:114,3,1,2
BRDA:129,4,0,13
BRDA:129,4,1,0
BRDA:130,5,0,13
BRDA:130,5,1,2
BRDA:131,6,0,11
BRDA:131,6,1,2
BRDA:132,7,0,11
BRDA:132,7,1,2
BRDA:132,8,0,2
BRDA:132,8,1,0
BRDA:136,9,0,2
BRDA:136,9,1,11
BRDA:136,10,0,13
BRDA:136,10,1,2
BRDA:138,11,0,0
BRDA:138,11,1,2
BRDA:155,12,0,0
BRDA:155,12,1,0
BRDA:158,13,0,0
BRDA:158,13,1,0
BRDA:162,14,0,0
BRDA:162,14,1,0
BRDA:179,15,0,0
BRDA:179,15,1,0
BRDA:179,16,0,0
BRDA:179,16,1,0
BRDA:182,17,0,0
BRDA:182,17,1,0
BRDA:188,18,0,0
BRDA:188,18,1,0
BRDA:190,19,0,0
BRDA:190,19,1,0
BRDA:201,20,0,0
BRDA:201,20,1,0
BRDA:201,21,0,0
BRDA:201,21,1,0
BRDA:202,22,0,0
BRDA:202,22,1,0
BRDA:207,23,0,0
BRDA:207,23,1,0
BRDA:207,24,0,0
BRDA:207,24,1,0
BRDA:212,25,0,0
BRDA:212,25,1,0
BRDA:212,26,0,0
BRDA:212,26,1,0
BRDA:212,26,2,0
BRDA:215,27,0,0
BRDA:215,27,1,0
BRF:57
BRH:21
end_of_record
TN:
SF:lib/games/custom.ts
FN:4,createCustomGameConfig
FN:12,(anonymous_1)
FN:28,(anonymous_2)
FN:37,(anonymous_3)
FN:48,(anonymous_4)
FN:49,(anonymous_5)
FN:49,(anonymous_6)
FN:52,(anonymous_7)
FN:53,(anonymous_8)
FN:62,(anonymous_9)
FN:66,(anonymous_10)
FN:73,determineCustomGameWinner
FN:81,(anonymous_12)
FN:82,(anonymous_13)
FN:86,(anonymous_14)
FN:88,(anonymous_15)
FN:89,(anonymous_16)
FN:100,(anonymous_17)
FN:101,(anonymous_18)
FN:102,(anonymous_19)
FN:111,(anonymous_20)
FN:112,(anonymous_21)
FN:113,(anonymous_22)
FNF:23
FNH:12
FNDA:0,createCustomGameConfig
FNDA:0,(anonymous_1)
FNDA:0,(anonymous_2)
FNDA:0,(anonymous_3)
FNDA:0,(anonymous_4)
FNDA:0,(anonymous_5)
FNDA:0,(anonymous_6)
FNDA:0,(anonymous_7)
FNDA:0,(anonymous_8)
FNDA:0,(anonymous_9)
FNDA:0,(anonymous_10)
FNDA:9,determineCustomGameWinner
FNDA:6,(anonymous_12)
FNDA:6,(anonymous_13)
FNDA:3,(anonymous_14)
FNDA:3,(anonymous_15)
FNDA:3,(anonymous_16)
FNDA:2,(anonymous_17)
FNDA:2,(anonymous_18)
FNDA:1,(anonymous_19)
FNDA:10,(anonymous_20)
FNDA:10,(anonymous_21)
FNDA:6,(anonymous_22)
DA:5,0
DA:13,0
DA:14,0
DA:17,0
DA:20,0
DA:23,0
DA:25,0
DA:30,0
DA:31,0
DA:32,0
DA:37,0
DA:39,0
DA:41,0
DA:44,0
DA:49,0
DA:53,0
DA:54,0
DA:55,0
DA:57,0
DA:58,0
DA:59,0
DA:62,0
DA:63,0
DA:67,0
DA:77,9
DA:80,3
DA:81,6
DA:82,6
DA:84,3
DA:86,3
DA:87,2
DA:88,3
DA:89,3
DA:91,1
DA:97,2
DA:98,2
DA:99,1
DA:100,2
DA:101,2
DA:102,1
DA:104,1
DA:109,4
DA:110,4
DA:111,10
DA:112,10
DA:113,6
DA:116,0
LF:47
LH:22
BRDA:13,0,0,0
BRDA:13,0,1,0
BRDA:13,1,0,0
BRDA:13,1,1,0
BRDA:17,2,0,0
BRDA:17,2,1,0
BRDA:20,3,0,0
BRDA:20,3,1,0
BRDA:23,4,0,0
BRDA:23,4,1,0
BRDA:31,5,0,0
BRDA:31,5,1,0
BRDA:31,6,0,0
BRDA:31,6,1,0
BRDA:39,7,0,0
BRDA:39,7,1,0
BRDA:54,8,0,0
BRDA:54,8,1,0
BRDA:57,9,0,0
BRDA:57,9,1,0
BRDA:77,10,0,3
BRDA:77,10,1,2
BRDA:77,10,2,4
BRDA:77,10,3,0
BRDA:84,11,0,2
BRDA:84,11,1,1
BRDA:98,12,0,1
BRDA:98,12,1,1
BRF:28
BRH:7
end_of_record
TN:
SF:lib/games/darts.ts
FN:11,(anonymous_0)
FN:21,(anonymous_1)
FN:33,(anonymous_2)
FN:41,(anonymous_3)
FN:46,(anonymous_4)
FN:50,(anonymous_5)
FN:53,(anonymous_6)
FN:53,(anonymous_7)
FN:56,(anonymous_8)
FN:57,(anonymous_9)
FN:59,(anonymous_10)
FN:72,(anonymous_11)
FNF:12
FNH:0
FNDA:0,(anonymous_0)
FNDA:0,(anonymous_1)
FNDA:0,(anonymous_2)
FNDA:0,(anonymous_3)
FNDA:0,(anonymous_4)
FNDA:0,(anonymous_5)
FNDA:0,(anonymous_6)
FNDA:0,(anonymous_7)
FNDA:0,(anonymous_8)
FNDA:0,(anonymous_9)
FNDA:0,(anonymous_10)
FNDA:0,(anonymous_11)
DA:4,1
DA:12,0
DA:15,0
DA:16,0
DA:17,0
DA:21,0
DA:27,0
DA:28,0
DA:29,0
DA:33,0
DA:38,0
DA:43,0
DA:46,0
DA:53,0
DA:57,0
DA:58,0
DA:59,0
DA:60,0
DA:61,0
DA:65,0
DA:66,0
DA:69,0
DA:73,0
DA:74,0
LF:24
LH:1
BRDA:12,0,0,0
BRDA:12,0,1,0
BRDA:12,1,0,0
BRDA:12,1,1,0
BRDA:15,2,0,0
BRDA:15,2,1,0
BRDA:15,3,0,0
BRDA:15,3,1,0
BRDA:18,4,0,0
BRDA:18,4,1,0
BRDA:18,4,2,0
BRDA:18,4,3,0
BRDA:18,4,4,0
BRDA:27,5,0,0
BRDA:27,5,1,0
BRDA:27,6,0,0
BRDA:27,6,1,0
BRDA:30,7,0,0
BRDA:30,7,1,0
BRDA:30,7,2,0
BRDA:30,7,3,0
BRDA:30,7,4,0
BRDA:44,8,0,0
BRDA:44,8,1,0
BRDA:44,8,2,0
BRDA:58,9,0,0
BRDA:58,9,1,0
BRDA:60,10,0,0
BRDA:60,10,1,0
BRDA:60,11,0,0
BRDA:60,11,1,0
BRDA:65,12,0,0
BRDA:65,12,1,0
BRDA:73,13,0,0
BRDA:73,13,1,0
BRF:35
BRH:0
end_of_record
TN:
SF:lib/games/dominos.ts
FN:11,(anonymous_0)
FN:19,(anonymous_1)
FN:23,(anonymous_2)
FN:29,(anonymous_3)
FN:35,(anonymous_4)
FN:40,(anonymous_5)
FN:45,(anonymous_6)
FN:49,(anonymous_7)
FN:51,(anonymous_8)
FN:51,(anonymous_9)
FN:54,(anonymous_10)
FN:55,(anonymous_11)
FN:57,(anonymous_12)
FN:70,(anonymous_13)
FNF:14
FNH:0
FNDA:0,(anonymous_0)
FNDA:0,(anonymous_1)
FNDA:0,(anonymous_2)
FNDA:0,(anonymous_3)
FNDA:0,(anonymous_4)
FNDA:0,(anonymous_5)
FNDA:0,(anonymous_6)
FNDA:0,(anonymous_7)
FNDA:0,(anonymous_8)
FNDA:0,(anonymous_9)
FNDA:0,(anonymous_10)
FNDA:0,(anonymous_11)
FNDA:0,(anonymous_12)
FNDA:0,(anonymous_13)
DA:4,1
DA:12,0
DA:13,0
DA:15,0
DA:20,0
DA:23,0
DA:29,0
DA:35,0
DA:42,0
DA:45,0
DA:51,0
DA:55,0
DA:56,0
DA:57,0
DA:58,0
DA:59,0
DA:63,0
DA:64,0
DA:67,0
DA:71,0
LF:20
LH:1
BRDA:12,0,0,0
BRDA:12,0,1,0
BRDA:12,1,0,0
BRDA:12,1,1,0
BRDA:16,2,0,0
BRDA:16,2,1,0
BRDA:16,2,2,0
BRDA:16,2,3,0
BRDA:16,2,4,0
BRDA:16,2,5,0
BRDA:16,2,6,0
BRDA:16,2,7,0
BRDA:20,3,0,0
BRDA:20,3,1,0
BRDA:20,3,2,0
BRDA:20,3,3,0
BRDA:20,3,4,0
BRDA:20,3,5,0
BRDA:20,3,6,0
BRDA:20,3,7,0
BRDA:20,3,8,0
BRDA:43,4,0,0
BRDA:43,4,1,0
BRDA:43,4,2,0
BRDA:56,5,0,0
BRDA:56,5,1,0
BRDA:58,6,0,0
BRDA:58,6,1,0
BRDA:58,7,0,0
BRDA:58,7,1,0
BRDA:58,7,2,0
BRDA:58,7,3,0
BRDA:63,8,0,0
BRDA:63,8,1,0
BRDA:63,9,0,0
BRDA:63,9,1,0
BRF:36
BRH:0
end_of_record
TN:
SF:lib/games/index.ts
FN:19,getGameConfig
FN:26,parseGameData
FNF:2
FNH:1
FNDA:13,getGameConfig
FNDA:0,parseGameData
DA:12,1
DA:20,13
DA:21,0
DA:23,13
DA:27,0
DA:29,0
DA:30,0
DA:31,0
DA:33,0
DA:34,0
LF:10
LH:3
BRDA:20,0,0,0
BRDA:20,0,1,13
BRDA:20,1,0,13
BRDA:20,1,1,0
BRDA:27,2,0,0
BRDA:27,2,1,0
BRF:6
BRH:2
end_of_record
TN:
SF:lib/games/pool.ts
FN:19,(anonymous_0)
FN:22,(anonymous_1)
FN:25,(anonymous_2)
FN:29,(anonymous_3)
FN:33,(anonymous_4)
FN:35,(anonymous_5)
FN:35,(anonymous_6)
FN:38,(anonymous_7)
FN:39,(anonymous_8)
FN:40,(anonymous_9)
FN:47,(anonymous_10)
FNF:11
FNH:11
FNDA:8,(anonymous_0)
FNDA:25,(anonymous_1)
FNDA:5,(anonymous_2)
FNDA:6,(anonymous_3)
FNDA:2,(anonymous_4)
FNDA:4,(anonymous_5)
FNDA:1,(anonymous_6)
FNDA:2,(anonymous_7)
FNDA:3,(anonymous_8)
FNDA:3,(anonymous_9)
FNDA:3,(anonymous_10)
DA:4,2
DA:12,2
DA:20,8
DA:21,7
DA:22,25
DA:27,5
DA:29,6
DA:35,4
DA:39,3
DA:40,3
DA:41,2
DA:42,1
DA:44,1
DA:48,3
DA:49,2
DA:50,1
LF:16
LH:16
BRDA:20,0,0,1
BRDA:20,0,1,7
BRDA:20,1,0,8
BRDA:20,1,1,7
BRDA:28,2,0,5
BRDA:28,2,1,3
BRDA:41,3,0,1
BRDA:41,3,1,1
BRDA:41,4,0,2
BRDA:41,4,1,1
BRDA:48,5,0,1
BRDA:48,5,1,2
BRDA:49,6,0,1
BRDA:49,6,1,1
BRF:14
BRH:14
end_of_record
TN:
SF:lib/games/types.ts
FNF:0
FNH:0
LF:0
LH:0
BRF:0
BRH:0
end_of_record
TN:
SF:lib/games/uno.ts
FN:11,(anonymous_0)
FN:19,(anonymous_1)
FN:23,(anonymous_2)
FN:29,(anonymous_3)
FN:34,(anonymous_4)
FN:39,(anonymous_5)
FN:43,(anonymous_6)
FN:45,(anonymous_7)
FN:45,(anonymous_8)
FN:48,(anonymous_9)
FN:49,(anonymous_10)
FN:56,(anonymous_11)
FNF:12
FNH:0
FNDA:0,(anonymous_0)
FNDA:0,(anonymous_1)
FNDA:0,(anonymous_2)
FNDA:0,(anonymous_3)
FNDA:0,(anonymous_4)
FNDA:0,(anonymous_5)
FNDA:0,(anonymous_6)
FNDA:0,(anonymous_7)
FNDA:0,(anonymous_8)
FNDA:0,(anonymous_9)
FNDA:0,(anonymous_10)
FNDA:0,(anonymous_11)
DA:4,1
DA:12,0
DA:13,0
DA:15,0
DA:20,0
DA:23,0
DA:29,0
DA:36,0
DA:39,0
DA:45,0
DA:49,0
DA:50,0
DA:51,0
DA:53,0
DA:57,0
LF:15
LH:1
BRDA:12,0,0,0
BRDA:12,0,1,0
BRDA:12,1,0,0
BRDA:12,1,1,0
BRDA:16,2,0,0
BRDA:16,2,1,0
BRDA:16,2,2,0
BRDA:16,2,3,0
BRDA:16,2,4,0
BRDA:16,2,5,0
BRDA:16,2,6,0
BRDA:16,2,7,0
BRDA:20,3,0,0
BRDA:20,3,1,0
BRDA:20,3,2,0
BRDA:20,3,3,0
BRDA:20,3,4,0
BRDA:37,4,0,0
BRDA:37,4,1,0
BRDA:37,4,2,0
BRDA:50,5,0,0
BRDA:50,5,1,0
BRDA:50,6,0,0
BRDA:50,6,1,0
BRF:24
BRH:0
end_of_record
TN:
SF:lib/utils/logger.ts
FN:23,(anonymous_0)
FN:33,(anonymous_1)
FN:42,(anonymous_2)
FN:51,(anonymous_3)
FN:68,(anonymous_4)
FN:90,(anonymous_5)
FNF:6
FNH:6
FNDA:10,(anonymous_0)
FNDA:4,(anonymous_1)
FNDA:2,(anonymous_2)
FNDA:2,(anonymous_3)
FNDA:2,(anonymous_4)
FNDA:2,(anonymous_5)
DA:21,2
DA:24,10
DA:25,10
DA:26,10
DA:27,10
DA:34,4
DA:35,4
DA:43,2
DA:44,2
DA:52,2
DA:53,2
DA:57,2
DA:58,0
DA:59,0
DA:60,0
DA:69,2
DA:73,2
DA:74,2
DA:78,2
DA:79,0
DA:80,0
DA:82,0
DA:91,2
DA:92,2
DA:98,2
LF:25
LH:19
BRDA:26,0,0,6
BRDA:26,0,1,4
BRDA:34,1,0,4
BRDA:34,1,1,0
BRDA:43,2,0,2
BRDA:43,2,1,0
BRDA:52,3,0,2
BRDA:52,3,1,0
BRDA:57,4,0,0
BRDA:57,4,1,2
BRDA:59,5,0,0
BRDA:59,5,1,0
BRDA:69,6,0,1
BRDA:69,6,1,1
BRDA:73,7,0,2
BRDA:73,7,1,0
BRDA:78,8,0,0
BRDA:78,8,1,2
BRDA:79,9,0,0
BRDA:79,9,1,0
BRDA:91,10,0,2
BRDA:91,10,1,0
BRF:22
BRH:11
end_of_record
TN:
SF:lib/utils/sentry.ts
FN:14,initializeSentry
FN:41,captureException
FN:53,captureMessage
FN:65,setUser
FN:74,addBreadcrumb
FN:90,setContext
FN:100,setTag
FN:109,startSpan
FNF:8
FNH:0
FNDA:0,initializeSentry
FNDA:0,captureException
FNDA:0,captureMessage
FNDA:0,setUser
FNDA:0,addBreadcrumb
FNDA:0,setContext
FNDA:0,setTag
FNDA:0,startSpan
DA:15,0
DA:17,0
DA:20,0
DA:23,0
DA:45,0
DA:57,0
DA:68,0
DA:79,0
DA:94,0
DA:101,0
DA:114,0
LF:11
LH:0
BRDA:17,0,0,0
BRDA:17,0,1,0
BRDA:32,1,0,0
BRDA:32,1,1,0
BRDA:46,2,0,0
BRDA:46,2,1,0
BRDA:55,3,0,0
BRDA:76,4,0,0
BRF:8
BRH:0
end_of_record
